
--- 2026-04-27T09:08:44.376Z debug
🪵  Writing logs to "/home/sora81dev/.config/.wrangler/logs/wrangler-2026-04-27_09-08-44_213.log"
---

--- 2026-04-27T09:08:44.376Z debug
.env file not found at "/home/sora81dev/kosen/test-notice/test-notice-web/.env". Continuing... For more details, refer to https://developers.cloudflare.com/workers/wrangler/system-environment-variables/
---

--- 2026-04-27T09:08:44.377Z debug
.env file not found at "/home/sora81dev/kosen/test-notice/test-notice-web/.env.local". Continuing... For more details, refer to https://developers.cloudflare.com/workers/wrangler/system-environment-variables/
---

--- 2026-04-27T09:08:44.384Z log

 ⛅️ wrangler 4.61.1 (update available 4.85.0)
─────────────────────────────────────────────
---

--- 2026-04-27T09:08:44.386Z debug
Metrics dispatcher: Posting data {"deviceId":"20b5732c-5bd8-49f2-9822-765f219bb4d8","event":"wrangler command started","timestamp":1777280924386,"properties":{"amplitude_session_id":1777280924385,"amplitude_event_id":0,"wranglerVersion":"4.61.1","wranglerMajorVersion":4,"wranglerMinorVersion":61,"wranglerPatchVersion":1,"osPlatform":"Linux","osVersion":"#1 SMP PREEMPT_DYNAMIC Thu Jun  5 18:30:46 UTC 2025","nodeVersion":24,"packageManager":"npm","isFirstUsage":false,"configFileType":"none","isCI":false,"isPagesCI":false,"isWorkersCI":false,"isInteractive":true,"hasAssets":false,"argsUsed":[],"argsCombination":"","agent":null,"sanitizedCommand":"pages dev","sanitizedArgs":{}}}
---

--- 2026-04-27T09:08:44.449Z warn
▲ [WARNING] Specifying a `-- <command>` or `--proxy` is deprecated and will be removed in a future version of Wrangler.

  Build your application to a directory and run the `wrangler pages dev <directory>` instead.
  This results in a more faithful emulation of production behavior.


---

--- 2026-04-27T09:08:44.449Z log
Running npm run vite-dev...
---

--- 2026-04-27T09:08:44.453Z log
Sleeping 5 seconds to allow proxy process to start before attempting to automatically determine port...
---

--- 2026-04-27T09:08:44.453Z log
To skip, specify the proxy port with --proxy.
---

--- 2026-04-27T09:08:44.540Z log
[proxy]: 
> test-notice-web@0.0.0 vite-dev
> vite


---

--- 2026-04-27T09:08:44.800Z log
[proxy]: 
  VITE v7.3.1  ready in 234 ms


---

--- 2026-04-27T09:08:44.800Z log
[proxy]:   ➜  Local:   http://localhost:5173/
  ➜  Network: use --host to expose

---

--- 2026-04-27T09:08:52.156Z log
[proxy]: 6:08:52 PM [vite] (client) hmr update /src/pages/Home.tsx, /src/index.css

---

--- 2026-04-27T09:08:52.465Z log
Automatically determined the proxy port to be 5173.
---

--- 2026-04-27T09:08:52.467Z debug
Compiling worker to "/home/sora81dev/kosen/test-notice/test-notice-web/.wrangler/tmp/pages-BVkufg/functionsWorker-0.7120101735429356.mjs"...
---

--- 2026-04-27T09:08:52.510Z log
✨ Compiled Worker successfully
---

--- 2026-04-27T09:08:52.511Z debug
Metrics dispatcher: Posting data {"deviceId":"20b5732c-5bd8-49f2-9822-765f219bb4d8","event":"build pages functions","timestamp":1777280932511,"properties":{"category":"Workers","wranglerVersion":"4.61.1","wranglerMajorVersion":4,"wranglerMinorVersion":61,"wranglerPatchVersion":1,"os":"linux:x64","agent":null}}
---

--- 2026-04-27T09:08:52.515Z debug
setting config
---

--- 2026-04-27T09:08:52.515Z debug
Updating config... undefined undefined
---

--- 2026-04-27T09:08:52.524Z debug
local dev variables file not found at ".dev.vars". Continuing... For more details, refer to https://developers.cloudflare.com/workers/wrangler/system-environment-variables/
---

--- 2026-04-27T09:08:52.524Z debug
.env file not found at "/home/sora81dev/kosen/test-notice/test-notice-web/.env". Continuing... For more details, refer to https://developers.cloudflare.com/workers/wrangler/system-environment-variables/
---

--- 2026-04-27T09:08:52.524Z debug
.env file not found at "/home/sora81dev/kosen/test-notice/test-notice-web/.env.local". Continuing... For more details, refer to https://developers.cloudflare.com/workers/wrangler/system-environment-variables/
---

--- 2026-04-27T09:08:52.539Z debug
Metrics dispatcher: Posting data {"deviceId":"20b5732c-5bd8-49f2-9822-765f219bb4d8","event":"run pages dev","timestamp":1777280932539,"properties":{"category":"Workers","wranglerVersion":"4.61.1","wranglerMajorVersion":4,"wranglerMinorVersion":61,"wranglerPatchVersion":1,"os":"linux:x64","agent":null}}
---

--- 2026-04-27T09:08:52.601Z debug
RemoteRuntimeController teardown beginning...
---

--- 2026-04-27T09:08:52.602Z debug
RemoteRuntimeController teardown complete
---

--- 2026-04-27T09:08:52.608Z log
⎔ Starting local server...
---

--- 2026-04-27T09:08:52.647Z debug
[InspectorProxyWorker] handleProxyControllerIncomingMessage {"type":"reloadStart"}
---

--- 2026-04-27T09:08:52.915Z debug
[InspectorProxyWorker] handleProxyControllerIncomingMessage {"type":"reloadComplete","proxyData":{"userWorkerUrl":{"protocol":"http:","hostname":"127.0.0.1","port":"37681"},"userWorkerInspectorUrl":{"protocol":"ws:","hostname":"127.0.0.1","port":"41087","pathname":"/core:user:test-notice-web"},"userWorkerInnerUrlOverrides":{"protocol":"http:"},"headers":{"MF-Proxy-Shared-Secret":"e3afc9a7-5ef2-46a5-ae6d-65ac747869d1"},"liveReload":false,"proxyLogsToController":false}}
---

--- 2026-04-27T09:08:52.915Z debug
[InspectorProxyWorker] reconnectRuntimeWebSocket
---

--- 2026-04-27T09:08:52.916Z debug
[InspectorProxyWorker] NEW RUNTIME WEBSOCKET http://127.0.0.1:41087/core:user:test-notice-web
---

--- 2026-04-27T09:08:52.917Z debug
[InspectorProxyWorker] SEND TO DEVTOOLS {"method":"Runtime.executionContextsCleared"}
---

--- 2026-04-27T09:08:52.918Z debug
[InspectorProxyWorker] RUNTIME WEBSOCKET OPENED
---

--- 2026-04-27T09:08:52.918Z debug
[InspectorProxyWorker] SEND TO RUNTIME {"method":"Runtime.enable","id":100000001}
---

--- 2026-04-27T09:08:52.919Z debug
[InspectorProxyWorker] SEND TO RUNTIME {"method":"Debugger.enable","id":100000002}
---

--- 2026-04-27T09:08:52.919Z debug
[InspectorProxyWorker] RUNTIME INCOMING MESSAGE {
  method: 'Runtime.executionContextCreated',
  params: {
    context: {
      id: 201433953,
      origin: '',
      name: 'Worker',
      uniqueId: '-6898240077250416351.4564417772692954436'
    }
  }
}
---

--- 2026-04-27T09:08:52.921Z debug
[InspectorProxyWorker] RUNTIME INCOMING MESSAGE { id: 100000001, result: {} }
---

--- 2026-04-27T09:08:52.922Z debug
[InspectorProxyWorker] RUNTIME INCOMING MESSAGE {
  method: 'Debugger.scriptParsed',
  params: {
    scriptId: '3',
    url: 'file:///home/sora81dev/kosen/test-notice/test-notice-web/.wrangler/tmp/dev-SOX80B/functionsWorker-0.7120101735429356.js',
    startLine: 0,
    startColumn: 0,
    endLine: 929,
    endColumn: 133,
    executionContextId: 201433953,
    hash: '69a59a3da3e12384dff0679e1a3e0f8062162287d96ce0ed8c5a427b2e44078d',
    buildId: '',
    isLiveEdit: false,
    sourceMapURL: 'functionsWorker-0.7120101735429356.js.map',
    hasSourceURL: true,
    isModule: true,
    length: 30349,
    scriptLanguage: 'JavaScript',
    embedderName: 'functionsWorker-0.7120101735429356.js'
  }
}
---

--- 2026-04-27T09:08:52.922Z debug
[InspectorProxyWorker] SEND TO RUNTIME {"method":"Network.enable","id":100000003}
---

--- 2026-04-27T09:08:52.923Z debug
[InspectorProxyWorker] RUNTIME INCOMING MESSAGE {
  id: 100000002,
  result: { debuggerId: '8658766925755766601.-7703520414049973375' }
}
---

--- 2026-04-27T09:08:52.924Z debug
[InspectorProxyWorker] RUNTIME INCOMING MESSAGE { id: 100000003, method: 'Network.enable', result: {} }
---

--- 2026-04-27T09:08:55.140Z log
[proxy]: 6:08:55 PM [vite] (client) hmr update /src/pages/Home.tsx, /src/index.css

---

--- 2026-04-27T09:08:59.499Z log
[proxy]: 6:08:59 PM [vite] (client) hmr update /src/pages/Home.tsx, /src/index.css

---

--- 2026-04-27T09:09:02.923Z debug
[InspectorProxyWorker] SEND TO RUNTIME {"method":"Runtime.getIsolateId","id":100000004}
---

--- 2026-04-27T09:09:02.925Z debug
[InspectorProxyWorker] RUNTIME INCOMING MESSAGE { id: 100000004, result: { id: 'd2684314f41869c3' } }
---

--- 2026-04-27T09:09:06.981Z debug
DevEnv teardown beginning...
---

--- 2026-04-27T09:09:06.981Z debug
ConfigController teardown beginning...
---

--- 2026-04-27T09:09:06.981Z debug
BundlerController teardown beginning...
---

--- 2026-04-27T09:09:06.985Z debug
LocalRuntimeController teardown beginning...
---

--- 2026-04-27T09:09:06.985Z log
⎔ Shutting down local server...
---

--- 2026-04-27T09:09:06.986Z debug
RemoteRuntimeController teardown beginning...
---

--- 2026-04-27T09:09:06.986Z debug
RemoteRuntimeController teardown complete
---

--- 2026-04-27T09:09:06.986Z debug
ProxyController teardown beginning...
---

--- 2026-04-27T09:09:06.986Z debug
ConfigController teardown complete
---

--- 2026-04-27T09:09:06.996Z debug
LocalRuntimeController teardown complete
---

--- 2026-04-27T09:09:06.996Z debug
ProxyController teardown complete
---
