
--- 2026-04-27T09:11:28.449Z debug
🪵  Writing logs to "/home/sora81dev/.config/.wrangler/logs/wrangler-2026-04-27_09-11-28_266.log"
---

--- 2026-04-27T09:11:28.449Z debug
.env file not found at "/home/sora81dev/kosen/test-notice/test-notice-web/.env". Continuing... For more details, refer to https://developers.cloudflare.com/workers/wrangler/system-environment-variables/
---

--- 2026-04-27T09:11:28.450Z debug
.env file not found at "/home/sora81dev/kosen/test-notice/test-notice-web/.env.local". Continuing... For more details, refer to https://developers.cloudflare.com/workers/wrangler/system-environment-variables/
---

--- 2026-04-27T09:11:28.458Z log

 ⛅️ wrangler 4.61.1 (update available 4.85.0)
─────────────────────────────────────────────
---

--- 2026-04-27T09:11:28.460Z debug
Metrics dispatcher: Posting data {"deviceId":"20b5732c-5bd8-49f2-9822-765f219bb4d8","event":"wrangler command started","timestamp":1777281088460,"properties":{"amplitude_session_id":1777281088459,"amplitude_event_id":0,"wranglerVersion":"4.61.1","wranglerMajorVersion":4,"wranglerMinorVersion":61,"wranglerPatchVersion":1,"osPlatform":"Linux","osVersion":"#1 SMP PREEMPT_DYNAMIC Thu Jun  5 18:30:46 UTC 2025","nodeVersion":24,"packageManager":"npm","isFirstUsage":false,"configFileType":"none","isCI":false,"isPagesCI":false,"isWorkersCI":false,"isInteractive":true,"hasAssets":false,"argsUsed":[],"argsCombination":"","agent":null,"sanitizedCommand":"pages dev","sanitizedArgs":{}}}
---

--- 2026-04-27T09:11:28.547Z warn
▲ [WARNING] Specifying a `-- <command>` or `--proxy` is deprecated and will be removed in a future version of Wrangler.

  Build your application to a directory and run the `wrangler pages dev <directory>` instead.
  This results in a more faithful emulation of production behavior.


---

--- 2026-04-27T09:11:28.548Z log
Running npm run vite-dev...
---

--- 2026-04-27T09:11:28.551Z log
Sleeping 5 seconds to allow proxy process to start before attempting to automatically determine port...
---

--- 2026-04-27T09:11:28.551Z log
To skip, specify the proxy port with --proxy.
---

--- 2026-04-27T09:11:28.649Z log
[proxy]: 
> test-notice-web@0.0.0 vite-dev
> vite


---

--- 2026-04-27T09:11:28.982Z log
[proxy]: 
  VITE v7.3.1  ready in 305 ms


---

--- 2026-04-27T09:11:28.983Z log
[proxy]:   ➜  Local:   http://localhost:5173/
  ➜  Network: use --host to expose

---

--- 2026-04-27T09:11:33.672Z log
Automatically determined the proxy port to be 5173.
---

--- 2026-04-27T09:11:33.674Z debug
Compiling worker to "/home/sora81dev/kosen/test-notice/test-notice-web/.wrangler/tmp/pages-eF0Q2x/functionsWorker-0.8109826685226966.mjs"...
---

--- 2026-04-27T09:11:33.724Z log
✨ Compiled Worker successfully
---

--- 2026-04-27T09:11:33.725Z debug
Metrics dispatcher: Posting data {"deviceId":"20b5732c-5bd8-49f2-9822-765f219bb4d8","event":"build pages functions","timestamp":1777281093725,"properties":{"category":"Workers","wranglerVersion":"4.61.1","wranglerMajorVersion":4,"wranglerMinorVersion":61,"wranglerPatchVersion":1,"os":"linux:x64","agent":null}}
---

--- 2026-04-27T09:11:33.729Z debug
setting config
---

--- 2026-04-27T09:11:33.729Z debug
Updating config... undefined undefined
---

--- 2026-04-27T09:11:33.735Z debug
local dev variables file not found at ".dev.vars". Continuing... For more details, refer to https://developers.cloudflare.com/workers/wrangler/system-environment-variables/
---

--- 2026-04-27T09:11:33.735Z debug
.env file not found at "/home/sora81dev/kosen/test-notice/test-notice-web/.env". Continuing... For more details, refer to https://developers.cloudflare.com/workers/wrangler/system-environment-variables/
---

--- 2026-04-27T09:11:33.735Z debug
.env file not found at "/home/sora81dev/kosen/test-notice/test-notice-web/.env.local". Continuing... For more details, refer to https://developers.cloudflare.com/workers/wrangler/system-environment-variables/
---

--- 2026-04-27T09:11:33.750Z debug
Metrics dispatcher: Posting data {"deviceId":"20b5732c-5bd8-49f2-9822-765f219bb4d8","event":"run pages dev","timestamp":1777281093750,"properties":{"category":"Workers","wranglerVersion":"4.61.1","wranglerMajorVersion":4,"wranglerMinorVersion":61,"wranglerPatchVersion":1,"os":"linux:x64","agent":null}}
---

--- 2026-04-27T09:11:33.803Z debug
RemoteRuntimeController teardown beginning...
---

--- 2026-04-27T09:11:33.803Z debug
RemoteRuntimeController teardown complete
---

--- 2026-04-27T09:11:33.809Z log
⎔ Starting local server...
---

--- 2026-04-27T09:11:33.944Z debug
[InspectorProxyWorker] handleProxyControllerIncomingMessage {"type":"reloadStart"}
---

--- 2026-04-27T09:11:34.110Z debug
[InspectorProxyWorker] handleProxyControllerIncomingMessage {"type":"reloadComplete","proxyData":{"userWorkerUrl":{"protocol":"http:","hostname":"127.0.0.1","port":"38091"},"userWorkerInspectorUrl":{"protocol":"ws:","hostname":"127.0.0.1","port":"45421","pathname":"/core:user:test-notice-web"},"userWorkerInnerUrlOverrides":{"protocol":"http:"},"headers":{"MF-Proxy-Shared-Secret":"3f5e991f-a32e-4df5-af5b-f32490f17e13"},"liveReload":false,"proxyLogsToController":false}}
---

--- 2026-04-27T09:11:34.111Z debug
[InspectorProxyWorker] reconnectRuntimeWebSocket
---

--- 2026-04-27T09:11:34.113Z debug
[InspectorProxyWorker] NEW RUNTIME WEBSOCKET http://127.0.0.1:45421/core:user:test-notice-web
---

--- 2026-04-27T09:11:34.114Z debug
[InspectorProxyWorker] SEND TO DEVTOOLS {"method":"Runtime.executionContextsCleared"}
---

--- 2026-04-27T09:11:34.115Z debug
[InspectorProxyWorker] RUNTIME WEBSOCKET OPENED
---

--- 2026-04-27T09:11:34.117Z debug
[InspectorProxyWorker] RUNTIME INCOMING MESSAGE {
  method: 'Runtime.executionContextCreated',
  params: {
    context: {
      id: 186967361,
      origin: '',
      name: 'Worker',
      uniqueId: '-7268676149027937843.-7844558089057856931'
    }
  }
}
---

--- 2026-04-27T09:11:34.118Z debug
[InspectorProxyWorker] RUNTIME INCOMING MESSAGE { id: 100000001, result: {} }
---

--- 2026-04-27T09:11:34.119Z debug
[InspectorProxyWorker] RUNTIME INCOMING MESSAGE {
  method: 'Debugger.scriptParsed',
  params: {
    scriptId: '3',
    url: 'file:///home/sora81dev/kosen/test-notice/test-notice-web/.wrangler/tmp/dev-ejGfmq/functionsWorker-0.8109826685226966.js',
    startLine: 0,
    startColumn: 0,
    endLine: 929,
    endColumn: 133,
    executionContextId: 186967361,
    hash: '5e67c245bee0d3e0c49232b48ca6f77df4c6905fcf18b1aaa0466d0ba5ba0a51',
    buildId: '',
    isLiveEdit: false,
    sourceMapURL: 'functionsWorker-0.8109826685226966.js.map',
    hasSourceURL: true,
    isModule: true,
    length: 30349,
    scriptLanguage: 'JavaScript',
    embedderName: 'functionsWorker-0.8109826685226966.js'
  }
}
---

--- 2026-04-27T09:11:34.120Z debug
[InspectorProxyWorker] SEND TO RUNTIME {"method":"Runtime.enable","id":100000001}
---

--- 2026-04-27T09:11:34.121Z debug
[InspectorProxyWorker] SEND TO RUNTIME {"method":"Debugger.enable","id":100000002}
---

--- 2026-04-27T09:11:34.121Z debug
[InspectorProxyWorker] SEND TO RUNTIME {"method":"Network.enable","id":100000003}
---

--- 2026-04-27T09:11:34.122Z debug
[InspectorProxyWorker] RUNTIME INCOMING MESSAGE {
  id: 100000002,
  result: { debuggerId: '-1625348597608405913.-7712921168984809816' }
}
---

--- 2026-04-27T09:11:34.123Z debug
[InspectorProxyWorker] RUNTIME INCOMING MESSAGE { id: 100000003, method: 'Network.enable', result: {} }
---

--- 2026-04-27T09:11:46.602Z debug
[InspectorProxyWorker] SEND TO RUNTIME {"method":"Runtime.getIsolateId","id":100000004}
---

--- 2026-04-27T09:11:46.603Z debug
[InspectorProxyWorker] RUNTIME INCOMING MESSAGE { id: 100000004, result: { id: '28707fa7cf320024' } }
---

--- 2026-04-27T09:11:50.283Z log
[proxy]: 6:11:50 PM [vite] (client) hmr update /src/pages/Home.tsx, /src/index.css

---

--- 2026-04-27T09:11:54.115Z debug
[InspectorProxyWorker] SEND TO RUNTIME {"method":"Runtime.getIsolateId","id":100000005}
---

--- 2026-04-27T09:11:54.117Z debug
[InspectorProxyWorker] RUNTIME INCOMING MESSAGE { id: 100000005, result: { id: '28707fa7cf320024' } }
---

--- 2026-04-27T09:11:54.905Z log
[proxy]: 6:11:54 PM [vite] (client) hmr update /src/pages/Home.tsx, /src/index.css

---

--- 2026-04-27T09:12:04.117Z debug
[InspectorProxyWorker] SEND TO RUNTIME {"method":"Runtime.getIsolateId","id":100000006}
---

--- 2026-04-27T09:12:04.121Z debug
[InspectorProxyWorker] RUNTIME INCOMING MESSAGE { id: 100000006, result: { id: '28707fa7cf320024' } }
---

--- 2026-04-27T09:12:14.117Z debug
[InspectorProxyWorker] SEND TO RUNTIME {"method":"Runtime.getIsolateId","id":100000007}
---

--- 2026-04-27T09:12:14.118Z debug
[InspectorProxyWorker] RUNTIME INCOMING MESSAGE { id: 100000007, result: { id: '28707fa7cf320024' } }
---

--- 2026-04-27T09:12:14.163Z log
[proxy]: 6:12:14 PM [vite] (client) hmr update /src/pages/Home.tsx, /src/index.css

---

--- 2026-04-27T09:12:23.118Z log
[proxy]: 6:12:23 PM [vite] (client) hmr update /src/pages/Home.tsx, /src/index.css

---

--- 2026-04-27T09:12:27.034Z debug
[InspectorProxyWorker] SEND TO RUNTIME {"method":"Runtime.getIsolateId","id":100000008}
---

--- 2026-04-27T09:12:27.034Z debug
[InspectorProxyWorker] RUNTIME INCOMING MESSAGE { id: 100000008, result: { id: '28707fa7cf320024' } }
---

--- 2026-04-27T09:12:28.889Z log
[proxy]: 6:12:28 PM [vite] (client) hmr update /src/pages/Home.tsx, /src/index.css

---

--- 2026-04-27T09:12:31.176Z log
[proxy]: 6:12:31 PM [vite] (client) hmr update /src/pages/Home.tsx, /src/index.css

---

--- 2026-04-27T09:12:34.114Z debug
[InspectorProxyWorker] SEND TO RUNTIME {"method":"Runtime.getIsolateId","id":100000009}
---

--- 2026-04-27T09:12:34.115Z debug
[InspectorProxyWorker] RUNTIME INCOMING MESSAGE { id: 100000009, result: { id: '28707fa7cf320024' } }
---

--- 2026-04-27T09:12:38.496Z log
[proxy]: 6:12:38 PM [vite] (client) hmr update /src/pages/Home.tsx, /src/index.css

---

--- 2026-04-27T09:12:43.174Z log
[proxy]: 6:12:43 PM [vite] (client) hmr update /src/pages/Home.tsx, /src/index.css

---

--- 2026-04-27T09:12:44.118Z debug
[InspectorProxyWorker] SEND TO RUNTIME {"method":"Runtime.getIsolateId","id":100000010}
---

--- 2026-04-27T09:12:44.119Z debug
[InspectorProxyWorker] RUNTIME INCOMING MESSAGE { id: 100000010, result: { id: '28707fa7cf320024' } }
---

--- 2026-04-27T09:12:48.981Z log
[proxy]: 6:12:48 PM [vite] (client) hmr update /src/pages/Home.tsx, /src/index.css

---

--- 2026-04-27T09:12:56.680Z debug
[InspectorProxyWorker] SEND TO RUNTIME {"method":"Runtime.getIsolateId","id":100000011}
---

--- 2026-04-27T09:12:56.682Z debug
[InspectorProxyWorker] RUNTIME INCOMING MESSAGE { id: 100000011, result: { id: '28707fa7cf320024' } }
---

--- 2026-04-27T09:12:58.340Z log
[proxy]: 6:12:58 PM [vite] (client) hmr update /src/pages/Home.tsx, /src/index.css

---

--- 2026-04-27T09:13:00.562Z log
[proxy]: 6:13:00 PM [vite] (client) hmr update /src/pages/Home.tsx, /src/index.css

---

--- 2026-04-27T09:13:04.115Z debug
[InspectorProxyWorker] SEND TO RUNTIME {"method":"Runtime.getIsolateId","id":100000012}
---

--- 2026-04-27T09:13:04.116Z debug
[InspectorProxyWorker] RUNTIME INCOMING MESSAGE { id: 100000012, result: { id: '28707fa7cf320024' } }
---

--- 2026-04-27T09:13:06.338Z log
[proxy]: 6:13:06 PM [vite] (client) hmr update /src/pages/Home.tsx, /src/index.css

---

--- 2026-04-27T09:13:09.621Z log
[proxy]: 6:13:09 PM [vite] (client) hmr update /src/pages/Home.tsx, /src/index.css

---

--- 2026-04-27T09:13:14.113Z debug
[InspectorProxyWorker] SEND TO RUNTIME {"method":"Runtime.getIsolateId","id":100000013}
---

--- 2026-04-27T09:13:14.115Z debug
[InspectorProxyWorker] RUNTIME INCOMING MESSAGE { id: 100000013, result: { id: '28707fa7cf320024' } }
---

--- 2026-04-27T09:13:16.313Z log
[proxy]: 6:13:16 PM [vite] (client) hmr update /src/pages/Home.tsx, /src/index.css

---

--- 2026-04-27T09:13:18.066Z log
[proxy]: 6:13:18 PM [vite] (client) hmr update /src/pages/Home.tsx, /src/index.css

---

--- 2026-04-27T09:13:23.954Z log
[proxy]: 6:13:23 PM [vite] (client) hmr update /src/pages/Home.tsx, /src/index.css

---

--- 2026-04-27T09:13:24.118Z debug
[InspectorProxyWorker] SEND TO RUNTIME {"method":"Runtime.getIsolateId","id":100000014}
---

--- 2026-04-27T09:13:24.119Z debug
[InspectorProxyWorker] RUNTIME INCOMING MESSAGE { id: 100000014, result: { id: '28707fa7cf320024' } }
---

--- 2026-04-27T09:13:25.992Z log
[proxy]: 6:13:25 PM [vite] (client) hmr update /src/pages/Home.tsx, /src/index.css

---

--- 2026-04-27T09:13:27.667Z log
[proxy]: 6:13:27 PM [vite] (client) hmr update /src/pages/Home.tsx, /src/index.css

---

--- 2026-04-27T09:13:33.892Z debug
DevEnv teardown beginning...
---

--- 2026-04-27T09:13:33.892Z debug
ConfigController teardown beginning...
---

--- 2026-04-27T09:13:33.892Z debug
BundlerController teardown beginning...
---

--- 2026-04-27T09:13:33.894Z debug
LocalRuntimeController teardown beginning...
---

--- 2026-04-27T09:13:33.894Z log
⎔ Shutting down local server...
---

--- 2026-04-27T09:13:33.894Z debug
RemoteRuntimeController teardown beginning...
---

--- 2026-04-27T09:13:33.894Z debug
RemoteRuntimeController teardown complete
---

--- 2026-04-27T09:13:33.894Z debug
ProxyController teardown beginning...
---

--- 2026-04-27T09:13:33.894Z debug
ConfigController teardown complete
---

--- 2026-04-27T09:13:33.909Z debug
LocalRuntimeController teardown complete
---

--- 2026-04-27T09:13:33.909Z debug
ProxyController teardown complete
---
