
--- 2026-04-27T09:41:04.055Z debug
🪵  Writing logs to "/home/sora81dev/.config/.wrangler/logs/wrangler-2026-04-27_09-41-03_946.log"
---

--- 2026-04-27T09:41:04.055Z debug
.env file not found at "/home/sora81dev/kosen/test-notice/test-notice-web/.env". Continuing... For more details, refer to https://developers.cloudflare.com/workers/wrangler/system-environment-variables/
---

--- 2026-04-27T09:41:04.055Z debug
.env file not found at "/home/sora81dev/kosen/test-notice/test-notice-web/.env.local". Continuing... For more details, refer to https://developers.cloudflare.com/workers/wrangler/system-environment-variables/
---

--- 2026-04-27T09:41:04.060Z log

 ⛅️ wrangler 4.61.1 (update available 4.85.0)
─────────────────────────────────────────────
---

--- 2026-04-27T09:41:04.062Z debug
Metrics dispatcher: Posting data {"deviceId":"20b5732c-5bd8-49f2-9822-765f219bb4d8","event":"wrangler command started","timestamp":1777282864062,"properties":{"amplitude_session_id":1777282864061,"amplitude_event_id":0,"wranglerVersion":"4.61.1","wranglerMajorVersion":4,"wranglerMinorVersion":61,"wranglerPatchVersion":1,"osPlatform":"Linux","osVersion":"#1 SMP PREEMPT_DYNAMIC Thu Jun  5 18:30:46 UTC 2025","nodeVersion":24,"packageManager":"npm","isFirstUsage":false,"configFileType":"none","isCI":false,"isPagesCI":false,"isWorkersCI":false,"isInteractive":true,"hasAssets":false,"argsUsed":[],"argsCombination":"","agent":null,"sanitizedCommand":"pages dev","sanitizedArgs":{}}}
---

--- 2026-04-27T09:41:04.125Z warn
▲ [WARNING] Specifying a `-- <command>` or `--proxy` is deprecated and will be removed in a future version of Wrangler.

  Build your application to a directory and run the `wrangler pages dev <directory>` instead.
  This results in a more faithful emulation of production behavior.


---

--- 2026-04-27T09:41:04.125Z log
Running npm run vite-dev...
---

--- 2026-04-27T09:41:04.128Z log
Sleeping 5 seconds to allow proxy process to start before attempting to automatically determine port...
---

--- 2026-04-27T09:41:04.128Z log
To skip, specify the proxy port with --proxy.
---

--- 2026-04-27T09:41:04.199Z log
[proxy]: 
> test-notice-web@0.0.0 vite-dev
> vite


---

--- 2026-04-27T09:41:04.469Z log
[proxy]: 6:41:04 PM [vite] (client) Re-optimizing dependencies because lockfile has changed

---

--- 2026-04-27T09:41:04.480Z log
[proxy]: 
  VITE v7.3.1  ready in 256 ms


---

--- 2026-04-27T09:41:04.480Z log
[proxy]:   ➜  Local:   http://localhost:5173/
  ➜  Network: use --host to expose

---

--- 2026-04-27T09:41:09.218Z log
Automatically determined the proxy port to be 5173.
---

--- 2026-04-27T09:41:09.220Z debug
Compiling worker to "/home/sora81dev/kosen/test-notice/test-notice-web/.wrangler/tmp/pages-jRMjjW/functionsWorker-0.580436354948314.mjs"...
---

--- 2026-04-27T09:41:09.252Z log
✨ Compiled Worker successfully
---

--- 2026-04-27T09:41:09.253Z debug
Metrics dispatcher: Posting data {"deviceId":"20b5732c-5bd8-49f2-9822-765f219bb4d8","event":"build pages functions","timestamp":1777282869253,"properties":{"category":"Workers","wranglerVersion":"4.61.1","wranglerMajorVersion":4,"wranglerMinorVersion":61,"wranglerPatchVersion":1,"os":"linux:x64","agent":null}}
---

--- 2026-04-27T09:41:09.256Z debug
setting config
---

--- 2026-04-27T09:41:09.256Z debug
Updating config... undefined undefined
---

--- 2026-04-27T09:41:09.261Z debug
local dev variables file not found at ".dev.vars". Continuing... For more details, refer to https://developers.cloudflare.com/workers/wrangler/system-environment-variables/
---

--- 2026-04-27T09:41:09.261Z debug
.env file not found at "/home/sora81dev/kosen/test-notice/test-notice-web/.env". Continuing... For more details, refer to https://developers.cloudflare.com/workers/wrangler/system-environment-variables/
---

--- 2026-04-27T09:41:09.261Z debug
.env file not found at "/home/sora81dev/kosen/test-notice/test-notice-web/.env.local". Continuing... For more details, refer to https://developers.cloudflare.com/workers/wrangler/system-environment-variables/
---

--- 2026-04-27T09:41:09.271Z debug
Metrics dispatcher: Posting data {"deviceId":"20b5732c-5bd8-49f2-9822-765f219bb4d8","event":"run pages dev","timestamp":1777282869271,"properties":{"category":"Workers","wranglerVersion":"4.61.1","wranglerMajorVersion":4,"wranglerMinorVersion":61,"wranglerPatchVersion":1,"os":"linux:x64","agent":null}}
---

--- 2026-04-27T09:41:09.314Z debug
RemoteRuntimeController teardown beginning...
---

--- 2026-04-27T09:41:09.314Z debug
RemoteRuntimeController teardown complete
---

--- 2026-04-27T09:41:09.319Z log
⎔ Starting local server...
---

--- 2026-04-27T09:41:09.459Z debug
[InspectorProxyWorker] handleProxyControllerIncomingMessage {"type":"reloadStart"}
---

--- 2026-04-27T09:41:09.585Z debug
[InspectorProxyWorker] handleProxyControllerIncomingMessage {"type":"reloadComplete","proxyData":{"userWorkerUrl":{"protocol":"http:","hostname":"127.0.0.1","port":"36613"},"userWorkerInspectorUrl":{"protocol":"ws:","hostname":"127.0.0.1","port":"37349","pathname":"/core:user:test-notice-web"},"userWorkerInnerUrlOverrides":{"protocol":"http:"},"headers":{"MF-Proxy-Shared-Secret":"4b5c3eb3-2c2f-4a66-b7eb-bfb279823b0d"},"liveReload":false,"proxyLogsToController":false}}
---

--- 2026-04-27T09:41:09.585Z debug
[InspectorProxyWorker] reconnectRuntimeWebSocket
---

--- 2026-04-27T09:41:09.585Z debug
[InspectorProxyWorker] NEW RUNTIME WEBSOCKET http://127.0.0.1:37349/core:user:test-notice-web
---

--- 2026-04-27T09:41:09.586Z debug
[InspectorProxyWorker] SEND TO DEVTOOLS {"method":"Runtime.executionContextsCleared"}
---

--- 2026-04-27T09:41:09.587Z debug
[InspectorProxyWorker] RUNTIME WEBSOCKET OPENED
---

--- 2026-04-27T09:41:09.588Z debug
[InspectorProxyWorker] RUNTIME INCOMING MESSAGE {
  method: 'Runtime.executionContextCreated',
  params: {
    context: {
      id: 415760513,
      origin: '',
      name: 'Worker',
      uniqueId: '4029888376041774295.4938306833471659930'
    }
  }
}
---

--- 2026-04-27T09:41:09.588Z debug
[InspectorProxyWorker] RUNTIME INCOMING MESSAGE { id: 100000001, result: {} }
---

--- 2026-04-27T09:41:09.588Z debug
[InspectorProxyWorker] RUNTIME INCOMING MESSAGE {
  method: 'Debugger.scriptParsed',
  params: {
    scriptId: '3',
    url: 'file:///home/sora81dev/kosen/test-notice/test-notice-web/.wrangler/tmp/dev-1LG3di/functionsWorker-0.580436354948314.js',
    startLine: 0,
    startColumn: 0,
    endLine: 936,
    endColumn: 132,
    executionContextId: 415760513,
    hash: 'a59d634427916adbd8fd021d4133cf73d44aa5f659b04e0c8ff195fc98870021',
    buildId: '',
    isLiveEdit: false,
    sourceMapURL: 'functionsWorker-0.580436354948314.js.map',
    hasSourceURL: true,
    isModule: true,
    length: 30584,
    scriptLanguage: 'JavaScript',
    embedderName: 'functionsWorker-0.580436354948314.js'
  }
}
---

--- 2026-04-27T09:41:09.589Z debug
[InspectorProxyWorker] SEND TO RUNTIME {"method":"Runtime.enable","id":100000001}
---

--- 2026-04-27T09:41:09.589Z debug
[InspectorProxyWorker] SEND TO RUNTIME {"method":"Debugger.enable","id":100000002}
---

--- 2026-04-27T09:41:09.589Z debug
[InspectorProxyWorker] SEND TO RUNTIME {"method":"Network.enable","id":100000003}
---

--- 2026-04-27T09:41:09.590Z debug
[InspectorProxyWorker] RUNTIME INCOMING MESSAGE {
  id: 100000002,
  result: { debuggerId: '-7539183063822316661.-5990384651021681060' }
}
---

--- 2026-04-27T09:41:09.590Z debug
[InspectorProxyWorker] RUNTIME INCOMING MESSAGE { id: 100000003, method: 'Network.enable', result: {} }
---

--- 2026-04-27T09:41:19.592Z debug
[InspectorProxyWorker] SEND TO RUNTIME {"method":"Runtime.getIsolateId","id":100000004}
---

--- 2026-04-27T09:41:19.592Z debug
[InspectorProxyWorker] RUNTIME INCOMING MESSAGE { id: 100000004, result: { id: '7e467e666b00d584' } }
---

--- 2026-04-27T09:41:29.591Z debug
[InspectorProxyWorker] SEND TO RUNTIME {"method":"Runtime.getIsolateId","id":100000005}
---

--- 2026-04-27T09:41:29.592Z debug
[InspectorProxyWorker] RUNTIME INCOMING MESSAGE { id: 100000005, result: { id: '7e467e666b00d584' } }
---

--- 2026-04-27T09:41:42.619Z debug
[InspectorProxyWorker] SEND TO RUNTIME {"method":"Runtime.getIsolateId","id":100000006}
---

--- 2026-04-27T09:41:42.620Z debug
[InspectorProxyWorker] RUNTIME INCOMING MESSAGE { id: 100000006, result: { id: '7e467e666b00d584' } }
---

--- 2026-04-27T09:41:49.590Z debug
[InspectorProxyWorker] SEND TO RUNTIME {"method":"Runtime.getIsolateId","id":100000007}
---

--- 2026-04-27T09:41:49.591Z debug
[InspectorProxyWorker] RUNTIME INCOMING MESSAGE { id: 100000007, result: { id: '7e467e666b00d584' } }
---

--- 2026-04-27T09:41:59.590Z debug
[InspectorProxyWorker] SEND TO RUNTIME {"method":"Runtime.getIsolateId","id":100000008}
---

--- 2026-04-27T09:41:59.591Z debug
[InspectorProxyWorker] RUNTIME INCOMING MESSAGE { id: 100000008, result: { id: '7e467e666b00d584' } }
---

--- 2026-04-27T09:42:09.590Z debug
[InspectorProxyWorker] SEND TO RUNTIME {"method":"Runtime.getIsolateId","id":100000009}
---

--- 2026-04-27T09:42:09.592Z debug
[InspectorProxyWorker] RUNTIME INCOMING MESSAGE { id: 100000009, result: { id: '7e467e666b00d584' } }
---

--- 2026-04-27T09:42:10.123Z debug
DevEnv teardown beginning...
---

--- 2026-04-27T09:42:10.124Z debug
ConfigController teardown beginning...
---

--- 2026-04-27T09:42:10.124Z debug
BundlerController teardown beginning...
---

--- 2026-04-27T09:42:10.125Z debug
LocalRuntimeController teardown beginning...
---

--- 2026-04-27T09:42:10.125Z log
⎔ Shutting down local server...
---

--- 2026-04-27T09:42:10.126Z debug
RemoteRuntimeController teardown beginning...
---

--- 2026-04-27T09:42:10.126Z debug
RemoteRuntimeController teardown complete
---

--- 2026-04-27T09:42:10.126Z debug
ProxyController teardown beginning...
---

--- 2026-04-27T09:42:10.126Z debug
ConfigController teardown complete
---

--- 2026-04-27T09:42:10.132Z debug
ProxyController teardown complete
---

--- 2026-04-27T09:42:10.135Z debug
LocalRuntimeController teardown complete
---
