
--- 2026-04-27T09:13:56.007Z debug
🪵  Writing logs to "/home/sora81dev/.config/.wrangler/logs/wrangler-2026-04-27_09-13-55_846.log"
---

--- 2026-04-27T09:13:56.007Z debug
.env file not found at "/home/sora81dev/kosen/test-notice/test-notice-web/.env". Continuing... For more details, refer to https://developers.cloudflare.com/workers/wrangler/system-environment-variables/
---

--- 2026-04-27T09:13:56.008Z debug
.env file not found at "/home/sora81dev/kosen/test-notice/test-notice-web/.env.local". Continuing... For more details, refer to https://developers.cloudflare.com/workers/wrangler/system-environment-variables/
---

--- 2026-04-27T09:13:56.019Z log

 ⛅️ wrangler 4.61.1 (update available 4.85.0)
─────────────────────────────────────────────
---

--- 2026-04-27T09:13:56.023Z debug
Metrics dispatcher: Posting data {"deviceId":"20b5732c-5bd8-49f2-9822-765f219bb4d8","event":"wrangler command started","timestamp":1777281236023,"properties":{"amplitude_session_id":1777281236021,"amplitude_event_id":0,"wranglerVersion":"4.61.1","wranglerMajorVersion":4,"wranglerMinorVersion":61,"wranglerPatchVersion":1,"osPlatform":"Linux","osVersion":"#1 SMP PREEMPT_DYNAMIC Thu Jun  5 18:30:46 UTC 2025","nodeVersion":24,"packageManager":"npm","isFirstUsage":false,"configFileType":"none","isCI":false,"isPagesCI":false,"isWorkersCI":false,"isInteractive":true,"hasAssets":false,"argsUsed":[],"argsCombination":"","agent":null,"sanitizedCommand":"pages dev","sanitizedArgs":{}}}
---

--- 2026-04-27T09:13:56.087Z warn
▲ [WARNING] Specifying a `-- <command>` or `--proxy` is deprecated and will be removed in a future version of Wrangler.

  Build your application to a directory and run the `wrangler pages dev <directory>` instead.
  This results in a more faithful emulation of production behavior.


---

--- 2026-04-27T09:13:56.088Z log
Running npm run vite-dev...
---

--- 2026-04-27T09:13:56.092Z log
Sleeping 5 seconds to allow proxy process to start before attempting to automatically determine port...
---

--- 2026-04-27T09:13:56.092Z log
To skip, specify the proxy port with --proxy.
---

--- 2026-04-27T09:13:56.182Z log
[proxy]: 
> test-notice-web@0.0.0 vite-dev
> vite


---

--- 2026-04-27T09:13:56.443Z log
[proxy]: Port 5173 is in use, trying another one...

---

--- 2026-04-27T09:13:56.445Z log
[proxy]: 
  VITE v7.3.1  ready in 233 ms


---

--- 2026-04-27T09:13:56.445Z log
[proxy]:   ➜  Local:   http://localhost:5174/

---

--- 2026-04-27T09:13:56.445Z log
[proxy]:   ➜  Network: use --host to expose

---

--- 2026-04-27T09:14:01.181Z log
Automatically determined the proxy port to be 5174.
---

--- 2026-04-27T09:14:01.184Z debug
Compiling worker to "/home/sora81dev/kosen/test-notice/test-notice-web/.wrangler/tmp/pages-OUOQj7/functionsWorker-0.4432105363984722.mjs"...
---

--- 2026-04-27T09:14:01.227Z log
✨ Compiled Worker successfully
---

--- 2026-04-27T09:14:01.229Z debug
Metrics dispatcher: Posting data {"deviceId":"20b5732c-5bd8-49f2-9822-765f219bb4d8","event":"build pages functions","timestamp":1777281241229,"properties":{"category":"Workers","wranglerVersion":"4.61.1","wranglerMajorVersion":4,"wranglerMinorVersion":61,"wranglerPatchVersion":1,"os":"linux:x64","agent":null}}
---

--- 2026-04-27T09:14:01.233Z debug
setting config
---

--- 2026-04-27T09:14:01.233Z debug
Updating config... undefined undefined
---

--- 2026-04-27T09:14:01.239Z debug
local dev variables file not found at ".dev.vars". Continuing... For more details, refer to https://developers.cloudflare.com/workers/wrangler/system-environment-variables/
---

--- 2026-04-27T09:14:01.239Z debug
.env file not found at "/home/sora81dev/kosen/test-notice/test-notice-web/.env". Continuing... For more details, refer to https://developers.cloudflare.com/workers/wrangler/system-environment-variables/
---

--- 2026-04-27T09:14:01.239Z debug
.env file not found at "/home/sora81dev/kosen/test-notice/test-notice-web/.env.local". Continuing... For more details, refer to https://developers.cloudflare.com/workers/wrangler/system-environment-variables/
---

--- 2026-04-27T09:14:01.253Z debug
Metrics dispatcher: Posting data {"deviceId":"20b5732c-5bd8-49f2-9822-765f219bb4d8","event":"run pages dev","timestamp":1777281241253,"properties":{"category":"Workers","wranglerVersion":"4.61.1","wranglerMajorVersion":4,"wranglerMinorVersion":61,"wranglerPatchVersion":1,"os":"linux:x64","agent":null}}
---

--- 2026-04-27T09:14:01.302Z debug
RemoteRuntimeController teardown beginning...
---

--- 2026-04-27T09:14:01.302Z debug
RemoteRuntimeController teardown complete
---

--- 2026-04-27T09:14:01.308Z log
⎔ Starting local server...
---

--- 2026-04-27T09:14:01.362Z debug
[InspectorProxyWorker] handleProxyControllerIncomingMessage {"type":"reloadStart"}
---

--- 2026-04-27T09:14:01.621Z debug
[InspectorProxyWorker] handleProxyControllerIncomingMessage {"type":"reloadComplete","proxyData":{"userWorkerUrl":{"protocol":"http:","hostname":"127.0.0.1","port":"37989"},"userWorkerInspectorUrl":{"protocol":"ws:","hostname":"127.0.0.1","port":"38845","pathname":"/core:user:test-notice-web"},"userWorkerInnerUrlOverrides":{"protocol":"http:"},"headers":{"MF-Proxy-Shared-Secret":"1db4f0c3-e776-45e5-b4e2-878b45588209"},"liveReload":false,"proxyLogsToController":false}}
---

--- 2026-04-27T09:14:01.621Z debug
[InspectorProxyWorker] reconnectRuntimeWebSocket
---

--- 2026-04-27T09:14:01.622Z debug
[InspectorProxyWorker] NEW RUNTIME WEBSOCKET http://127.0.0.1:38845/core:user:test-notice-web
---

--- 2026-04-27T09:14:01.622Z debug
[InspectorProxyWorker] SEND TO DEVTOOLS {"method":"Runtime.executionContextsCleared"}
---

--- 2026-04-27T09:14:01.623Z debug
[InspectorProxyWorker] RUNTIME WEBSOCKET OPENED
---

--- 2026-04-27T09:14:01.624Z debug
[InspectorProxyWorker] SEND TO RUNTIME {"method":"Runtime.enable","id":100000001}
---

--- 2026-04-27T09:14:01.624Z debug
[InspectorProxyWorker] RUNTIME INCOMING MESSAGE {
  method: 'Runtime.executionContextCreated',
  params: {
    context: {
      id: 468478945,
      origin: '',
      name: 'Worker',
      uniqueId: '-8148713533518118249.-4306355571692666629'
    }
  }
}
---

--- 2026-04-27T09:14:01.625Z debug
[InspectorProxyWorker] RUNTIME INCOMING MESSAGE { id: 100000003, method: 'Network.enable', result: {} }
---

--- 2026-04-27T09:14:01.626Z debug
[InspectorProxyWorker] RUNTIME INCOMING MESSAGE { id: 100000001, result: {} }
---

--- 2026-04-27T09:14:01.626Z debug
[InspectorProxyWorker] SEND TO RUNTIME {"method":"Debugger.enable","id":100000002}
---

--- 2026-04-27T09:14:01.627Z debug
[InspectorProxyWorker] SEND TO RUNTIME {"method":"Network.enable","id":100000003}
---

--- 2026-04-27T09:14:01.628Z debug
[InspectorProxyWorker] RUNTIME INCOMING MESSAGE {
  method: 'Debugger.scriptParsed',
  params: {
    scriptId: '3',
    url: 'file:///home/sora81dev/kosen/test-notice/test-notice-web/.wrangler/tmp/dev-9UUXMI/functionsWorker-0.4432105363984722.js',
    startLine: 0,
    startColumn: 0,
    endLine: 929,
    endColumn: 133,
    executionContextId: 468478945,
    hash: '68c12bf2c83fb04121d4ea4b915e6741f05f2be59800d33a72133a107a80189e',
    buildId: '',
    isLiveEdit: false,
    sourceMapURL: 'functionsWorker-0.4432105363984722.js.map',
    hasSourceURL: true,
    isModule: true,
    length: 30349,
    scriptLanguage: 'JavaScript',
    embedderName: 'functionsWorker-0.4432105363984722.js'
  }
}
---

--- 2026-04-27T09:14:01.628Z debug
[InspectorProxyWorker] RUNTIME INCOMING MESSAGE {
  id: 100000002,
  result: { debuggerId: '8488933772395182425.307155688674443628' }
}
---

--- 2026-04-27T09:14:14.176Z debug
[InspectorProxyWorker] SEND TO RUNTIME {"method":"Runtime.getIsolateId","id":100000004}
---

--- 2026-04-27T09:14:14.178Z debug
[InspectorProxyWorker] RUNTIME INCOMING MESSAGE { id: 100000004, result: { id: 'f057e4e7e84a626c' } }
---

--- 2026-04-27T09:14:21.625Z debug
[InspectorProxyWorker] SEND TO RUNTIME {"method":"Runtime.getIsolateId","id":100000005}
---

--- 2026-04-27T09:14:21.625Z debug
[InspectorProxyWorker] RUNTIME INCOMING MESSAGE { id: 100000005, result: { id: 'f057e4e7e84a626c' } }
---

--- 2026-04-27T09:14:31.629Z debug
[InspectorProxyWorker] SEND TO RUNTIME {"method":"Runtime.getIsolateId","id":100000006}
---

--- 2026-04-27T09:14:31.630Z debug
[InspectorProxyWorker] RUNTIME INCOMING MESSAGE { id: 100000006, result: { id: 'f057e4e7e84a626c' } }
---

--- 2026-04-27T09:14:44.483Z debug
[InspectorProxyWorker] SEND TO RUNTIME {"method":"Runtime.getIsolateId","id":100000007}
---

--- 2026-04-27T09:14:44.484Z debug
[InspectorProxyWorker] RUNTIME INCOMING MESSAGE { id: 100000007, result: { id: 'f057e4e7e84a626c' } }
---

--- 2026-04-27T09:14:49.185Z log
[proxy]: 6:14:49 PM [vite] (client) hmr update /src/pages/Home.tsx, /src/index.css

---

--- 2026-04-27T09:14:51.448Z log
[proxy]: 6:14:51 PM [vite] (client) hmr update /src/pages/Home.tsx, /src/index.css

---

--- 2026-04-27T09:14:51.625Z debug
[InspectorProxyWorker] SEND TO RUNTIME {"method":"Runtime.getIsolateId","id":100000008}
---

--- 2026-04-27T09:14:51.627Z debug
[InspectorProxyWorker] RUNTIME INCOMING MESSAGE { id: 100000008, result: { id: 'f057e4e7e84a626c' } }
---

--- 2026-04-27T09:14:57.500Z log
[proxy]: 6:14:57 PM [vite] (client) hmr update /src/pages/Home.tsx, /src/index.css

---

--- 2026-04-27T09:15:00.379Z log
[proxy]: 6:15:00 PM [vite] (client) hmr update /src/pages/Home.tsx, /src/index.css

---

--- 2026-04-27T09:15:01.627Z debug
[InspectorProxyWorker] SEND TO RUNTIME {"method":"Runtime.getIsolateId","id":100000009}
---

--- 2026-04-27T09:15:01.628Z debug
[InspectorProxyWorker] RUNTIME INCOMING MESSAGE { id: 100000009, result: { id: 'f057e4e7e84a626c' } }
---

--- 2026-04-27T09:15:06.354Z log
[proxy]: 6:15:06 PM [vite] (client) hmr update /src/pages/Home.tsx, /src/index.css

---

--- 2026-04-27T09:15:11.628Z debug
[InspectorProxyWorker] SEND TO RUNTIME {"method":"Runtime.getIsolateId","id":100000010}
---

--- 2026-04-27T09:15:11.629Z debug
[InspectorProxyWorker] RUNTIME INCOMING MESSAGE { id: 100000010, result: { id: 'f057e4e7e84a626c' } }
---

--- 2026-04-27T09:15:19.273Z log
[proxy]: 6:15:19 PM [vite] (client) hmr update /src/pages/Home.tsx, /src/index.css

---

--- 2026-04-27T09:15:24.090Z debug
[InspectorProxyWorker] SEND TO RUNTIME {"method":"Runtime.getIsolateId","id":100000011}
---

--- 2026-04-27T09:15:24.092Z debug
[InspectorProxyWorker] RUNTIME INCOMING MESSAGE { id: 100000011, result: { id: 'f057e4e7e84a626c' } }
---

--- 2026-04-27T09:15:31.624Z debug
[InspectorProxyWorker] SEND TO RUNTIME {"method":"Runtime.getIsolateId","id":100000012}
---

--- 2026-04-27T09:15:31.625Z debug
[InspectorProxyWorker] RUNTIME INCOMING MESSAGE { id: 100000012, result: { id: 'f057e4e7e84a626c' } }
---

--- 2026-04-27T09:15:39.638Z log
[proxy]: 6:15:39 PM [vite] (client) hmr update /src/pages/Home.tsx, /src/index.css

---

--- 2026-04-27T09:15:41.628Z debug
[InspectorProxyWorker] SEND TO RUNTIME {"method":"Runtime.getIsolateId","id":100000013}
---

--- 2026-04-27T09:15:41.630Z debug
[InspectorProxyWorker] RUNTIME INCOMING MESSAGE { id: 100000013, result: { id: 'f057e4e7e84a626c' } }
---

--- 2026-04-27T09:15:43.819Z log
[proxy]: 6:15:43 PM [vite] (client) hmr update /src/pages/Home.tsx, /src/index.css

---

--- 2026-04-27T09:15:45.824Z log
[proxy]: 6:15:45 PM [vite] (client) hmr update /src/pages/Home.tsx, /src/index.css

---

--- 2026-04-27T09:15:47.541Z log
[proxy]: 6:15:47 PM [vite] (client) hmr update /src/pages/Home.tsx, /src/index.css

---

--- 2026-04-27T09:15:54.514Z debug
[InspectorProxyWorker] SEND TO RUNTIME {"method":"Runtime.getIsolateId","id":100000014}
---

--- 2026-04-27T09:15:54.516Z debug
[InspectorProxyWorker] RUNTIME INCOMING MESSAGE { id: 100000014, result: { id: 'f057e4e7e84a626c' } }
---

--- 2026-04-27T09:15:54.832Z log
[proxy]: 6:15:54 PM [vite] (client) hmr update /src/pages/Home.tsx, /src/index.css

---

--- 2026-04-27T09:15:58.292Z log
[proxy]: 6:15:58 PM [vite] (client) hmr update /src/pages/Home.tsx, /src/index.css

---

--- 2026-04-27T09:16:00.408Z log
[proxy]: 6:16:00 PM [vite] (client) hmr update /src/pages/Home.tsx, /src/index.css

---

--- 2026-04-27T09:16:01.626Z debug
[InspectorProxyWorker] SEND TO RUNTIME {"method":"Runtime.getIsolateId","id":100000015}
---

--- 2026-04-27T09:16:01.627Z debug
[InspectorProxyWorker] RUNTIME INCOMING MESSAGE { id: 100000015, result: { id: 'f057e4e7e84a626c' } }
---

--- 2026-04-27T09:16:04.542Z log
[proxy]: 6:16:04 PM [vite] (client) hmr update /src/pages/Home.tsx, /src/index.css

---

--- 2026-04-27T09:16:06.018Z log
[proxy]: 6:16:06 PM [vite] (client) hmr update /src/pages/Home.tsx, /src/index.css

---

--- 2026-04-27T09:16:09.173Z debug
DevEnv teardown beginning...
---

--- 2026-04-27T09:16:09.173Z debug
ConfigController teardown beginning...
---

--- 2026-04-27T09:16:09.173Z debug
BundlerController teardown beginning...
---

--- 2026-04-27T09:16:09.176Z debug
LocalRuntimeController teardown beginning...
---

--- 2026-04-27T09:16:09.176Z log
⎔ Shutting down local server...
---

--- 2026-04-27T09:16:09.176Z debug
RemoteRuntimeController teardown beginning...
---

--- 2026-04-27T09:16:09.176Z debug
RemoteRuntimeController teardown complete
---

--- 2026-04-27T09:16:09.176Z debug
ProxyController teardown beginning...
---

--- 2026-04-27T09:16:09.176Z debug
ConfigController teardown complete
---

--- 2026-04-27T09:16:09.189Z debug
LocalRuntimeController teardown complete
---

--- 2026-04-27T09:16:09.189Z debug
ProxyController teardown complete
---
