
--- 2026-04-27T03:57:08.591Z debug
🪵  Writing logs to "/home/sora81dev/.config/.wrangler/logs/wrangler-2026-04-27_03-57-08_438.log"
---

--- 2026-04-27T03:57:08.591Z debug
.env file not found at "/home/sora81dev/kosen/test-notice/test-notice-web/.env". Continuing... For more details, refer to https://developers.cloudflare.com/workers/wrangler/system-environment-variables/
---

--- 2026-04-27T03:57:08.592Z debug
.env file not found at "/home/sora81dev/kosen/test-notice/test-notice-web/.env.local". Continuing... For more details, refer to https://developers.cloudflare.com/workers/wrangler/system-environment-variables/
---

--- 2026-04-27T03:57:10.070Z log

 ⛅️ wrangler 4.61.1 (update available 4.85.0)
─────────────────────────────────────────────
---

--- 2026-04-27T03:57:10.072Z debug
Metrics dispatcher: Posting data {"deviceId":"20b5732c-5bd8-49f2-9822-765f219bb4d8","event":"wrangler command started","timestamp":1777262230072,"properties":{"amplitude_session_id":1777262230071,"amplitude_event_id":0,"wranglerVersion":"4.61.1","wranglerMajorVersion":4,"wranglerMinorVersion":61,"wranglerPatchVersion":1,"osPlatform":"Linux","osVersion":"#1 SMP PREEMPT_DYNAMIC Thu Jun  5 18:30:46 UTC 2025","nodeVersion":24,"packageManager":"npm","isFirstUsage":false,"configFileType":"none","isCI":false,"isPagesCI":false,"isWorkersCI":false,"isInteractive":true,"hasAssets":false,"argsUsed":[],"argsCombination":"","agent":null,"sanitizedCommand":"pages dev","sanitizedArgs":{}}}
---

--- 2026-04-27T03:57:10.126Z warn
▲ [WARNING] Specifying a `-- <command>` or `--proxy` is deprecated and will be removed in a future version of Wrangler.

  Build your application to a directory and run the `wrangler pages dev <directory>` instead.
  This results in a more faithful emulation of production behavior.


---

--- 2026-04-27T03:57:10.126Z log
Running npm run vite-dev...
---

--- 2026-04-27T03:57:10.130Z log
Sleeping 5 seconds to allow proxy process to start before attempting to automatically determine port...
---

--- 2026-04-27T03:57:10.130Z log
To skip, specify the proxy port with --proxy.
---

--- 2026-04-27T03:57:10.224Z log
[proxy]: 
> test-notice-web@0.0.0 vite-dev
> vite


---

--- 2026-04-27T03:57:10.495Z log
[proxy]: Port 5173 is in use, trying another one...

---

--- 2026-04-27T03:57:10.497Z log
[proxy]: Port 5174 is in use, trying another one...

---

--- 2026-04-27T03:57:10.499Z log
[proxy]: 
  VITE v7.3.1  ready in 248 ms


---

--- 2026-04-27T03:57:10.499Z log
[proxy]:   ➜  Local:   http://localhost:5175/
  ➜  Network: use --host to expose

---

--- 2026-04-27T03:57:15.222Z log
Automatically determined the proxy port to be 5175.
---

--- 2026-04-27T03:57:15.224Z debug
Compiling worker to "/home/sora81dev/kosen/test-notice/test-notice-web/.wrangler/tmp/pages-BuqYXw/functionsWorker-0.6463052324041562.mjs"...
---

--- 2026-04-27T03:57:15.269Z log
✨ Compiled Worker successfully
---

--- 2026-04-27T03:57:15.271Z debug
Metrics dispatcher: Posting data {"deviceId":"20b5732c-5bd8-49f2-9822-765f219bb4d8","event":"build pages functions","timestamp":1777262235271,"properties":{"category":"Workers","wranglerVersion":"4.61.1","wranglerMajorVersion":4,"wranglerMinorVersion":61,"wranglerPatchVersion":1,"os":"linux:x64","agent":null}}
---

--- 2026-04-27T03:57:15.275Z debug
setting config
---

--- 2026-04-27T03:57:15.275Z debug
Updating config... undefined undefined
---

--- 2026-04-27T03:57:15.283Z debug
local dev variables file not found at ".dev.vars". Continuing... For more details, refer to https://developers.cloudflare.com/workers/wrangler/system-environment-variables/
---

--- 2026-04-27T03:57:15.284Z debug
.env file not found at "/home/sora81dev/kosen/test-notice/test-notice-web/.env". Continuing... For more details, refer to https://developers.cloudflare.com/workers/wrangler/system-environment-variables/
---

--- 2026-04-27T03:57:15.284Z debug
.env file not found at "/home/sora81dev/kosen/test-notice/test-notice-web/.env.local". Continuing... For more details, refer to https://developers.cloudflare.com/workers/wrangler/system-environment-variables/
---

--- 2026-04-27T03:57:15.299Z debug
Metrics dispatcher: Posting data {"deviceId":"20b5732c-5bd8-49f2-9822-765f219bb4d8","event":"run pages dev","timestamp":1777262235299,"properties":{"category":"Workers","wranglerVersion":"4.61.1","wranglerMajorVersion":4,"wranglerMinorVersion":61,"wranglerPatchVersion":1,"os":"linux:x64","agent":null}}
---

--- 2026-04-27T03:57:15.340Z debug
RemoteRuntimeController teardown beginning...
---

--- 2026-04-27T03:57:15.340Z debug
RemoteRuntimeController teardown complete
---

--- 2026-04-27T03:57:15.347Z log
⎔ Starting local server...
---

--- 2026-04-27T03:57:15.397Z debug
[InspectorProxyWorker] handleProxyControllerIncomingMessage {"type":"reloadStart"}
---

--- 2026-04-27T03:57:15.663Z debug
[InspectorProxyWorker] handleProxyControllerIncomingMessage {"type":"reloadComplete","proxyData":{"userWorkerUrl":{"protocol":"http:","hostname":"127.0.0.1","port":"41255"},"userWorkerInspectorUrl":{"protocol":"ws:","hostname":"127.0.0.1","port":"43775","pathname":"/core:user:test-notice-web"},"userWorkerInnerUrlOverrides":{"protocol":"http:"},"headers":{"MF-Proxy-Shared-Secret":"8232eb99-79db-4891-86ee-544e7daff6b0"},"liveReload":false,"proxyLogsToController":false}}
---

--- 2026-04-27T03:57:15.665Z debug
[InspectorProxyWorker] reconnectRuntimeWebSocket
---

--- 2026-04-27T03:57:15.666Z debug
[InspectorProxyWorker] NEW RUNTIME WEBSOCKET http://127.0.0.1:43775/core:user:test-notice-web
---

--- 2026-04-27T03:57:15.667Z debug
[InspectorProxyWorker] SEND TO DEVTOOLS {"method":"Runtime.executionContextsCleared"}
---

--- 2026-04-27T03:57:15.669Z debug
[InspectorProxyWorker] RUNTIME INCOMING MESSAGE { id: 100000001, result: {} }
---

--- 2026-04-27T03:57:15.670Z debug
[InspectorProxyWorker] RUNTIME INCOMING MESSAGE {
  method: 'Runtime.executionContextCreated',
  params: {
    context: {
      id: 470971233,
      origin: '',
      name: 'Worker',
      uniqueId: '8419583112919835984.1334133736358872184'
    }
  }
}
---

--- 2026-04-27T03:57:15.672Z debug
[InspectorProxyWorker] RUNTIME WEBSOCKET OPENED
---

--- 2026-04-27T03:57:15.673Z debug
[InspectorProxyWorker] SEND TO RUNTIME {"method":"Runtime.enable","id":100000001}
---

--- 2026-04-27T03:57:15.674Z debug
[InspectorProxyWorker] SEND TO RUNTIME {"method":"Debugger.enable","id":100000002}
---

--- 2026-04-27T03:57:15.679Z debug
[InspectorProxyWorker] SEND TO RUNTIME {"method":"Network.enable","id":100000003}
---

--- 2026-04-27T03:57:15.681Z debug
[InspectorProxyWorker] RUNTIME INCOMING MESSAGE {
  method: 'Debugger.scriptParsed',
  params: {
    scriptId: '3',
    url: 'file:///home/sora81dev/kosen/test-notice/test-notice-web/.wrangler/tmp/dev-NOUxZO/functionsWorker-0.6463052324041562.js',
    startLine: 0,
    startColumn: 0,
    endLine: 929,
    endColumn: 133,
    executionContextId: 470971233,
    hash: '70724fae6ddc8de7809ea624ebd827182a40e9def3c0b1ffc835b9601ceda85c',
    buildId: '',
    isLiveEdit: false,
    sourceMapURL: 'functionsWorker-0.6463052324041562.js.map',
    hasSourceURL: true,
    isModule: true,
    length: 30349,
    scriptLanguage: 'JavaScript',
    embedderName: 'functionsWorker-0.6463052324041562.js'
  }
}
---

--- 2026-04-27T03:57:15.681Z debug
[InspectorProxyWorker] RUNTIME INCOMING MESSAGE {
  id: 100000002,
  result: { debuggerId: '-6087729249542713932.-1556887135237757517' }
}
---

--- 2026-04-27T03:57:15.682Z debug
[InspectorProxyWorker] RUNTIME INCOMING MESSAGE { id: 100000003, method: 'Network.enable', result: {} }
---

--- 2026-04-27T03:57:25.669Z debug
[InspectorProxyWorker] SEND TO RUNTIME {"method":"Runtime.getIsolateId","id":100000004}
---

--- 2026-04-27T03:57:25.670Z debug
[InspectorProxyWorker] RUNTIME INCOMING MESSAGE { id: 100000004, result: { id: '38ef50a4381956d1' } }
---

--- 2026-04-27T03:57:38.399Z debug
[InspectorProxyWorker] SEND TO RUNTIME {"method":"Runtime.getIsolateId","id":100000005}
---

--- 2026-04-27T03:57:38.401Z debug
[InspectorProxyWorker] RUNTIME INCOMING MESSAGE { id: 100000005, result: { id: '38ef50a4381956d1' } }
---

--- 2026-04-27T03:57:45.669Z debug
[InspectorProxyWorker] SEND TO RUNTIME {"method":"Runtime.getIsolateId","id":100000006}
---

--- 2026-04-27T03:57:45.670Z debug
[InspectorProxyWorker] RUNTIME INCOMING MESSAGE { id: 100000006, result: { id: '38ef50a4381956d1' } }
---

--- 2026-04-27T03:57:55.669Z debug
[InspectorProxyWorker] SEND TO RUNTIME {"method":"Runtime.getIsolateId","id":100000007}
---

--- 2026-04-27T03:57:55.670Z debug
[InspectorProxyWorker] RUNTIME INCOMING MESSAGE { id: 100000007, result: { id: '38ef50a4381956d1' } }
---

--- 2026-04-27T03:58:08.161Z debug
[InspectorProxyWorker] SEND TO RUNTIME {"method":"Runtime.getIsolateId","id":100000008}
---

--- 2026-04-27T03:58:08.162Z debug
[InspectorProxyWorker] RUNTIME INCOMING MESSAGE { id: 100000008, result: { id: '38ef50a4381956d1' } }
---

--- 2026-04-27T03:58:15.668Z debug
[InspectorProxyWorker] SEND TO RUNTIME {"method":"Runtime.getIsolateId","id":100000009}
---

--- 2026-04-27T03:58:15.670Z debug
[InspectorProxyWorker] RUNTIME INCOMING MESSAGE { id: 100000009, result: { id: '38ef50a4381956d1' } }
---

--- 2026-04-27T03:58:25.670Z debug
[InspectorProxyWorker] SEND TO RUNTIME {"method":"Runtime.getIsolateId","id":100000010}
---

--- 2026-04-27T03:58:25.672Z debug
[InspectorProxyWorker] RUNTIME INCOMING MESSAGE { id: 100000010, result: { id: '38ef50a4381956d1' } }
---

--- 2026-04-27T03:58:35.669Z debug
[InspectorProxyWorker] SEND TO RUNTIME {"method":"Runtime.getIsolateId","id":100000011}
---

--- 2026-04-27T03:58:35.670Z debug
[InspectorProxyWorker] RUNTIME INCOMING MESSAGE { id: 100000011, result: { id: '38ef50a4381956d1' } }
---

--- 2026-04-27T03:58:48.559Z debug
[InspectorProxyWorker] SEND TO RUNTIME {"method":"Runtime.getIsolateId","id":100000012}
---

--- 2026-04-27T03:58:48.559Z debug
[InspectorProxyWorker] RUNTIME INCOMING MESSAGE { id: 100000012, result: { id: '38ef50a4381956d1' } }
---

--- 2026-04-27T03:58:55.669Z debug
[InspectorProxyWorker] SEND TO RUNTIME {"method":"Runtime.getIsolateId","id":100000013}
---

--- 2026-04-27T03:58:55.670Z debug
[InspectorProxyWorker] RUNTIME INCOMING MESSAGE { id: 100000013, result: { id: '38ef50a4381956d1' } }
---

--- 2026-04-27T03:59:05.668Z debug
[InspectorProxyWorker] SEND TO RUNTIME {"method":"Runtime.getIsolateId","id":100000014}
---

--- 2026-04-27T03:59:05.669Z debug
[InspectorProxyWorker] RUNTIME INCOMING MESSAGE { id: 100000014, result: { id: '38ef50a4381956d1' } }
---

--- 2026-04-27T03:59:18.316Z debug
[InspectorProxyWorker] SEND TO RUNTIME {"method":"Runtime.getIsolateId","id":100000015}
---

--- 2026-04-27T03:59:18.317Z debug
[InspectorProxyWorker] RUNTIME INCOMING MESSAGE { id: 100000015, result: { id: '38ef50a4381956d1' } }
---

--- 2026-04-27T03:59:20.536Z log
[proxy]: 12:59:20 PM [vite] (client) hmr update /src/pages/Home.tsx, /src/index.css

---

--- 2026-04-27T03:59:24.226Z log
[proxy]: 12:59:24 PM [vite] (client) hmr update /src/pages/Home.tsx, /src/index.css

---

--- 2026-04-27T03:59:25.669Z debug
[InspectorProxyWorker] SEND TO RUNTIME {"method":"Runtime.getIsolateId","id":100000016}
---

--- 2026-04-27T03:59:25.670Z debug
[InspectorProxyWorker] RUNTIME INCOMING MESSAGE { id: 100000016, result: { id: '38ef50a4381956d1' } }
---

--- 2026-04-27T03:59:35.670Z debug
[InspectorProxyWorker] SEND TO RUNTIME {"method":"Runtime.getIsolateId","id":100000017}
---

--- 2026-04-27T03:59:35.671Z debug
[InspectorProxyWorker] RUNTIME INCOMING MESSAGE { id: 100000017, result: { id: '38ef50a4381956d1' } }
---

--- 2026-04-27T03:59:45.668Z debug
[InspectorProxyWorker] SEND TO RUNTIME {"method":"Runtime.getIsolateId","id":100000018}
---

--- 2026-04-27T03:59:45.669Z debug
[InspectorProxyWorker] RUNTIME INCOMING MESSAGE { id: 100000018, result: { id: '38ef50a4381956d1' } }
---

--- 2026-04-27T03:59:58.549Z debug
[InspectorProxyWorker] SEND TO RUNTIME {"method":"Runtime.getIsolateId","id":100000019}
---

--- 2026-04-27T03:59:58.551Z debug
[InspectorProxyWorker] RUNTIME INCOMING MESSAGE { id: 100000019, result: { id: '38ef50a4381956d1' } }
---

--- 2026-04-27T04:00:05.668Z debug
[InspectorProxyWorker] SEND TO RUNTIME {"method":"Runtime.getIsolateId","id":100000020}
---

--- 2026-04-27T04:00:05.670Z debug
[InspectorProxyWorker] RUNTIME INCOMING MESSAGE { id: 100000020, result: { id: '38ef50a4381956d1' } }
---

--- 2026-04-27T04:00:15.668Z debug
[InspectorProxyWorker] SEND TO RUNTIME {"method":"Runtime.getIsolateId","id":100000021}
---

--- 2026-04-27T04:00:15.669Z debug
[InspectorProxyWorker] RUNTIME INCOMING MESSAGE { id: 100000021, result: { id: '38ef50a4381956d1' } }
---

--- 2026-04-27T04:00:28.409Z debug
[InspectorProxyWorker] SEND TO RUNTIME {"method":"Runtime.getIsolateId","id":100000022}
---

--- 2026-04-27T04:00:28.410Z debug
[InspectorProxyWorker] RUNTIME INCOMING MESSAGE { id: 100000022, result: { id: '38ef50a4381956d1' } }
---

--- 2026-04-27T04:00:35.667Z debug
[InspectorProxyWorker] SEND TO RUNTIME {"method":"Runtime.getIsolateId","id":100000023}
---

--- 2026-04-27T04:00:35.668Z debug
[InspectorProxyWorker] RUNTIME INCOMING MESSAGE { id: 100000023, result: { id: '38ef50a4381956d1' } }
---

--- 2026-04-27T04:00:45.671Z debug
[InspectorProxyWorker] SEND TO RUNTIME {"method":"Runtime.getIsolateId","id":100000024}
---

--- 2026-04-27T04:00:45.672Z debug
[InspectorProxyWorker] RUNTIME INCOMING MESSAGE { id: 100000024, result: { id: '38ef50a4381956d1' } }
---

--- 2026-04-27T04:00:55.669Z debug
[InspectorProxyWorker] SEND TO RUNTIME {"method":"Runtime.getIsolateId","id":100000025}
---

--- 2026-04-27T04:00:55.670Z debug
[InspectorProxyWorker] RUNTIME INCOMING MESSAGE { id: 100000025, result: { id: '38ef50a4381956d1' } }
---

--- 2026-04-27T04:01:08.569Z debug
[InspectorProxyWorker] SEND TO RUNTIME {"method":"Runtime.getIsolateId","id":100000026}
---

--- 2026-04-27T04:01:08.571Z debug
[InspectorProxyWorker] RUNTIME INCOMING MESSAGE { id: 100000026, result: { id: '38ef50a4381956d1' } }
---

--- 2026-04-27T04:01:15.667Z debug
[InspectorProxyWorker] SEND TO RUNTIME {"method":"Runtime.getIsolateId","id":100000027}
---

--- 2026-04-27T04:01:15.667Z debug
[InspectorProxyWorker] RUNTIME INCOMING MESSAGE { id: 100000027, result: { id: '38ef50a4381956d1' } }
---

--- 2026-04-27T04:01:25.667Z debug
[InspectorProxyWorker] SEND TO RUNTIME {"method":"Runtime.getIsolateId","id":100000028}
---

--- 2026-04-27T04:01:25.668Z debug
[InspectorProxyWorker] RUNTIME INCOMING MESSAGE { id: 100000028, result: { id: '38ef50a4381956d1' } }
---

--- 2026-04-27T04:01:31.013Z log
[proxy]: 1:01:31 PM [vite] vite.config.ts changed, restarting server...

---

--- 2026-04-27T04:01:31.045Z log
[proxy]: 1:01:31 PM [vite] server restarted.

---

--- 2026-04-27T04:01:35.672Z debug
[InspectorProxyWorker] SEND TO RUNTIME {"method":"Runtime.getIsolateId","id":100000029}
---

--- 2026-04-27T04:01:35.673Z debug
[InspectorProxyWorker] RUNTIME INCOMING MESSAGE { id: 100000029, result: { id: '38ef50a4381956d1' } }
---

--- 2026-04-27T04:01:48.439Z debug
[InspectorProxyWorker] SEND TO RUNTIME {"method":"Runtime.getIsolateId","id":100000030}
---

--- 2026-04-27T04:01:48.440Z debug
[InspectorProxyWorker] RUNTIME INCOMING MESSAGE { id: 100000030, result: { id: '38ef50a4381956d1' } }
---

--- 2026-04-27T04:01:52.935Z log
[proxy]: 1:01:52 PM [vite] (client) hmr update /src/pages/Home.tsx, /src/index.css

---

--- 2026-04-27T04:01:55.669Z debug
[InspectorProxyWorker] SEND TO RUNTIME {"method":"Runtime.getIsolateId","id":100000031}
---

--- 2026-04-27T04:01:55.671Z debug
[InspectorProxyWorker] RUNTIME INCOMING MESSAGE { id: 100000031, result: { id: '38ef50a4381956d1' } }
---

--- 2026-04-27T04:01:58.139Z error
✘ [ERROR] [proxy]: 1:01:58 PM [vite] http proxy error: /schedule/get?date=2026-02-27

  Error: getaddrinfo ENOTFOUND test-notice-worker.workers.dev
      at GetAddrInfoReqWrap.onlookupall [as oncomplete] (node:dns:122:26)
  


---

--- 2026-04-27T04:02:00.976Z error
✘ [ERROR] [proxy]: 1:02:00 PM [vite] http proxy error: /schedule/get?date=2026-02-27

  Error: getaddrinfo ENOTFOUND test-notice-worker.workers.dev
      at GetAddrInfoReqWrap.onlookupall [as oncomplete] (node:dns:122:26)
  


---

--- 2026-04-27T04:02:05.671Z debug
[InspectorProxyWorker] SEND TO RUNTIME {"method":"Runtime.getIsolateId","id":100000032}
---

--- 2026-04-27T04:02:05.672Z debug
[InspectorProxyWorker] RUNTIME INCOMING MESSAGE { id: 100000032, result: { id: '38ef50a4381956d1' } }
---

--- 2026-04-27T04:02:18.413Z debug
[InspectorProxyWorker] SEND TO RUNTIME {"method":"Runtime.getIsolateId","id":100000033}
---

--- 2026-04-27T04:02:18.414Z debug
[InspectorProxyWorker] RUNTIME INCOMING MESSAGE { id: 100000033, result: { id: '38ef50a4381956d1' } }
---

--- 2026-04-27T04:02:25.669Z debug
[InspectorProxyWorker] SEND TO RUNTIME {"method":"Runtime.getIsolateId","id":100000034}
---

--- 2026-04-27T04:02:25.670Z debug
[InspectorProxyWorker] RUNTIME INCOMING MESSAGE { id: 100000034, result: { id: '38ef50a4381956d1' } }
---

--- 2026-04-27T04:02:35.671Z debug
[InspectorProxyWorker] SEND TO RUNTIME {"method":"Runtime.getIsolateId","id":100000035}
---

--- 2026-04-27T04:02:35.672Z debug
[InspectorProxyWorker] RUNTIME INCOMING MESSAGE { id: 100000035, result: { id: '38ef50a4381956d1' } }
---

--- 2026-04-27T04:02:45.307Z log
[proxy]: 1:02:45 PM [vite] vite.config.ts changed, restarting server...

---

--- 2026-04-27T04:02:45.327Z log
[proxy]: 1:02:45 PM [vite] server restarted.

---

--- 2026-04-27T04:02:45.670Z debug
[InspectorProxyWorker] SEND TO RUNTIME {"method":"Runtime.getIsolateId","id":100000036}
---

--- 2026-04-27T04:02:45.671Z debug
[InspectorProxyWorker] RUNTIME INCOMING MESSAGE { id: 100000036, result: { id: '38ef50a4381956d1' } }
---

--- 2026-04-27T04:02:58.523Z debug
[InspectorProxyWorker] SEND TO RUNTIME {"method":"Runtime.getIsolateId","id":100000037}
---

--- 2026-04-27T04:02:58.524Z debug
[InspectorProxyWorker] RUNTIME INCOMING MESSAGE { id: 100000037, result: { id: '38ef50a4381956d1' } }
---

--- 2026-04-27T04:03:05.668Z debug
[InspectorProxyWorker] SEND TO RUNTIME {"method":"Runtime.getIsolateId","id":100000038}
---

--- 2026-04-27T04:03:05.670Z debug
[InspectorProxyWorker] RUNTIME INCOMING MESSAGE { id: 100000038, result: { id: '38ef50a4381956d1' } }
---

--- 2026-04-27T04:03:15.671Z debug
[InspectorProxyWorker] SEND TO RUNTIME {"method":"Runtime.getIsolateId","id":100000039}
---

--- 2026-04-27T04:03:15.672Z debug
[InspectorProxyWorker] RUNTIME INCOMING MESSAGE { id: 100000039, result: { id: '38ef50a4381956d1' } }
---

--- 2026-04-27T04:03:28.419Z debug
[InspectorProxyWorker] SEND TO RUNTIME {"method":"Runtime.getIsolateId","id":100000040}
---

--- 2026-04-27T04:03:28.421Z debug
[InspectorProxyWorker] RUNTIME INCOMING MESSAGE { id: 100000040, result: { id: '38ef50a4381956d1' } }
---

--- 2026-04-27T04:03:35.669Z debug
[InspectorProxyWorker] SEND TO RUNTIME {"method":"Runtime.getIsolateId","id":100000041}
---

--- 2026-04-27T04:03:35.671Z debug
[InspectorProxyWorker] RUNTIME INCOMING MESSAGE { id: 100000041, result: { id: '38ef50a4381956d1' } }
---

--- 2026-04-27T04:03:45.670Z debug
[InspectorProxyWorker] SEND TO RUNTIME {"method":"Runtime.getIsolateId","id":100000042}
---

--- 2026-04-27T04:03:45.671Z debug
[InspectorProxyWorker] RUNTIME INCOMING MESSAGE { id: 100000042, result: { id: '38ef50a4381956d1' } }
---

--- 2026-04-27T04:03:55.670Z debug
[InspectorProxyWorker] SEND TO RUNTIME {"method":"Runtime.getIsolateId","id":100000043}
---

--- 2026-04-27T04:03:55.671Z debug
[InspectorProxyWorker] RUNTIME INCOMING MESSAGE { id: 100000043, result: { id: '38ef50a4381956d1' } }
---

--- 2026-04-27T04:04:08.106Z debug
[InspectorProxyWorker] SEND TO RUNTIME {"method":"Runtime.getIsolateId","id":100000044}
---

--- 2026-04-27T04:04:08.107Z debug
[InspectorProxyWorker] RUNTIME INCOMING MESSAGE { id: 100000044, result: { id: '38ef50a4381956d1' } }
---

--- 2026-04-27T04:04:13.510Z log
[proxy]: 1:04:13 PM [vite] vite.config.ts changed, restarting server...

---

--- 2026-04-27T04:04:13.535Z log
[proxy]: 1:04:13 PM [vite] server restarted.

---

--- 2026-04-27T04:04:15.669Z debug
[InspectorProxyWorker] SEND TO RUNTIME {"method":"Runtime.getIsolateId","id":100000045}
---

--- 2026-04-27T04:04:15.669Z debug
[InspectorProxyWorker] RUNTIME INCOMING MESSAGE { id: 100000045, result: { id: '38ef50a4381956d1' } }
---

--- 2026-04-27T04:04:25.667Z debug
[InspectorProxyWorker] SEND TO RUNTIME {"method":"Runtime.getIsolateId","id":100000046}
---

--- 2026-04-27T04:04:25.668Z debug
[InspectorProxyWorker] RUNTIME INCOMING MESSAGE { id: 100000046, result: { id: '38ef50a4381956d1' } }
---

--- 2026-04-27T04:04:35.672Z debug
[InspectorProxyWorker] SEND TO RUNTIME {"method":"Runtime.getIsolateId","id":100000047}
---

--- 2026-04-27T04:04:35.673Z debug
[InspectorProxyWorker] RUNTIME INCOMING MESSAGE { id: 100000047, result: { id: '38ef50a4381956d1' } }
---

--- 2026-04-27T04:20:22.072Z debug
[InspectorProxyWorker] SEND TO RUNTIME {"method":"Runtime.getIsolateId","id":100000048}
---

--- 2026-04-27T04:20:22.073Z debug
[InspectorProxyWorker] SEND TO RUNTIME {"method":"Runtime.getIsolateId","id":100000049}
---

--- 2026-04-27T04:20:22.074Z debug
[InspectorProxyWorker] SEND TO RUNTIME {"method":"Runtime.getIsolateId","id":100000050}
---

--- 2026-04-27T04:20:22.075Z debug
[InspectorProxyWorker] SEND TO RUNTIME {"method":"Runtime.getIsolateId","id":100000058}
---

--- 2026-04-27T04:20:22.075Z debug
[InspectorProxyWorker] SEND TO RUNTIME {"method":"Runtime.getIsolateId","id":100000051}
---

--- 2026-04-27T04:20:22.076Z debug
[InspectorProxyWorker] SEND TO RUNTIME {"method":"Runtime.getIsolateId","id":100000059}
---

--- 2026-04-27T04:20:22.076Z debug
[InspectorProxyWorker] SEND TO RUNTIME {"method":"Runtime.getIsolateId","id":100000060}
---

--- 2026-04-27T04:20:22.076Z debug
[InspectorProxyWorker] SEND TO RUNTIME {"method":"Runtime.getIsolateId","id":100000052}
---

--- 2026-04-27T04:20:22.078Z debug
[InspectorProxyWorker] SEND TO RUNTIME {"method":"Runtime.getIsolateId","id":100000062}
---

--- 2026-04-27T04:20:22.078Z debug
[InspectorProxyWorker] SEND TO RUNTIME {"method":"Runtime.getIsolateId","id":100000063}
---

--- 2026-04-27T04:20:22.078Z debug
[InspectorProxyWorker] SEND TO RUNTIME {"method":"Runtime.getIsolateId","id":100000053}
---

--- 2026-04-27T04:20:22.078Z debug
[InspectorProxyWorker] SEND TO RUNTIME {"method":"Runtime.getIsolateId","id":100000071}
---

--- 2026-04-27T04:20:22.079Z debug
[InspectorProxyWorker] SEND TO RUNTIME {"method":"Runtime.getIsolateId","id":100000065}
---

--- 2026-04-27T04:20:22.079Z debug
[InspectorProxyWorker] RUNTIME INCOMING MESSAGE { id: 100000064, result: { id: '38ef50a4381956d1' } }
---

--- 2026-04-27T04:20:22.080Z debug
[InspectorProxyWorker] SEND TO RUNTIME {"method":"Runtime.getIsolateId","id":100000066}
---

--- 2026-04-27T04:20:22.080Z debug
[InspectorProxyWorker] SEND TO RUNTIME {"method":"Runtime.getIsolateId","id":100000054}
---

--- 2026-04-27T04:20:22.081Z debug
[InspectorProxyWorker] SEND TO RUNTIME {"method":"Runtime.getIsolateId","id":100000073}
---

--- 2026-04-27T04:20:22.081Z debug
[InspectorProxyWorker] SEND TO RUNTIME {"method":"Runtime.getIsolateId","id":100000072}
---

--- 2026-04-27T04:20:22.082Z debug
[InspectorProxyWorker] RUNTIME INCOMING MESSAGE { id: 100000069, result: { id: '38ef50a4381956d1' } }
---

--- 2026-04-27T04:20:22.082Z debug
[InspectorProxyWorker] SEND TO RUNTIME {"method":"Runtime.getIsolateId","id":100000055}
---

--- 2026-04-27T04:20:22.083Z debug
[InspectorProxyWorker] SEND TO RUNTIME {"method":"Runtime.getIsolateId","id":100000078}
---

--- 2026-04-27T04:20:22.084Z debug
[InspectorProxyWorker] SEND TO RUNTIME {"method":"Runtime.getIsolateId","id":100000074}
---

--- 2026-04-27T04:20:22.084Z debug
[InspectorProxyWorker] SEND TO RUNTIME {"method":"Runtime.getIsolateId","id":100000075}
---

--- 2026-04-27T04:20:22.084Z debug
[InspectorProxyWorker] RUNTIME INCOMING MESSAGE { id: 100000074, result: { id: '38ef50a4381956d1' } }
---

--- 2026-04-27T04:20:22.085Z debug
[InspectorProxyWorker] SEND TO RUNTIME {"method":"Runtime.getIsolateId","id":100000076}
---

--- 2026-04-27T04:20:22.085Z debug
[InspectorProxyWorker] SEND TO RUNTIME {"method":"Runtime.getIsolateId","id":100000056}
---

--- 2026-04-27T04:20:22.087Z debug
[InspectorProxyWorker] SEND TO RUNTIME {"method":"Runtime.getIsolateId","id":100000081}
---

--- 2026-04-27T04:20:22.087Z debug
[InspectorProxyWorker] SEND TO RUNTIME {"method":"Runtime.getIsolateId","id":100000082}
---

--- 2026-04-27T04:20:22.087Z debug
[InspectorProxyWorker] SEND TO RUNTIME {"method":"Runtime.getIsolateId","id":100000083}
---

--- 2026-04-27T04:20:22.087Z debug
[InspectorProxyWorker] SEND TO RUNTIME {"method":"Runtime.getIsolateId","id":100000079}
---

--- 2026-04-27T04:20:22.087Z debug
[InspectorProxyWorker] SEND TO RUNTIME {"method":"Runtime.getIsolateId","id":100000080}
---

--- 2026-04-27T04:20:22.088Z debug
[InspectorProxyWorker] RUNTIME INCOMING MESSAGE { id: 100000079, result: { id: '38ef50a4381956d1' } }
---

--- 2026-04-27T04:20:22.088Z debug
[InspectorProxyWorker] RUNTIME INCOMING MESSAGE { id: 100000048, result: { id: '38ef50a4381956d1' } }
---

--- 2026-04-27T04:20:22.088Z debug
[InspectorProxyWorker] SEND TO RUNTIME {"method":"Runtime.getIsolateId","id":100000057}
---

--- 2026-04-27T04:20:22.089Z debug
[InspectorProxyWorker] RUNTIME INCOMING MESSAGE { id: 100000049, result: { id: '38ef50a4381956d1' } }
---

--- 2026-04-27T04:20:22.089Z debug
[InspectorProxyWorker] RUNTIME INCOMING MESSAGE { id: 100000050, result: { id: '38ef50a4381956d1' } }
---

--- 2026-04-27T04:20:22.090Z debug
[InspectorProxyWorker] RUNTIME INCOMING MESSAGE { id: 100000051, result: { id: '38ef50a4381956d1' } }
---

--- 2026-04-27T04:20:22.090Z debug
[InspectorProxyWorker] RUNTIME INCOMING MESSAGE { id: 100000052, result: { id: '38ef50a4381956d1' } }
---

--- 2026-04-27T04:20:22.090Z debug
[InspectorProxyWorker] RUNTIME INCOMING MESSAGE { id: 100000053, result: { id: '38ef50a4381956d1' } }
---

--- 2026-04-27T04:20:22.091Z debug
[InspectorProxyWorker] RUNTIME INCOMING MESSAGE { id: 100000054, result: { id: '38ef50a4381956d1' } }
---

--- 2026-04-27T04:20:22.092Z debug
[InspectorProxyWorker] RUNTIME INCOMING MESSAGE { id: 100000055, result: { id: '38ef50a4381956d1' } }
---

--- 2026-04-27T04:20:22.092Z debug
[InspectorProxyWorker] RUNTIME INCOMING MESSAGE { id: 100000056, result: { id: '38ef50a4381956d1' } }
---

--- 2026-04-27T04:20:22.092Z debug
[InspectorProxyWorker] RUNTIME INCOMING MESSAGE { id: 100000057, result: { id: '38ef50a4381956d1' } }
---

--- 2026-04-27T04:20:22.093Z debug
[InspectorProxyWorker] SEND TO RUNTIME {"method":"Runtime.getIsolateId","id":100000061}
---

--- 2026-04-27T04:20:22.093Z debug
[InspectorProxyWorker] RUNTIME INCOMING MESSAGE { id: 100000058, result: { id: '38ef50a4381956d1' } }
---

--- 2026-04-27T04:20:22.094Z debug
[InspectorProxyWorker] RUNTIME INCOMING MESSAGE { id: 100000059, result: { id: '38ef50a4381956d1' } }
---

--- 2026-04-27T04:20:22.094Z debug
[InspectorProxyWorker] RUNTIME INCOMING MESSAGE { id: 100000060, result: { id: '38ef50a4381956d1' } }
---

--- 2026-04-27T04:20:22.094Z debug
[InspectorProxyWorker] RUNTIME INCOMING MESSAGE { id: 100000061, result: { id: '38ef50a4381956d1' } }
---

--- 2026-04-27T04:20:22.095Z debug
[InspectorProxyWorker] RUNTIME INCOMING MESSAGE { id: 100000062, result: { id: '38ef50a4381956d1' } }
---

--- 2026-04-27T04:20:22.095Z debug
[InspectorProxyWorker] SEND TO RUNTIME {"method":"Runtime.getIsolateId","id":100000064}
---

--- 2026-04-27T04:20:22.095Z debug
[InspectorProxyWorker] RUNTIME INCOMING MESSAGE { id: 100000063, result: { id: '38ef50a4381956d1' } }
---

--- 2026-04-27T04:20:22.096Z debug
[InspectorProxyWorker] SEND TO RUNTIME {"method":"Runtime.getIsolateId","id":100000067}
---

--- 2026-04-27T04:20:22.096Z debug
[InspectorProxyWorker] RUNTIME INCOMING MESSAGE { id: 100000065, result: { id: '38ef50a4381956d1' } }
---

--- 2026-04-27T04:20:22.097Z debug
[InspectorProxyWorker] RUNTIME INCOMING MESSAGE { id: 100000066, result: { id: '38ef50a4381956d1' } }
---

--- 2026-04-27T04:20:22.097Z debug
[InspectorProxyWorker] SEND TO RUNTIME {"method":"Runtime.getIsolateId","id":100000068}
---

--- 2026-04-27T04:20:22.097Z debug
[InspectorProxyWorker] SEND TO RUNTIME {"method":"Runtime.getIsolateId","id":100000069}
---

--- 2026-04-27T04:20:22.098Z debug
[InspectorProxyWorker] RUNTIME INCOMING MESSAGE { id: 100000067, result: { id: '38ef50a4381956d1' } }
---

--- 2026-04-27T04:20:22.098Z debug
[InspectorProxyWorker] SEND TO RUNTIME {"method":"Runtime.getIsolateId","id":100000070}
---

--- 2026-04-27T04:20:22.099Z debug
[InspectorProxyWorker] RUNTIME INCOMING MESSAGE { id: 100000068, result: { id: '38ef50a4381956d1' } }
---

--- 2026-04-27T04:20:22.099Z debug
[InspectorProxyWorker] RUNTIME INCOMING MESSAGE { id: 100000070, result: { id: '38ef50a4381956d1' } }
---

--- 2026-04-27T04:20:22.099Z debug
[InspectorProxyWorker] RUNTIME INCOMING MESSAGE { id: 100000071, result: { id: '38ef50a4381956d1' } }
---

--- 2026-04-27T04:20:22.100Z debug
[InspectorProxyWorker] RUNTIME INCOMING MESSAGE { id: 100000072, result: { id: '38ef50a4381956d1' } }
---

--- 2026-04-27T04:20:22.100Z debug
[InspectorProxyWorker] RUNTIME INCOMING MESSAGE { id: 100000073, result: { id: '38ef50a4381956d1' } }
---

--- 2026-04-27T04:20:22.100Z debug
[InspectorProxyWorker] SEND TO RUNTIME {"method":"Runtime.getIsolateId","id":100000077}
---

--- 2026-04-27T04:20:22.101Z debug
[InspectorProxyWorker] RUNTIME INCOMING MESSAGE { id: 100000075, result: { id: '38ef50a4381956d1' } }
---

--- 2026-04-27T04:20:22.101Z debug
[InspectorProxyWorker] RUNTIME INCOMING MESSAGE { id: 100000076, result: { id: '38ef50a4381956d1' } }
---

--- 2026-04-27T04:20:22.102Z debug
[InspectorProxyWorker] RUNTIME INCOMING MESSAGE { id: 100000077, result: { id: '38ef50a4381956d1' } }
---

--- 2026-04-27T04:20:22.103Z debug
[InspectorProxyWorker] RUNTIME INCOMING MESSAGE { id: 100000078, result: { id: '38ef50a4381956d1' } }
---

--- 2026-04-27T04:20:22.103Z debug
[InspectorProxyWorker] RUNTIME INCOMING MESSAGE { id: 100000080, result: { id: '38ef50a4381956d1' } }
---

--- 2026-04-27T04:20:22.104Z debug
[InspectorProxyWorker] RUNTIME INCOMING MESSAGE { id: 100000081, result: { id: '38ef50a4381956d1' } }
---

--- 2026-04-27T04:20:22.104Z debug
[InspectorProxyWorker] RUNTIME INCOMING MESSAGE { id: 100000082, result: { id: '38ef50a4381956d1' } }
---

--- 2026-04-27T04:20:22.107Z debug
[InspectorProxyWorker] SEND TO RUNTIME {"method":"Runtime.getIsolateId","id":100000084}
---

--- 2026-04-27T04:20:22.107Z debug
[InspectorProxyWorker] RUNTIME INCOMING MESSAGE { id: 100000083, result: { id: '38ef50a4381956d1' } }
---

--- 2026-04-27T04:20:22.107Z debug
[InspectorProxyWorker] SEND TO RUNTIME {"method":"Runtime.getIsolateId","id":100000085}
---

--- 2026-04-27T04:20:22.107Z debug
[InspectorProxyWorker] RUNTIME INCOMING MESSAGE { id: 100000084, result: { id: '38ef50a4381956d1' } }
---

--- 2026-04-27T04:20:22.108Z debug
[InspectorProxyWorker] SEND TO RUNTIME {"method":"Runtime.getIsolateId","id":100000086}
---

--- 2026-04-27T04:20:22.109Z debug
[InspectorProxyWorker] SEND TO RUNTIME {"method":"Runtime.getIsolateId","id":100000087}
---

--- 2026-04-27T04:20:22.109Z debug
[InspectorProxyWorker] RUNTIME INCOMING MESSAGE { id: 100000085, result: { id: '38ef50a4381956d1' } }
---

--- 2026-04-27T04:20:22.110Z debug
[InspectorProxyWorker] SEND TO RUNTIME {"method":"Runtime.getIsolateId","id":100000088}
---

--- 2026-04-27T04:20:22.110Z debug
[InspectorProxyWorker] RUNTIME INCOMING MESSAGE { id: 100000086, result: { id: '38ef50a4381956d1' } }
---

--- 2026-04-27T04:20:22.110Z debug
[InspectorProxyWorker] RUNTIME INCOMING MESSAGE { id: 100000087, result: { id: '38ef50a4381956d1' } }
---

--- 2026-04-27T04:20:22.111Z debug
[InspectorProxyWorker] SEND TO RUNTIME {"method":"Runtime.getIsolateId","id":100000089}
---

--- 2026-04-27T04:20:22.111Z debug
[InspectorProxyWorker] RUNTIME INCOMING MESSAGE { id: 100000088, result: { id: '38ef50a4381956d1' } }
---

--- 2026-04-27T04:20:22.111Z debug
[InspectorProxyWorker] SEND TO RUNTIME {"method":"Runtime.getIsolateId","id":100000090}
---

--- 2026-04-27T04:20:22.111Z debug
[InspectorProxyWorker] SEND TO RUNTIME {"method":"Runtime.getIsolateId","id":100000092}
---

--- 2026-04-27T04:20:22.112Z debug
[InspectorProxyWorker] SEND TO RUNTIME {"method":"Runtime.getIsolateId","id":100000094}
---

--- 2026-04-27T04:20:22.112Z debug
[InspectorProxyWorker] SEND TO RUNTIME {"method":"Runtime.getIsolateId","id":100000096}
---

--- 2026-04-27T04:20:22.112Z debug
[InspectorProxyWorker] SEND TO RUNTIME {"method":"Runtime.getIsolateId","id":100000091}
---

--- 2026-04-27T04:20:22.112Z debug
[InspectorProxyWorker] RUNTIME INCOMING MESSAGE { id: 100000089, result: { id: '38ef50a4381956d1' } }
---

--- 2026-04-27T04:20:22.113Z debug
[InspectorProxyWorker] SEND TO RUNTIME {"method":"Runtime.getIsolateId","id":100000093}
---

--- 2026-04-27T04:20:22.113Z debug
[InspectorProxyWorker] SEND TO RUNTIME {"method":"Runtime.getIsolateId","id":100000095}
---

--- 2026-04-27T04:20:22.113Z debug
[InspectorProxyWorker] RUNTIME INCOMING MESSAGE { id: 100000090, result: { id: '38ef50a4381956d1' } }
---

--- 2026-04-27T04:20:22.114Z debug
[InspectorProxyWorker] RUNTIME INCOMING MESSAGE { id: 100000091, result: { id: '38ef50a4381956d1' } }
---

--- 2026-04-27T04:20:22.114Z debug
[InspectorProxyWorker] SEND TO RUNTIME {"method":"Runtime.getIsolateId","id":100000098}
---

--- 2026-04-27T04:20:22.115Z debug
[InspectorProxyWorker] RUNTIME INCOMING MESSAGE { id: 100000093, result: { id: '38ef50a4381956d1' } }
---

--- 2026-04-27T04:20:22.115Z debug
[InspectorProxyWorker] RUNTIME INCOMING MESSAGE { id: 100000092, result: { id: '38ef50a4381956d1' } }
---

--- 2026-04-27T04:20:22.115Z debug
[InspectorProxyWorker] SEND TO RUNTIME {"method":"Runtime.getIsolateId","id":100000099}
---

--- 2026-04-27T04:20:22.115Z debug
[InspectorProxyWorker] SEND TO RUNTIME {"method":"Runtime.getIsolateId","id":100000097}
---

--- 2026-04-27T04:20:22.117Z debug
[InspectorProxyWorker] RUNTIME INCOMING MESSAGE { id: 100000094, result: { id: '38ef50a4381956d1' } }
---

--- 2026-04-27T04:20:22.118Z debug
[InspectorProxyWorker] RUNTIME INCOMING MESSAGE { id: 100000095, result: { id: '38ef50a4381956d1' } }
---

--- 2026-04-27T04:20:22.118Z debug
[InspectorProxyWorker] RUNTIME INCOMING MESSAGE { id: 100000096, result: { id: '38ef50a4381956d1' } }
---

--- 2026-04-27T04:20:22.119Z debug
[InspectorProxyWorker] RUNTIME INCOMING MESSAGE { id: 100000097, result: { id: '38ef50a4381956d1' } }
---

--- 2026-04-27T04:20:22.119Z debug
[InspectorProxyWorker] RUNTIME INCOMING MESSAGE { id: 100000098, result: { id: '38ef50a4381956d1' } }
---

--- 2026-04-27T04:20:22.119Z debug
[InspectorProxyWorker] RUNTIME INCOMING MESSAGE { id: 100000099, result: { id: '38ef50a4381956d1' } }
---

--- 2026-04-27T04:20:22.119Z debug
[InspectorProxyWorker] SEND TO RUNTIME {"method":"Runtime.getIsolateId","id":100000102}
---

--- 2026-04-27T04:20:22.120Z debug
[InspectorProxyWorker] SEND TO RUNTIME {"method":"Runtime.getIsolateId","id":100000103}
---

--- 2026-04-27T04:20:22.121Z debug
[InspectorProxyWorker] SEND TO RUNTIME {"method":"Runtime.getIsolateId","id":100000100}
---

--- 2026-04-27T04:20:22.122Z debug
[InspectorProxyWorker] SEND TO RUNTIME {"method":"Runtime.getIsolateId","id":100000101}
---

--- 2026-04-27T04:20:22.122Z debug
[InspectorProxyWorker] RUNTIME INCOMING MESSAGE { id: 100000100, result: { id: '38ef50a4381956d1' } }
---

--- 2026-04-27T04:20:22.123Z debug
[InspectorProxyWorker] RUNTIME INCOMING MESSAGE { id: 100000101, result: { id: '38ef50a4381956d1' } }
---

--- 2026-04-27T04:20:22.123Z debug
[InspectorProxyWorker] RUNTIME INCOMING MESSAGE { id: 100000102, result: { id: '38ef50a4381956d1' } }
---

--- 2026-04-27T04:20:22.124Z debug
[InspectorProxyWorker] SEND TO RUNTIME {"method":"Runtime.getIsolateId","id":100000106}
---

--- 2026-04-27T04:20:22.124Z debug
[InspectorProxyWorker] SEND TO RUNTIME {"method":"Runtime.getIsolateId","id":100000107}
---

--- 2026-04-27T04:20:22.125Z debug
[InspectorProxyWorker] SEND TO RUNTIME {"method":"Runtime.getIsolateId","id":100000110}
---

--- 2026-04-27T04:20:22.125Z debug
[InspectorProxyWorker] SEND TO RUNTIME {"method":"Runtime.getIsolateId","id":100000116}
---

--- 2026-04-27T04:20:22.125Z debug
[InspectorProxyWorker] SEND TO RUNTIME {"method":"Runtime.getIsolateId","id":100000104}
---

--- 2026-04-27T04:20:22.126Z debug
[InspectorProxyWorker] RUNTIME INCOMING MESSAGE { id: 100000103, result: { id: '38ef50a4381956d1' } }
---

--- 2026-04-27T04:20:22.127Z debug
[InspectorProxyWorker] SEND TO RUNTIME {"method":"Runtime.getIsolateId","id":100000105}
---

--- 2026-04-27T04:20:22.127Z debug
[InspectorProxyWorker] RUNTIME INCOMING MESSAGE { id: 100000104, result: { id: '38ef50a4381956d1' } }
---

--- 2026-04-27T04:20:22.128Z debug
[InspectorProxyWorker] RUNTIME INCOMING MESSAGE { id: 100000105, result: { id: '38ef50a4381956d1' } }
---

--- 2026-04-27T04:20:22.128Z debug
[InspectorProxyWorker] SEND TO RUNTIME {"method":"Runtime.getIsolateId","id":100000108}
---

--- 2026-04-27T04:20:22.129Z debug
[InspectorProxyWorker] SEND TO RUNTIME {"method":"Runtime.getIsolateId","id":100000109}
---

--- 2026-04-27T04:20:22.129Z debug
[InspectorProxyWorker] SEND TO RUNTIME {"method":"Runtime.getIsolateId","id":100000111}
---

--- 2026-04-27T04:20:22.129Z debug
[InspectorProxyWorker] SEND TO RUNTIME {"method":"Runtime.getIsolateId","id":100000112}
---

--- 2026-04-27T04:20:22.130Z debug
[InspectorProxyWorker] SEND TO RUNTIME {"method":"Runtime.getIsolateId","id":100000113}
---

--- 2026-04-27T04:20:22.130Z debug
[InspectorProxyWorker] SEND TO RUNTIME {"method":"Runtime.getIsolateId","id":100000114}
---

--- 2026-04-27T04:20:22.130Z debug
[InspectorProxyWorker] SEND TO RUNTIME {"method":"Runtime.getIsolateId","id":100000115}
---

--- 2026-04-27T04:20:22.131Z debug
[InspectorProxyWorker] SEND TO RUNTIME {"method":"Runtime.getIsolateId","id":100000117}
---

--- 2026-04-27T04:20:22.131Z debug
[InspectorProxyWorker] RUNTIME INCOMING MESSAGE { id: 100000106, result: { id: '38ef50a4381956d1' } }
---

--- 2026-04-27T04:20:22.131Z debug
[InspectorProxyWorker] RUNTIME INCOMING MESSAGE { id: 100000107, result: { id: '38ef50a4381956d1' } }
---

--- 2026-04-27T04:20:22.131Z debug
[InspectorProxyWorker] RUNTIME INCOMING MESSAGE { id: 100000108, result: { id: '38ef50a4381956d1' } }
---

--- 2026-04-27T04:20:22.133Z debug
[InspectorProxyWorker] RUNTIME INCOMING MESSAGE { id: 100000118, result: { id: '38ef50a4381956d1' } }
---

--- 2026-04-27T04:20:22.133Z debug
[InspectorProxyWorker] SEND TO RUNTIME {"method":"Runtime.getIsolateId","id":100000118}
---

--- 2026-04-27T04:20:22.134Z debug
[InspectorProxyWorker] SEND TO RUNTIME {"method":"Runtime.getIsolateId","id":100000119}
---

--- 2026-04-27T04:20:22.135Z debug
[InspectorProxyWorker] SEND TO RUNTIME {"method":"Runtime.getIsolateId","id":100000120}
---

--- 2026-04-27T04:20:22.135Z debug
[InspectorProxyWorker] SEND TO RUNTIME {"method":"Runtime.getIsolateId","id":100000122}
---

--- 2026-04-27T04:20:22.135Z debug
[InspectorProxyWorker] SEND TO RUNTIME {"method":"Runtime.getIsolateId","id":100000121}
---

--- 2026-04-27T04:20:22.136Z debug
[InspectorProxyWorker] SEND TO RUNTIME {"method":"Runtime.getIsolateId","id":100000123}
---

--- 2026-04-27T04:20:22.136Z debug
[InspectorProxyWorker] SEND TO RUNTIME {"method":"Runtime.getIsolateId","id":100000125}
---

--- 2026-04-27T04:20:22.136Z debug
[InspectorProxyWorker] SEND TO RUNTIME {"method":"Runtime.getIsolateId","id":100000126}
---

--- 2026-04-27T04:20:22.137Z debug
[InspectorProxyWorker] SEND TO RUNTIME {"method":"Runtime.getIsolateId","id":100000128}
---

--- 2026-04-27T04:20:22.137Z debug
[InspectorProxyWorker] SEND TO RUNTIME {"method":"Runtime.getIsolateId","id":100000130}
---

--- 2026-04-27T04:20:22.137Z debug
[InspectorProxyWorker] SEND TO RUNTIME {"method":"Runtime.getIsolateId","id":100000131}
---

--- 2026-04-27T04:20:22.138Z debug
[InspectorProxyWorker] SEND TO RUNTIME {"method":"Runtime.getIsolateId","id":100000134}
---

--- 2026-04-27T04:20:22.138Z debug
[InspectorProxyWorker] SEND TO RUNTIME {"method":"Runtime.getIsolateId","id":100000136}
---

--- 2026-04-27T04:20:22.138Z debug
[InspectorProxyWorker] SEND TO RUNTIME {"method":"Runtime.getIsolateId","id":100000139}
---

--- 2026-04-27T04:20:22.139Z debug
[InspectorProxyWorker] RUNTIME INCOMING MESSAGE { id: 100000109, result: { id: '38ef50a4381956d1' } }
---

--- 2026-04-27T04:20:22.139Z debug
[InspectorProxyWorker] RUNTIME INCOMING MESSAGE { id: 100000110, result: { id: '38ef50a4381956d1' } }
---

--- 2026-04-27T04:20:22.140Z debug
[InspectorProxyWorker] RUNTIME INCOMING MESSAGE { id: 100000111, result: { id: '38ef50a4381956d1' } }
---

--- 2026-04-27T04:20:22.140Z debug
[InspectorProxyWorker] RUNTIME INCOMING MESSAGE { id: 100000112, result: { id: '38ef50a4381956d1' } }
---

--- 2026-04-27T04:20:22.140Z debug
[InspectorProxyWorker] RUNTIME INCOMING MESSAGE { id: 100000113, result: { id: '38ef50a4381956d1' } }
---

--- 2026-04-27T04:20:22.140Z debug
[InspectorProxyWorker] RUNTIME INCOMING MESSAGE { id: 100000114, result: { id: '38ef50a4381956d1' } }
---

--- 2026-04-27T04:20:22.141Z debug
[InspectorProxyWorker] RUNTIME INCOMING MESSAGE { id: 100000115, result: { id: '38ef50a4381956d1' } }
---

--- 2026-04-27T04:20:22.141Z debug
[InspectorProxyWorker] RUNTIME INCOMING MESSAGE { id: 100000116, result: { id: '38ef50a4381956d1' } }
---

--- 2026-04-27T04:20:22.141Z debug
[InspectorProxyWorker] RUNTIME INCOMING MESSAGE { id: 100000117, result: { id: '38ef50a4381956d1' } }
---

--- 2026-04-27T04:20:22.142Z debug
[InspectorProxyWorker] RUNTIME INCOMING MESSAGE { id: 100000119, result: { id: '38ef50a4381956d1' } }
---

--- 2026-04-27T04:20:22.143Z debug
[InspectorProxyWorker] RUNTIME INCOMING MESSAGE { id: 100000120, result: { id: '38ef50a4381956d1' } }
---

--- 2026-04-27T04:20:22.143Z debug
[InspectorProxyWorker] RUNTIME INCOMING MESSAGE { id: 100000121, result: { id: '38ef50a4381956d1' } }
---

--- 2026-04-27T04:20:22.143Z debug
[InspectorProxyWorker] RUNTIME INCOMING MESSAGE { id: 100000122, result: { id: '38ef50a4381956d1' } }
---

--- 2026-04-27T04:20:22.143Z debug
[InspectorProxyWorker] SEND TO RUNTIME {"method":"Runtime.getIsolateId","id":100000124}
---

--- 2026-04-27T04:20:22.144Z debug
[InspectorProxyWorker] RUNTIME INCOMING MESSAGE { id: 100000123, result: { id: '38ef50a4381956d1' } }
---

--- 2026-04-27T04:20:22.144Z debug
[InspectorProxyWorker] RUNTIME INCOMING MESSAGE { id: 100000124, result: { id: '38ef50a4381956d1' } }
---

--- 2026-04-27T04:20:22.144Z debug
[InspectorProxyWorker] RUNTIME INCOMING MESSAGE { id: 100000125, result: { id: '38ef50a4381956d1' } }
---

--- 2026-04-27T04:20:22.144Z debug
[InspectorProxyWorker] SEND TO RUNTIME {"method":"Runtime.getIsolateId","id":100000127}
---

--- 2026-04-27T04:20:22.145Z debug
[InspectorProxyWorker] RUNTIME INCOMING MESSAGE { id: 100000126, result: { id: '38ef50a4381956d1' } }
---

--- 2026-04-27T04:20:22.145Z debug
[InspectorProxyWorker] RUNTIME INCOMING MESSAGE { id: 100000127, result: { id: '38ef50a4381956d1' } }
---

--- 2026-04-27T04:20:22.146Z debug
[InspectorProxyWorker] SEND TO RUNTIME {"method":"Runtime.getIsolateId","id":100000129}
---

--- 2026-04-27T04:20:22.146Z debug
[InspectorProxyWorker] RUNTIME INCOMING MESSAGE { id: 100000128, result: { id: '38ef50a4381956d1' } }
---

--- 2026-04-27T04:20:22.147Z debug
[InspectorProxyWorker] RUNTIME INCOMING MESSAGE { id: 100000129, result: { id: '38ef50a4381956d1' } }
---

--- 2026-04-27T04:20:22.147Z debug
[InspectorProxyWorker] SEND TO RUNTIME {"method":"Runtime.getIsolateId","id":100000132}
---

--- 2026-04-27T04:20:22.149Z debug
[InspectorProxyWorker] SEND TO RUNTIME {"method":"Runtime.getIsolateId","id":100000133}
---

--- 2026-04-27T04:20:22.150Z debug
[InspectorProxyWorker] SEND TO RUNTIME {"method":"Runtime.getIsolateId","id":100000135}
---

--- 2026-04-27T04:20:22.150Z debug
[InspectorProxyWorker] SEND TO RUNTIME {"method":"Runtime.getIsolateId","id":100000137}
---

--- 2026-04-27T04:20:22.150Z debug
[InspectorProxyWorker] SEND TO RUNTIME {"method":"Runtime.getIsolateId","id":100000138}
---

--- 2026-04-27T04:20:22.151Z debug
[InspectorProxyWorker] RUNTIME INCOMING MESSAGE { id: 100000130, result: { id: '38ef50a4381956d1' } }
---

--- 2026-04-27T04:20:22.152Z debug
[InspectorProxyWorker] SEND TO RUNTIME {"method":"Runtime.getIsolateId","id":100000141}
---

--- 2026-04-27T04:20:22.152Z debug
[InspectorProxyWorker] SEND TO RUNTIME {"method":"Runtime.getIsolateId","id":100000140}
---

--- 2026-04-27T04:20:22.153Z debug
[InspectorProxyWorker] RUNTIME INCOMING MESSAGE { id: 100000140, result: { id: '38ef50a4381956d1' } }
---

--- 2026-04-27T04:20:22.153Z debug
[InspectorProxyWorker] RUNTIME INCOMING MESSAGE { id: 100000141, result: { id: '38ef50a4381956d1' } }
---

--- 2026-04-27T04:20:22.154Z debug
[InspectorProxyWorker] RUNTIME INCOMING MESSAGE { id: 100000131, result: { id: '38ef50a4381956d1' } }
---

--- 2026-04-27T04:20:22.155Z debug
[InspectorProxyWorker] RUNTIME INCOMING MESSAGE { id: 100000132, result: { id: '38ef50a4381956d1' } }
---

--- 2026-04-27T04:20:22.156Z debug
[InspectorProxyWorker] RUNTIME INCOMING MESSAGE { id: 100000133, result: { id: '38ef50a4381956d1' } }
---

--- 2026-04-27T04:20:22.157Z debug
[InspectorProxyWorker] RUNTIME INCOMING MESSAGE { id: 100000134, result: { id: '38ef50a4381956d1' } }
---

--- 2026-04-27T04:20:22.157Z debug
[InspectorProxyWorker] RUNTIME INCOMING MESSAGE { id: 100000135, result: { id: '38ef50a4381956d1' } }
---

--- 2026-04-27T04:20:22.158Z debug
[InspectorProxyWorker] RUNTIME INCOMING MESSAGE { id: 100000136, result: { id: '38ef50a4381956d1' } }
---

--- 2026-04-27T04:20:22.159Z debug
[InspectorProxyWorker] RUNTIME INCOMING MESSAGE { id: 100000137, result: { id: '38ef50a4381956d1' } }
---

--- 2026-04-27T04:20:22.159Z debug
[InspectorProxyWorker] RUNTIME INCOMING MESSAGE { id: 100000138, result: { id: '38ef50a4381956d1' } }
---

--- 2026-04-27T04:20:22.160Z debug
[InspectorProxyWorker] RUNTIME INCOMING MESSAGE { id: 100000139, result: { id: '38ef50a4381956d1' } }
---

--- 2026-04-27T04:20:25.670Z debug
[InspectorProxyWorker] SEND TO RUNTIME {"method":"Runtime.getIsolateId","id":100000142}
---

--- 2026-04-27T04:20:25.671Z debug
[InspectorProxyWorker] RUNTIME INCOMING MESSAGE { id: 100000142, result: { id: '38ef50a4381956d1' } }
---

--- 2026-04-27T04:20:35.672Z debug
[InspectorProxyWorker] SEND TO RUNTIME {"method":"Runtime.getIsolateId","id":100000143}
---

--- 2026-04-27T04:20:35.673Z debug
[InspectorProxyWorker] RUNTIME INCOMING MESSAGE { id: 100000143, result: { id: '38ef50a4381956d1' } }
---

--- 2026-04-27T04:20:45.669Z debug
[InspectorProxyWorker] SEND TO RUNTIME {"method":"Runtime.getIsolateId","id":100000144}
---

--- 2026-04-27T04:20:45.670Z debug
[InspectorProxyWorker] RUNTIME INCOMING MESSAGE { id: 100000144, result: { id: '38ef50a4381956d1' } }
---

--- 2026-04-27T04:20:56.449Z debug
[InspectorProxyWorker] SEND TO RUNTIME {"method":"Runtime.getIsolateId","id":100000145}
---

--- 2026-04-27T04:20:56.450Z debug
[InspectorProxyWorker] RUNTIME INCOMING MESSAGE { id: 100000145, result: { id: '38ef50a4381956d1' } }
---

--- 2026-04-27T04:21:03.514Z log
[proxy]: 1:21:03 PM [vite] (client) hmr update /src/pages/Home.tsx, /src/index.css

---

--- 2026-04-27T04:21:05.673Z debug
[InspectorProxyWorker] SEND TO RUNTIME {"method":"Runtime.getIsolateId","id":100000146}
---

--- 2026-04-27T04:21:05.675Z debug
[InspectorProxyWorker] RUNTIME INCOMING MESSAGE { id: 100000146, result: { id: '38ef50a4381956d1' } }
---

--- 2026-04-27T04:21:15.667Z debug
[InspectorProxyWorker] SEND TO RUNTIME {"method":"Runtime.getIsolateId","id":100000147}
---

--- 2026-04-27T04:21:15.668Z debug
[InspectorProxyWorker] RUNTIME INCOMING MESSAGE { id: 100000147, result: { id: '38ef50a4381956d1' } }
---

--- 2026-04-27T04:21:28.223Z debug
[InspectorProxyWorker] SEND TO RUNTIME {"method":"Runtime.getIsolateId","id":100000148}
---

--- 2026-04-27T04:21:28.224Z debug
[InspectorProxyWorker] RUNTIME INCOMING MESSAGE { id: 100000148, result: { id: '38ef50a4381956d1' } }
---

--- 2026-04-27T04:21:35.669Z debug
[InspectorProxyWorker] SEND TO RUNTIME {"method":"Runtime.getIsolateId","id":100000149}
---

--- 2026-04-27T04:21:35.670Z debug
[InspectorProxyWorker] RUNTIME INCOMING MESSAGE { id: 100000149, result: { id: '38ef50a4381956d1' } }
---

--- 2026-04-27T04:21:45.672Z debug
[InspectorProxyWorker] SEND TO RUNTIME {"method":"Runtime.getIsolateId","id":100000150}
---

--- 2026-04-27T04:21:45.674Z debug
[InspectorProxyWorker] RUNTIME INCOMING MESSAGE { id: 100000150, result: { id: '38ef50a4381956d1' } }
---

--- 2026-04-27T04:21:47.697Z log
[proxy]: 1:21:47 PM [vite] (client) hmr update /src/pages/Home.tsx, /src/index.css

---

--- 2026-04-27T04:21:54.243Z log
[proxy]: 1:21:54 PM [vite] (client) hmr update /src/pages/Home.tsx, /src/index.css

---

--- 2026-04-27T04:21:55.672Z debug
[InspectorProxyWorker] SEND TO RUNTIME {"method":"Runtime.getIsolateId","id":100000151}
---

--- 2026-04-27T04:21:55.672Z debug
[InspectorProxyWorker] RUNTIME INCOMING MESSAGE { id: 100000151, result: { id: '38ef50a4381956d1' } }
---

--- 2026-04-27T04:22:08.024Z debug
[InspectorProxyWorker] SEND TO RUNTIME {"method":"Runtime.getIsolateId","id":100000152}
---

--- 2026-04-27T04:22:08.027Z debug
[InspectorProxyWorker] RUNTIME INCOMING MESSAGE { id: 100000152, result: { id: '38ef50a4381956d1' } }
---

--- 2026-04-27T04:22:13.663Z log
[proxy]: 1:22:13 PM [vite] (client) hmr update /src/pages/Home.tsx, /src/index.css

---

--- 2026-04-27T04:22:15.666Z debug
[InspectorProxyWorker] SEND TO RUNTIME {"method":"Runtime.getIsolateId","id":100000153}
---

--- 2026-04-27T04:22:15.667Z debug
[InspectorProxyWorker] RUNTIME INCOMING MESSAGE { id: 100000153, result: { id: '38ef50a4381956d1' } }
---

--- 2026-04-27T04:22:25.672Z debug
[InspectorProxyWorker] SEND TO RUNTIME {"method":"Runtime.getIsolateId","id":100000154}
---

--- 2026-04-27T04:22:25.673Z debug
[InspectorProxyWorker] RUNTIME INCOMING MESSAGE { id: 100000154, result: { id: '38ef50a4381956d1' } }
---

--- 2026-04-27T04:22:25.710Z debug
DevEnv teardown beginning...
---

--- 2026-04-27T04:22:25.710Z debug
ConfigController teardown beginning...
---

--- 2026-04-27T04:22:25.710Z debug
BundlerController teardown beginning...
---

--- 2026-04-27T04:22:25.722Z debug
LocalRuntimeController teardown beginning...
---

--- 2026-04-27T04:22:25.722Z log
⎔ Shutting down local server...
---

--- 2026-04-27T04:22:25.723Z debug
RemoteRuntimeController teardown beginning...
---

--- 2026-04-27T04:22:25.723Z debug
RemoteRuntimeController teardown complete
---

--- 2026-04-27T04:22:25.723Z debug
ProxyController teardown beginning...
---

--- 2026-04-27T04:22:25.723Z debug
ConfigController teardown complete
---

--- 2026-04-27T04:22:25.738Z debug
ProxyController teardown complete
---

--- 2026-04-27T04:22:25.739Z debug
LocalRuntimeController teardown complete
---
