
--- 2026-04-27T03:10:44.333Z debug
🪵  Writing logs to "/home/sora81dev/.config/.wrangler/logs/wrangler-2026-04-27_03-10-44_190.log"
---

--- 2026-04-27T03:10:44.333Z debug
.env file not found at "/home/sora81dev/kosen/test-notice/test-notice-web/.env". Continuing... For more details, refer to https://developers.cloudflare.com/workers/wrangler/system-environment-variables/
---

--- 2026-04-27T03:10:44.334Z debug
.env file not found at "/home/sora81dev/kosen/test-notice/test-notice-web/.env.local". Continuing... For more details, refer to https://developers.cloudflare.com/workers/wrangler/system-environment-variables/
---

--- 2026-04-27T03:10:44.349Z log

 ⛅️ wrangler 4.61.1 (update available 4.85.0)
─────────────────────────────────────────────
---

--- 2026-04-27T03:10:44.352Z debug
Metrics dispatcher: Posting data {"deviceId":"20b5732c-5bd8-49f2-9822-765f219bb4d8","event":"wrangler command started","timestamp":1777259444352,"properties":{"amplitude_session_id":1777259444350,"amplitude_event_id":0,"wranglerVersion":"4.61.1","wranglerMajorVersion":4,"wranglerMinorVersion":61,"wranglerPatchVersion":1,"osPlatform":"Linux","osVersion":"#1 SMP PREEMPT_DYNAMIC Thu Jun  5 18:30:46 UTC 2025","nodeVersion":24,"packageManager":"npm","isFirstUsage":false,"configFileType":"none","isCI":false,"isPagesCI":false,"isWorkersCI":false,"isInteractive":true,"hasAssets":false,"argsUsed":[],"argsCombination":"","agent":null,"sanitizedCommand":"pages dev","sanitizedArgs":{}}}
---

--- 2026-04-27T03:10:44.424Z warn
▲ [WARNING] Specifying a `-- <command>` or `--proxy` is deprecated and will be removed in a future version of Wrangler.

  Build your application to a directory and run the `wrangler pages dev <directory>` instead.
  This results in a more faithful emulation of production behavior.


---

--- 2026-04-27T03:10:44.425Z log
Running npm run vite-dev...
---

--- 2026-04-27T03:10:44.429Z log
Sleeping 5 seconds to allow proxy process to start before attempting to automatically determine port...
---

--- 2026-04-27T03:10:44.429Z log
To skip, specify the proxy port with --proxy.
---

--- 2026-04-27T03:10:44.523Z log
[proxy]: 
> test-notice-web@0.0.0 vite-dev
> vite


---

--- 2026-04-27T03:10:44.837Z log
[proxy]: 
  VITE v7.3.1  ready in 283 ms


---

--- 2026-04-27T03:10:44.838Z log
[proxy]:   ➜  Local:   http://localhost:5173/
  ➜  Network: use --host to expose

---

--- 2026-04-27T03:10:52.666Z log
Automatically determined the proxy port to be 5173.
---

--- 2026-04-27T03:10:52.669Z debug
Compiling worker to "/home/sora81dev/kosen/test-notice/test-notice-web/.wrangler/tmp/pages-JnjhCo/functionsWorker-0.2991349961831472.mjs"...
---

--- 2026-04-27T03:10:52.718Z log
✨ Compiled Worker successfully
---

--- 2026-04-27T03:10:52.719Z debug
Metrics dispatcher: Posting data {"deviceId":"20b5732c-5bd8-49f2-9822-765f219bb4d8","event":"build pages functions","timestamp":1777259452719,"properties":{"category":"Workers","wranglerVersion":"4.61.1","wranglerMajorVersion":4,"wranglerMinorVersion":61,"wranglerPatchVersion":1,"os":"linux:x64","agent":null}}
---

--- 2026-04-27T03:10:52.722Z debug
setting config
---

--- 2026-04-27T03:10:52.722Z debug
Updating config... undefined undefined
---

--- 2026-04-27T03:10:52.729Z debug
local dev variables file not found at ".dev.vars". Continuing... For more details, refer to https://developers.cloudflare.com/workers/wrangler/system-environment-variables/
---

--- 2026-04-27T03:10:52.729Z debug
.env file not found at "/home/sora81dev/kosen/test-notice/test-notice-web/.env". Continuing... For more details, refer to https://developers.cloudflare.com/workers/wrangler/system-environment-variables/
---

--- 2026-04-27T03:10:52.729Z debug
.env file not found at "/home/sora81dev/kosen/test-notice/test-notice-web/.env.local". Continuing... For more details, refer to https://developers.cloudflare.com/workers/wrangler/system-environment-variables/
---

--- 2026-04-27T03:10:52.745Z debug
Metrics dispatcher: Posting data {"deviceId":"20b5732c-5bd8-49f2-9822-765f219bb4d8","event":"run pages dev","timestamp":1777259452745,"properties":{"category":"Workers","wranglerVersion":"4.61.1","wranglerMajorVersion":4,"wranglerMinorVersion":61,"wranglerPatchVersion":1,"os":"linux:x64","agent":null}}
---

--- 2026-04-27T03:10:52.810Z debug
RemoteRuntimeController teardown beginning...
---

--- 2026-04-27T03:10:52.810Z debug
RemoteRuntimeController teardown complete
---

--- 2026-04-27T03:10:52.816Z log
⎔ Starting local server...
---

--- 2026-04-27T03:10:52.867Z debug
[InspectorProxyWorker] handleProxyControllerIncomingMessage {"type":"reloadStart"}
---

--- 2026-04-27T03:10:53.137Z debug
[InspectorProxyWorker] handleProxyControllerIncomingMessage {"type":"reloadComplete","proxyData":{"userWorkerUrl":{"protocol":"http:","hostname":"127.0.0.1","port":"42999"},"userWorkerInspectorUrl":{"protocol":"ws:","hostname":"127.0.0.1","port":"34355","pathname":"/core:user:test-notice-web"},"userWorkerInnerUrlOverrides":{"protocol":"http:"},"headers":{"MF-Proxy-Shared-Secret":"38a246d0-9d86-4569-befb-2c1c7baedab3"},"liveReload":false,"proxyLogsToController":false}}
---

--- 2026-04-27T03:10:53.138Z debug
[InspectorProxyWorker] reconnectRuntimeWebSocket
---

--- 2026-04-27T03:10:53.138Z debug
[InspectorProxyWorker] NEW RUNTIME WEBSOCKET http://127.0.0.1:34355/core:user:test-notice-web
---

--- 2026-04-27T03:10:53.138Z debug
[InspectorProxyWorker] SEND TO DEVTOOLS {"method":"Runtime.executionContextsCleared"}
---

--- 2026-04-27T03:10:53.140Z debug
[InspectorProxyWorker] RUNTIME WEBSOCKET OPENED
---

--- 2026-04-27T03:10:53.140Z debug
[InspectorProxyWorker] SEND TO RUNTIME {"method":"Runtime.enable","id":100000001}
---

--- 2026-04-27T03:10:53.140Z debug
[InspectorProxyWorker] SEND TO RUNTIME {"method":"Debugger.enable","id":100000002}
---

--- 2026-04-27T03:10:53.141Z debug
[InspectorProxyWorker] RUNTIME INCOMING MESSAGE { id: 100000001, result: {} }
---

--- 2026-04-27T03:10:53.142Z debug
[InspectorProxyWorker] RUNTIME INCOMING MESSAGE {
  method: 'Runtime.executionContextCreated',
  params: {
    context: {
      id: 283344129,
      origin: '',
      name: 'Worker',
      uniqueId: '-9095930603036178962.8462533536794496544'
    }
  }
}
---

--- 2026-04-27T03:10:53.143Z debug
[InspectorProxyWorker] SEND TO RUNTIME {"method":"Network.enable","id":100000003}
---

--- 2026-04-27T03:10:53.144Z debug
[InspectorProxyWorker] RUNTIME INCOMING MESSAGE {
  method: 'Debugger.scriptParsed',
  params: {
    scriptId: '3',
    url: 'file:///home/sora81dev/kosen/test-notice/test-notice-web/.wrangler/tmp/dev-T7k9BZ/functionsWorker-0.2991349961831472.js',
    startLine: 0,
    startColumn: 0,
    endLine: 929,
    endColumn: 133,
    executionContextId: 283344129,
    hash: '64110d62b88d9983814c346319f4b7cb663fb8e21e7fcad605506200dcde41dc',
    buildId: '',
    isLiveEdit: false,
    sourceMapURL: 'functionsWorker-0.2991349961831472.js.map',
    hasSourceURL: true,
    isModule: true,
    length: 30349,
    scriptLanguage: 'JavaScript',
    embedderName: 'functionsWorker-0.2991349961831472.js'
  }
}
---

--- 2026-04-27T03:10:53.145Z debug
[InspectorProxyWorker] RUNTIME INCOMING MESSAGE {
  id: 100000002,
  result: { debuggerId: '-1226023414743568404.-1898439359133444638' }
}
---

--- 2026-04-27T03:10:53.146Z debug
[InspectorProxyWorker] RUNTIME INCOMING MESSAGE { id: 100000003, method: 'Network.enable', result: {} }
---

--- 2026-04-27T03:11:03.145Z debug
[InspectorProxyWorker] SEND TO RUNTIME {"method":"Runtime.getIsolateId","id":100000004}
---

--- 2026-04-27T03:11:03.146Z debug
[InspectorProxyWorker] RUNTIME INCOMING MESSAGE { id: 100000004, result: { id: '6ef9ddde4a3cfafd' } }
---

--- 2026-04-27T03:11:13.144Z debug
[InspectorProxyWorker] SEND TO RUNTIME {"method":"Runtime.getIsolateId","id":100000005}
---

--- 2026-04-27T03:11:13.145Z debug
[InspectorProxyWorker] RUNTIME INCOMING MESSAGE { id: 100000005, result: { id: '6ef9ddde4a3cfafd' } }
---

--- 2026-04-27T03:11:26.045Z debug
[InspectorProxyWorker] SEND TO RUNTIME {"method":"Runtime.getIsolateId","id":100000006}
---

--- 2026-04-27T03:11:26.046Z debug
[InspectorProxyWorker] RUNTIME INCOMING MESSAGE { id: 100000006, result: { id: '6ef9ddde4a3cfafd' } }
---

--- 2026-04-27T03:55:48.332Z debug
[InspectorProxyWorker] SEND TO RUNTIME {"method":"Runtime.getIsolateId","id":100000007}
---

--- 2026-04-27T03:55:48.333Z debug
[InspectorProxyWorker] SEND TO RUNTIME {"method":"Runtime.getIsolateId","id":100000008}
---

--- 2026-04-27T03:55:48.334Z debug
[InspectorProxyWorker] SEND TO RUNTIME {"method":"Runtime.getIsolateId","id":100000012}
---

--- 2026-04-27T03:55:48.334Z debug
[InspectorProxyWorker] RUNTIME INCOMING MESSAGE { id: 100000007, result: { id: '6ef9ddde4a3cfafd' } }
---

--- 2026-04-27T03:55:48.336Z debug
[InspectorProxyWorker] SEND TO RUNTIME {"method":"Runtime.getIsolateId","id":100000016}
---

--- 2026-04-27T03:55:48.337Z debug
[InspectorProxyWorker] SEND TO RUNTIME {"method":"Runtime.getIsolateId","id":100000014}
---

--- 2026-04-27T03:55:48.337Z debug
[InspectorProxyWorker] SEND TO RUNTIME {"method":"Runtime.getIsolateId","id":100000009}
---

--- 2026-04-27T03:55:48.338Z debug
[InspectorProxyWorker] SEND TO RUNTIME {"method":"Runtime.getIsolateId","id":100000022}
---

--- 2026-04-27T03:55:48.338Z debug
[InspectorProxyWorker] SEND TO RUNTIME {"method":"Runtime.getIsolateId","id":100000017}
---

--- 2026-04-27T03:55:48.339Z debug
[InspectorProxyWorker] RUNTIME INCOMING MESSAGE { id: 100000008, result: { id: '6ef9ddde4a3cfafd' } }
---

--- 2026-04-27T03:55:48.339Z debug
[InspectorProxyWorker] SEND TO RUNTIME {"method":"Runtime.getIsolateId","id":100000023}
---

--- 2026-04-27T03:55:48.340Z debug
[InspectorProxyWorker] SEND TO RUNTIME {"method":"Runtime.getIsolateId","id":100000024}
---

--- 2026-04-27T03:55:48.341Z debug
[InspectorProxyWorker] SEND TO RUNTIME {"method":"Runtime.getIsolateId","id":100000010}
---

--- 2026-04-27T03:55:48.341Z debug
[InspectorProxyWorker] SEND TO RUNTIME {"method":"Runtime.getIsolateId","id":100000028}
---

--- 2026-04-27T03:55:48.342Z debug
[InspectorProxyWorker] SEND TO RUNTIME {"method":"Runtime.getIsolateId","id":100000026}
---

--- 2026-04-27T03:55:48.342Z debug
[InspectorProxyWorker] RUNTIME INCOMING MESSAGE { id: 100000025, result: { id: '6ef9ddde4a3cfafd' } }
---

--- 2026-04-27T03:55:48.343Z debug
[InspectorProxyWorker] SEND TO RUNTIME {"method":"Runtime.getIsolateId","id":100000027}
---

--- 2026-04-27T03:55:48.344Z debug
[InspectorProxyWorker] RUNTIME INCOMING MESSAGE { id: 100000009, result: { id: '6ef9ddde4a3cfafd' } }
---

--- 2026-04-27T03:55:48.346Z debug
[InspectorProxyWorker] RUNTIME INCOMING MESSAGE { id: 100000029, result: { id: '6ef9ddde4a3cfafd' } }
---

--- 2026-04-27T03:55:48.346Z debug
[InspectorProxyWorker] SEND TO RUNTIME {"method":"Runtime.getIsolateId","id":100000030}
---

--- 2026-04-27T03:55:48.348Z debug
[InspectorProxyWorker] SEND TO RUNTIME {"method":"Runtime.getIsolateId","id":100000029}
---

--- 2026-04-27T03:55:48.350Z debug
[InspectorProxyWorker] SEND TO RUNTIME {"method":"Runtime.getIsolateId","id":100000011}
---

--- 2026-04-27T03:55:48.352Z debug
[InspectorProxyWorker] SEND TO RUNTIME {"method":"Runtime.getIsolateId","id":100000033}
---

--- 2026-04-27T03:55:48.353Z debug
[InspectorProxyWorker] SEND TO RUNTIME {"method":"Runtime.getIsolateId","id":100000034}
---

--- 2026-04-27T03:55:48.353Z debug
[InspectorProxyWorker] SEND TO RUNTIME {"method":"Runtime.getIsolateId","id":100000035}
---

--- 2026-04-27T03:55:48.353Z debug
[InspectorProxyWorker] SEND TO RUNTIME {"method":"Runtime.getIsolateId","id":100000031}
---

--- 2026-04-27T03:55:48.354Z debug
[InspectorProxyWorker] RUNTIME INCOMING MESSAGE { id: 100000030, result: { id: '6ef9ddde4a3cfafd' } }
---

--- 2026-04-27T03:55:48.354Z debug
[InspectorProxyWorker] SEND TO RUNTIME {"method":"Runtime.getIsolateId","id":100000032}
---

--- 2026-04-27T03:55:48.355Z debug
[InspectorProxyWorker] RUNTIME INCOMING MESSAGE { id: 100000031, result: { id: '6ef9ddde4a3cfafd' } }
---

--- 2026-04-27T03:55:48.355Z debug
[InspectorProxyWorker] RUNTIME INCOMING MESSAGE { id: 100000010, result: { id: '6ef9ddde4a3cfafd' } }
---

--- 2026-04-27T03:55:48.356Z debug
[InspectorProxyWorker] SEND TO RUNTIME {"method":"Runtime.getIsolateId","id":100000042}
---

--- 2026-04-27T03:55:48.356Z debug
[InspectorProxyWorker] SEND TO RUNTIME {"method":"Runtime.getIsolateId","id":100000038}
---

--- 2026-04-27T03:55:48.357Z debug
[InspectorProxyWorker] RUNTIME INCOMING MESSAGE { id: 100000011, result: { id: '6ef9ddde4a3cfafd' } }
---

--- 2026-04-27T03:55:48.357Z debug
[InspectorProxyWorker] SEND TO RUNTIME {"method":"Runtime.getIsolateId","id":100000013}
---

--- 2026-04-27T03:55:48.358Z debug
[InspectorProxyWorker] RUNTIME INCOMING MESSAGE { id: 100000012, result: { id: '6ef9ddde4a3cfafd' } }
---

--- 2026-04-27T03:55:48.359Z debug
[InspectorProxyWorker] RUNTIME INCOMING MESSAGE { id: 100000013, result: { id: '6ef9ddde4a3cfafd' } }
---

--- 2026-04-27T03:55:48.364Z debug
[InspectorProxyWorker] SEND TO RUNTIME {"method":"Runtime.getIsolateId","id":100000015}
---

--- 2026-04-27T03:55:48.367Z debug
[InspectorProxyWorker] RUNTIME INCOMING MESSAGE { id: 100000014, result: { id: '6ef9ddde4a3cfafd' } }
---

--- 2026-04-27T03:55:48.367Z debug
[InspectorProxyWorker] RUNTIME INCOMING MESSAGE { id: 100000015, result: { id: '6ef9ddde4a3cfafd' } }
---

--- 2026-04-27T03:55:48.368Z debug
[InspectorProxyWorker] RUNTIME INCOMING MESSAGE { id: 100000016, result: { id: '6ef9ddde4a3cfafd' } }
---

--- 2026-04-27T03:55:48.369Z debug
[InspectorProxyWorker] SEND TO RUNTIME {"method":"Runtime.getIsolateId","id":100000018}
---

--- 2026-04-27T03:55:48.369Z debug
[InspectorProxyWorker] RUNTIME INCOMING MESSAGE { id: 100000017, result: { id: '6ef9ddde4a3cfafd' } }
---

--- 2026-04-27T03:55:48.370Z debug
[InspectorProxyWorker] SEND TO RUNTIME {"method":"Runtime.getIsolateId","id":100000019}
---

--- 2026-04-27T03:55:48.371Z debug
[InspectorProxyWorker] RUNTIME INCOMING MESSAGE { id: 100000018, result: { id: '6ef9ddde4a3cfafd' } }
---

--- 2026-04-27T03:55:48.371Z debug
[InspectorProxyWorker] SEND TO RUNTIME {"method":"Runtime.getIsolateId","id":100000020}
---

--- 2026-04-27T03:55:48.372Z debug
[InspectorProxyWorker] RUNTIME INCOMING MESSAGE { id: 100000019, result: { id: '6ef9ddde4a3cfafd' } }
---

--- 2026-04-27T03:55:48.372Z debug
[InspectorProxyWorker] SEND TO RUNTIME {"method":"Runtime.getIsolateId","id":100000021}
---

--- 2026-04-27T03:55:48.373Z debug
[InspectorProxyWorker] RUNTIME INCOMING MESSAGE { id: 100000020, result: { id: '6ef9ddde4a3cfafd' } }
---

--- 2026-04-27T03:55:48.374Z debug
[InspectorProxyWorker] RUNTIME INCOMING MESSAGE { id: 100000021, result: { id: '6ef9ddde4a3cfafd' } }
---

--- 2026-04-27T03:55:48.375Z debug
[InspectorProxyWorker] RUNTIME INCOMING MESSAGE { id: 100000022, result: { id: '6ef9ddde4a3cfafd' } }
---

--- 2026-04-27T03:55:48.377Z debug
[InspectorProxyWorker] RUNTIME INCOMING MESSAGE { id: 100000023, result: { id: '6ef9ddde4a3cfafd' } }
---

--- 2026-04-27T03:55:48.382Z debug
[InspectorProxyWorker] SEND TO RUNTIME {"method":"Runtime.getIsolateId","id":100000025}
---

--- 2026-04-27T03:55:48.383Z debug
[InspectorProxyWorker] RUNTIME INCOMING MESSAGE { id: 100000024, result: { id: '6ef9ddde4a3cfafd' } }
---

--- 2026-04-27T03:55:48.384Z debug
[InspectorProxyWorker] RUNTIME INCOMING MESSAGE { id: 100000026, result: { id: '6ef9ddde4a3cfafd' } }
---

--- 2026-04-27T03:55:48.384Z debug
[InspectorProxyWorker] RUNTIME INCOMING MESSAGE { id: 100000027, result: { id: '6ef9ddde4a3cfafd' } }
---

--- 2026-04-27T03:55:48.385Z debug
[InspectorProxyWorker] RUNTIME INCOMING MESSAGE { id: 100000028, result: { id: '6ef9ddde4a3cfafd' } }
---

--- 2026-04-27T03:55:48.385Z debug
[InspectorProxyWorker] RUNTIME INCOMING MESSAGE { id: 100000032, result: { id: '6ef9ddde4a3cfafd' } }
---

--- 2026-04-27T03:55:48.386Z debug
[InspectorProxyWorker] RUNTIME INCOMING MESSAGE { id: 100000033, result: { id: '6ef9ddde4a3cfafd' } }
---

--- 2026-04-27T03:55:48.387Z debug
[InspectorProxyWorker] RUNTIME INCOMING MESSAGE { id: 100000034, result: { id: '6ef9ddde4a3cfafd' } }
---

--- 2026-04-27T03:55:48.387Z debug
[InspectorProxyWorker] SEND TO RUNTIME {"method":"Runtime.getIsolateId","id":100000036}
---

--- 2026-04-27T03:55:48.387Z debug
[InspectorProxyWorker] RUNTIME INCOMING MESSAGE { id: 100000035, result: { id: '6ef9ddde4a3cfafd' } }
---

--- 2026-04-27T03:55:48.388Z debug
[InspectorProxyWorker] SEND TO RUNTIME {"method":"Runtime.getIsolateId","id":100000037}
---

--- 2026-04-27T03:55:48.389Z debug
[InspectorProxyWorker] RUNTIME INCOMING MESSAGE { id: 100000036, result: { id: '6ef9ddde4a3cfafd' } }
---

--- 2026-04-27T03:55:48.390Z debug
[InspectorProxyWorker] SEND TO RUNTIME {"method":"Runtime.getIsolateId","id":100000043}
---

--- 2026-04-27T03:55:48.390Z debug
[InspectorProxyWorker] RUNTIME INCOMING MESSAGE { id: 100000037, result: { id: '6ef9ddde4a3cfafd' } }
---

--- 2026-04-27T03:55:48.391Z debug
[InspectorProxyWorker] SEND TO RUNTIME {"method":"Runtime.getIsolateId","id":100000044}
---

--- 2026-04-27T03:55:48.391Z debug
[InspectorProxyWorker] RUNTIME INCOMING MESSAGE { id: 100000043, result: { id: '6ef9ddde4a3cfafd' } }
---

--- 2026-04-27T03:55:48.392Z debug
[InspectorProxyWorker] SEND TO RUNTIME {"method":"Runtime.getIsolateId","id":100000039}
---

--- 2026-04-27T03:55:48.393Z debug
[InspectorProxyWorker] SEND TO RUNTIME {"method":"Runtime.getIsolateId","id":100000045}
---

--- 2026-04-27T03:55:48.393Z debug
[InspectorProxyWorker] RUNTIME INCOMING MESSAGE { id: 100000038, result: { id: '6ef9ddde4a3cfafd' } }
---

--- 2026-04-27T03:55:48.394Z debug
[InspectorProxyWorker] SEND TO RUNTIME {"method":"Runtime.getIsolateId","id":100000048}
---

--- 2026-04-27T03:55:48.395Z debug
[InspectorProxyWorker] SEND TO RUNTIME {"method":"Runtime.getIsolateId","id":100000046}
---

--- 2026-04-27T03:55:48.397Z debug
[InspectorProxyWorker] RUNTIME INCOMING MESSAGE { id: 100000044, result: { id: '6ef9ddde4a3cfafd' } }
---

--- 2026-04-27T03:55:48.398Z debug
[InspectorProxyWorker] RUNTIME INCOMING MESSAGE { id: 100000045, result: { id: '6ef9ddde4a3cfafd' } }
---

--- 2026-04-27T03:55:48.399Z debug
[InspectorProxyWorker] SEND TO RUNTIME {"method":"Runtime.getIsolateId","id":100000047}
---

--- 2026-04-27T03:55:48.400Z debug
[InspectorProxyWorker] RUNTIME INCOMING MESSAGE { id: 100000046, result: { id: '6ef9ddde4a3cfafd' } }
---

--- 2026-04-27T03:55:48.400Z debug
[InspectorProxyWorker] SEND TO RUNTIME {"method":"Runtime.getIsolateId","id":100000040}
---

--- 2026-04-27T03:55:48.401Z debug
[InspectorProxyWorker] SEND TO RUNTIME {"method":"Runtime.getIsolateId","id":100000049}
---

--- 2026-04-27T03:55:48.402Z debug
[InspectorProxyWorker] SEND TO RUNTIME {"method":"Runtime.getIsolateId","id":100000055}
---

--- 2026-04-27T03:55:48.402Z debug
[InspectorProxyWorker] SEND TO RUNTIME {"method":"Runtime.getIsolateId","id":100000057}
---

--- 2026-04-27T03:55:48.403Z debug
[InspectorProxyWorker] SEND TO RUNTIME {"method":"Runtime.getIsolateId","id":100000066}
---

--- 2026-04-27T03:55:48.403Z debug
[InspectorProxyWorker] SEND TO RUNTIME {"method":"Runtime.getIsolateId","id":100000069}
---

--- 2026-04-27T03:55:48.404Z debug
[InspectorProxyWorker] SEND TO RUNTIME {"method":"Runtime.getIsolateId","id":100000071}
---

--- 2026-04-27T03:55:48.404Z debug
[InspectorProxyWorker] RUNTIME INCOMING MESSAGE { id: 100000047, result: { id: '6ef9ddde4a3cfafd' } }
---

--- 2026-04-27T03:55:48.404Z debug
[InspectorProxyWorker] SEND TO RUNTIME {"method":"Runtime.getIsolateId","id":100000050}
---

--- 2026-04-27T03:55:48.405Z debug
[InspectorProxyWorker] RUNTIME INCOMING MESSAGE { id: 100000048, result: { id: '6ef9ddde4a3cfafd' } }
---

--- 2026-04-27T03:55:48.405Z debug
[InspectorProxyWorker] SEND TO RUNTIME {"method":"Runtime.getIsolateId","id":100000051}
---

--- 2026-04-27T03:55:48.405Z debug
[InspectorProxyWorker] RUNTIME INCOMING MESSAGE { id: 100000049, result: { id: '6ef9ddde4a3cfafd' } }
---

--- 2026-04-27T03:55:48.406Z debug
[InspectorProxyWorker] RUNTIME INCOMING MESSAGE { id: 100000050, result: { id: '6ef9ddde4a3cfafd' } }
---

--- 2026-04-27T03:55:48.406Z debug
[InspectorProxyWorker] SEND TO RUNTIME {"method":"Runtime.getIsolateId","id":100000052}
---

--- 2026-04-27T03:55:48.407Z debug
[InspectorProxyWorker] RUNTIME INCOMING MESSAGE { id: 100000051, result: { id: '6ef9ddde4a3cfafd' } }
---

--- 2026-04-27T03:55:48.407Z debug
[InspectorProxyWorker] SEND TO RUNTIME {"method":"Runtime.getIsolateId","id":100000053}
---

--- 2026-04-27T03:55:48.407Z debug
[InspectorProxyWorker] SEND TO RUNTIME {"method":"Runtime.getIsolateId","id":100000054}
---

--- 2026-04-27T03:55:48.408Z debug
[InspectorProxyWorker] RUNTIME INCOMING MESSAGE { id: 100000052, result: { id: '6ef9ddde4a3cfafd' } }
---

--- 2026-04-27T03:55:48.409Z debug
[InspectorProxyWorker] RUNTIME INCOMING MESSAGE { id: 100000053, result: { id: '6ef9ddde4a3cfafd' } }
---

--- 2026-04-27T03:55:48.409Z debug
[InspectorProxyWorker] RUNTIME INCOMING MESSAGE { id: 100000054, result: { id: '6ef9ddde4a3cfafd' } }
---

--- 2026-04-27T03:55:48.409Z debug
[InspectorProxyWorker] SEND TO RUNTIME {"method":"Runtime.getIsolateId","id":100000056}
---

--- 2026-04-27T03:55:48.410Z debug
[InspectorProxyWorker] RUNTIME INCOMING MESSAGE { id: 100000055, result: { id: '6ef9ddde4a3cfafd' } }
---

--- 2026-04-27T03:55:48.410Z debug
[InspectorProxyWorker] SEND TO RUNTIME {"method":"Runtime.getIsolateId","id":100000058}
---

--- 2026-04-27T03:55:48.410Z debug
[InspectorProxyWorker] RUNTIME INCOMING MESSAGE { id: 100000056, result: { id: '6ef9ddde4a3cfafd' } }
---

--- 2026-04-27T03:55:48.411Z debug
[InspectorProxyWorker] SEND TO RUNTIME {"method":"Runtime.getIsolateId","id":100000059}
---

--- 2026-04-27T03:55:48.411Z debug
[InspectorProxyWorker] RUNTIME INCOMING MESSAGE { id: 100000057, result: { id: '6ef9ddde4a3cfafd' } }
---

--- 2026-04-27T03:55:48.413Z debug
[InspectorProxyWorker] RUNTIME INCOMING MESSAGE { id: 100000058, result: { id: '6ef9ddde4a3cfafd' } }
---

--- 2026-04-27T03:55:48.414Z debug
[InspectorProxyWorker] SEND TO RUNTIME {"method":"Runtime.getIsolateId","id":100000060}
---

--- 2026-04-27T03:55:48.415Z debug
[InspectorProxyWorker] RUNTIME INCOMING MESSAGE { id: 100000059, result: { id: '6ef9ddde4a3cfafd' } }
---

--- 2026-04-27T03:55:48.415Z debug
[InspectorProxyWorker] SEND TO RUNTIME {"method":"Runtime.getIsolateId","id":100000061}
---

--- 2026-04-27T03:55:48.417Z debug
[InspectorProxyWorker] RUNTIME INCOMING MESSAGE { id: 100000060, result: { id: '6ef9ddde4a3cfafd' } }
---

--- 2026-04-27T03:55:48.417Z debug
[InspectorProxyWorker] SEND TO RUNTIME {"method":"Runtime.getIsolateId","id":100000062}
---

--- 2026-04-27T03:55:48.418Z debug
[InspectorProxyWorker] SEND TO RUNTIME {"method":"Runtime.getIsolateId","id":100000063}
---

--- 2026-04-27T03:55:48.418Z debug
[InspectorProxyWorker] RUNTIME INCOMING MESSAGE { id: 100000061, result: { id: '6ef9ddde4a3cfafd' } }
---

--- 2026-04-27T03:55:48.419Z debug
[InspectorProxyWorker] SEND TO RUNTIME {"method":"Runtime.getIsolateId","id":100000064}
---

--- 2026-04-27T03:55:48.420Z debug
[InspectorProxyWorker] RUNTIME INCOMING MESSAGE { id: 100000062, result: { id: '6ef9ddde4a3cfafd' } }
---

--- 2026-04-27T03:55:48.421Z debug
[InspectorProxyWorker] RUNTIME INCOMING MESSAGE { id: 100000063, result: { id: '6ef9ddde4a3cfafd' } }
---

--- 2026-04-27T03:55:48.421Z debug
[InspectorProxyWorker] SEND TO RUNTIME {"method":"Runtime.getIsolateId","id":100000065}
---

--- 2026-04-27T03:55:48.421Z debug
[InspectorProxyWorker] RUNTIME INCOMING MESSAGE { id: 100000064, result: { id: '6ef9ddde4a3cfafd' } }
---

--- 2026-04-27T03:55:48.422Z debug
[InspectorProxyWorker] SEND TO RUNTIME {"method":"Runtime.getIsolateId","id":100000067}
---

--- 2026-04-27T03:55:48.422Z debug
[InspectorProxyWorker] RUNTIME INCOMING MESSAGE { id: 100000065, result: { id: '6ef9ddde4a3cfafd' } }
---

--- 2026-04-27T03:55:48.423Z debug
[InspectorProxyWorker] RUNTIME INCOMING MESSAGE { id: 100000066, result: { id: '6ef9ddde4a3cfafd' } }
---

--- 2026-04-27T03:55:48.423Z debug
[InspectorProxyWorker] SEND TO RUNTIME {"method":"Runtime.getIsolateId","id":100000068}
---

--- 2026-04-27T03:55:48.424Z debug
[InspectorProxyWorker] RUNTIME INCOMING MESSAGE { id: 100000039, result: { id: '6ef9ddde4a3cfafd' } }
---

--- 2026-04-27T03:55:48.425Z debug
[InspectorProxyWorker] SEND TO RUNTIME {"method":"Runtime.getIsolateId","id":100000076}
---

--- 2026-04-27T03:55:48.426Z debug
[InspectorProxyWorker] SEND TO RUNTIME {"method":"Runtime.getIsolateId","id":100000077}
---

--- 2026-04-27T03:55:48.426Z debug
[InspectorProxyWorker] RUNTIME INCOMING MESSAGE { id: 100000077, result: { id: '6ef9ddde4a3cfafd' } }
---

--- 2026-04-27T03:55:48.426Z debug
[InspectorProxyWorker] SEND TO RUNTIME {"method":"Runtime.getIsolateId","id":100000078}
---

--- 2026-04-27T03:55:48.427Z debug
[InspectorProxyWorker] RUNTIME INCOMING MESSAGE { id: 100000078, result: { id: '6ef9ddde4a3cfafd' } }
---

--- 2026-04-27T03:55:48.427Z debug
[InspectorProxyWorker] SEND TO RUNTIME {"method":"Runtime.getIsolateId","id":100000079}
---

--- 2026-04-27T03:55:48.427Z debug
[InspectorProxyWorker] SEND TO RUNTIME {"method":"Runtime.getIsolateId","id":100000080}
---

--- 2026-04-27T03:55:48.428Z debug
[InspectorProxyWorker] RUNTIME INCOMING MESSAGE { id: 100000084, result: { id: '6ef9ddde4a3cfafd' } }
---

--- 2026-04-27T03:55:48.428Z debug
[InspectorProxyWorker] RUNTIME INCOMING MESSAGE { id: 100000083, result: { id: '6ef9ddde4a3cfafd' } }
---

--- 2026-04-27T03:55:48.428Z debug
[InspectorProxyWorker] RUNTIME INCOMING MESSAGE { id: 100000080, result: { id: '6ef9ddde4a3cfafd' } }
---

--- 2026-04-27T03:55:48.428Z debug
[InspectorProxyWorker] SEND TO RUNTIME {"method":"Runtime.getIsolateId","id":100000081}
---

--- 2026-04-27T03:55:48.429Z debug
[InspectorProxyWorker] RUNTIME INCOMING MESSAGE { id: 100000082, result: { id: '6ef9ddde4a3cfafd' } }
---

--- 2026-04-27T03:55:48.429Z debug
[InspectorProxyWorker] RUNTIME INCOMING MESSAGE { id: 100000081, result: { id: '6ef9ddde4a3cfafd' } }
---

--- 2026-04-27T03:55:48.429Z debug
[InspectorProxyWorker] SEND TO RUNTIME {"method":"Runtime.getIsolateId","id":100000082}
---

--- 2026-04-27T03:55:48.430Z debug
[InspectorProxyWorker] SEND TO RUNTIME {"method":"Runtime.getIsolateId","id":100000083}
---

--- 2026-04-27T03:55:48.430Z debug
[InspectorProxyWorker] SEND TO RUNTIME {"method":"Runtime.getIsolateId","id":100000084}
---

--- 2026-04-27T03:55:48.430Z debug
[InspectorProxyWorker] SEND TO RUNTIME {"method":"Runtime.getIsolateId","id":100000085}
---

--- 2026-04-27T03:55:48.430Z debug
[InspectorProxyWorker] SEND TO RUNTIME {"method":"Runtime.getIsolateId","id":100000086}
---

--- 2026-04-27T03:55:48.431Z debug
[InspectorProxyWorker] SEND TO RUNTIME {"method":"Runtime.getIsolateId","id":100000087}
---

--- 2026-04-27T03:55:48.431Z debug
[InspectorProxyWorker] SEND TO RUNTIME {"method":"Runtime.getIsolateId","id":100000088}
---

--- 2026-04-27T03:55:48.431Z debug
[InspectorProxyWorker] SEND TO RUNTIME {"method":"Runtime.getIsolateId","id":100000089}
---

--- 2026-04-27T03:55:48.432Z debug
[InspectorProxyWorker] RUNTIME INCOMING MESSAGE { id: 100000089, result: { id: '6ef9ddde4a3cfafd' } }
---

--- 2026-04-27T03:55:48.433Z debug
[InspectorProxyWorker] SEND TO RUNTIME {"method":"Runtime.getIsolateId","id":100000090}
---

--- 2026-04-27T03:55:48.434Z debug
[InspectorProxyWorker] SEND TO RUNTIME {"method":"Runtime.getIsolateId","id":100000093}
---

--- 2026-04-27T03:55:48.434Z debug
[InspectorProxyWorker] SEND TO RUNTIME {"method":"Runtime.getIsolateId","id":100000096}
---

--- 2026-04-27T03:55:48.435Z debug
[InspectorProxyWorker] SEND TO RUNTIME {"method":"Runtime.getIsolateId","id":100000099}
---

--- 2026-04-27T03:55:48.436Z debug
[InspectorProxyWorker] SEND TO RUNTIME {"method":"Runtime.getIsolateId","id":100000101}
---

--- 2026-04-27T03:55:48.436Z debug
[InspectorProxyWorker] SEND TO RUNTIME {"method":"Runtime.getIsolateId","id":100000103}
---

--- 2026-04-27T03:55:48.437Z debug
[InspectorProxyWorker] SEND TO RUNTIME {"method":"Runtime.getIsolateId","id":100000106}
---

--- 2026-04-27T03:55:48.437Z debug
[InspectorProxyWorker] SEND TO RUNTIME {"method":"Runtime.getIsolateId","id":100000107}
---

--- 2026-04-27T03:55:48.438Z debug
[InspectorProxyWorker] SEND TO RUNTIME {"method":"Runtime.getIsolateId","id":100000109}
---

--- 2026-04-27T03:55:48.439Z debug
[InspectorProxyWorker] SEND TO RUNTIME {"method":"Runtime.getIsolateId","id":100000110}
---

--- 2026-04-27T03:55:48.439Z debug
[InspectorProxyWorker] SEND TO RUNTIME {"method":"Runtime.getIsolateId","id":100000112}
---

--- 2026-04-27T03:55:48.440Z debug
[InspectorProxyWorker] SEND TO RUNTIME {"method":"Runtime.getIsolateId","id":100000113}
---

--- 2026-04-27T03:55:48.440Z debug
[InspectorProxyWorker] SEND TO RUNTIME {"method":"Runtime.getIsolateId","id":100000115}
---

--- 2026-04-27T03:55:48.441Z debug
[InspectorProxyWorker] SEND TO RUNTIME {"method":"Runtime.getIsolateId","id":100000116}
---

--- 2026-04-27T03:55:48.441Z debug
[InspectorProxyWorker] SEND TO RUNTIME {"method":"Runtime.getIsolateId","id":100000117}
---

--- 2026-04-27T03:55:48.442Z debug
[InspectorProxyWorker] SEND TO RUNTIME {"method":"Runtime.getIsolateId","id":100000118}
---

--- 2026-04-27T03:55:48.443Z debug
[InspectorProxyWorker] SEND TO RUNTIME {"method":"Runtime.getIsolateId","id":100000119}
---

--- 2026-04-27T03:55:48.443Z debug
[InspectorProxyWorker] SEND TO RUNTIME {"method":"Runtime.getIsolateId","id":100000121}
---

--- 2026-04-27T03:55:48.444Z debug
[InspectorProxyWorker] SEND TO RUNTIME {"method":"Runtime.getIsolateId","id":100000122}
---

--- 2026-04-27T03:55:48.444Z debug
[InspectorProxyWorker] SEND TO RUNTIME {"method":"Runtime.getIsolateId","id":100000073}
---

--- 2026-04-27T03:55:48.445Z debug
[InspectorProxyWorker] RUNTIME INCOMING MESSAGE { id: 100000072, result: { id: '6ef9ddde4a3cfafd' } }
---

--- 2026-04-27T03:55:48.445Z debug
[InspectorProxyWorker] SEND TO RUNTIME {"method":"Runtime.getIsolateId","id":100000074}
---

--- 2026-04-27T03:55:48.445Z debug
[InspectorProxyWorker] SEND TO RUNTIME {"method":"Runtime.getIsolateId","id":100000041}
---

--- 2026-04-27T03:55:48.446Z debug
[InspectorProxyWorker] RUNTIME INCOMING MESSAGE { id: 100000040, result: { id: '6ef9ddde4a3cfafd' } }
---

--- 2026-04-27T03:55:48.446Z debug
[InspectorProxyWorker] RUNTIME INCOMING MESSAGE { id: 100000041, result: { id: '6ef9ddde4a3cfafd' } }
---

--- 2026-04-27T03:55:48.447Z debug
[InspectorProxyWorker] RUNTIME INCOMING MESSAGE { id: 100000042, result: { id: '6ef9ddde4a3cfafd' } }
---

--- 2026-04-27T03:55:48.447Z debug
[InspectorProxyWorker] RUNTIME INCOMING MESSAGE { id: 100000067, result: { id: '6ef9ddde4a3cfafd' } }
---

--- 2026-04-27T03:55:48.448Z debug
[InspectorProxyWorker] RUNTIME INCOMING MESSAGE { id: 100000068, result: { id: '6ef9ddde4a3cfafd' } }
---

--- 2026-04-27T03:55:48.448Z debug
[InspectorProxyWorker] SEND TO RUNTIME {"method":"Runtime.getIsolateId","id":100000070}
---

--- 2026-04-27T03:55:48.449Z debug
[InspectorProxyWorker] RUNTIME INCOMING MESSAGE { id: 100000069, result: { id: '6ef9ddde4a3cfafd' } }
---

--- 2026-04-27T03:55:48.450Z debug
[InspectorProxyWorker] RUNTIME INCOMING MESSAGE { id: 100000070, result: { id: '6ef9ddde4a3cfafd' } }
---

--- 2026-04-27T03:55:48.451Z debug
[InspectorProxyWorker] SEND TO RUNTIME {"method":"Runtime.getIsolateId","id":100000072}
---

--- 2026-04-27T03:55:48.451Z debug
[InspectorProxyWorker] RUNTIME INCOMING MESSAGE { id: 100000071, result: { id: '6ef9ddde4a3cfafd' } }
---

--- 2026-04-27T03:55:48.452Z debug
[InspectorProxyWorker] RUNTIME INCOMING MESSAGE { id: 100000073, result: { id: '6ef9ddde4a3cfafd' } }
---

--- 2026-04-27T03:55:48.453Z debug
[InspectorProxyWorker] SEND TO RUNTIME {"method":"Runtime.getIsolateId","id":100000075}
---

--- 2026-04-27T03:55:48.453Z debug
[InspectorProxyWorker] RUNTIME INCOMING MESSAGE { id: 100000074, result: { id: '6ef9ddde4a3cfafd' } }
---

--- 2026-04-27T03:55:48.454Z debug
[InspectorProxyWorker] RUNTIME INCOMING MESSAGE { id: 100000075, result: { id: '6ef9ddde4a3cfafd' } }
---

--- 2026-04-27T03:55:48.454Z debug
[InspectorProxyWorker] RUNTIME INCOMING MESSAGE { id: 100000076, result: { id: '6ef9ddde4a3cfafd' } }
---

--- 2026-04-27T03:55:48.455Z debug
[InspectorProxyWorker] RUNTIME INCOMING MESSAGE { id: 100000079, result: { id: '6ef9ddde4a3cfafd' } }
---

--- 2026-04-27T03:55:48.455Z debug
[InspectorProxyWorker] RUNTIME INCOMING MESSAGE { id: 100000085, result: { id: '6ef9ddde4a3cfafd' } }
---

--- 2026-04-27T03:55:48.456Z debug
[InspectorProxyWorker] RUNTIME INCOMING MESSAGE { id: 100000086, result: { id: '6ef9ddde4a3cfafd' } }
---

--- 2026-04-27T03:55:48.456Z debug
[InspectorProxyWorker] RUNTIME INCOMING MESSAGE { id: 100000087, result: { id: '6ef9ddde4a3cfafd' } }
---

--- 2026-04-27T03:55:48.457Z debug
[InspectorProxyWorker] RUNTIME INCOMING MESSAGE { id: 100000088, result: { id: '6ef9ddde4a3cfafd' } }
---

--- 2026-04-27T03:55:48.458Z debug
[InspectorProxyWorker] SEND TO RUNTIME {"method":"Runtime.getIsolateId","id":100000091}
---

--- 2026-04-27T03:55:48.459Z debug
[InspectorProxyWorker] SEND TO RUNTIME {"method":"Runtime.getIsolateId","id":100000092}
---

--- 2026-04-27T03:55:48.459Z debug
[InspectorProxyWorker] SEND TO RUNTIME {"method":"Runtime.getIsolateId","id":100000124}
---

--- 2026-04-27T03:55:48.460Z debug
[InspectorProxyWorker] RUNTIME INCOMING MESSAGE { id: 100000123, result: { id: '6ef9ddde4a3cfafd' } }
---

--- 2026-04-27T03:55:48.460Z debug
[InspectorProxyWorker] RUNTIME INCOMING MESSAGE { id: 100000090, result: { id: '6ef9ddde4a3cfafd' } }
---

--- 2026-04-27T03:55:48.461Z debug
[InspectorProxyWorker] SEND TO RUNTIME {"method":"Runtime.getIsolateId","id":100000125}
---

--- 2026-04-27T03:55:48.461Z debug
[InspectorProxyWorker] SEND TO RUNTIME {"method":"Runtime.getIsolateId","id":100000126}
---

--- 2026-04-27T03:55:48.461Z debug
[InspectorProxyWorker] RUNTIME INCOMING MESSAGE { id: 100000091, result: { id: '6ef9ddde4a3cfafd' } }
---

--- 2026-04-27T03:55:48.462Z debug
[InspectorProxyWorker] SEND TO RUNTIME {"method":"Runtime.getIsolateId","id":100000127}
---

--- 2026-04-27T03:55:48.462Z debug
[InspectorProxyWorker] RUNTIME INCOMING MESSAGE { id: 100000092, result: { id: '6ef9ddde4a3cfafd' } }
---

--- 2026-04-27T03:55:48.462Z debug
[InspectorProxyWorker] SEND TO RUNTIME {"method":"Runtime.getIsolateId","id":100000129}
---

--- 2026-04-27T03:55:48.463Z debug
[InspectorProxyWorker] SEND TO RUNTIME {"method":"Runtime.getIsolateId","id":100000128}
---

--- 2026-04-27T03:55:48.463Z debug
[InspectorProxyWorker] RUNTIME INCOMING MESSAGE { id: 100000124, result: { id: '6ef9ddde4a3cfafd' } }
---

--- 2026-04-27T03:55:48.463Z debug
[InspectorProxyWorker] RUNTIME INCOMING MESSAGE { id: 100000125, result: { id: '6ef9ddde4a3cfafd' } }
---

--- 2026-04-27T03:55:48.464Z debug
[InspectorProxyWorker] RUNTIME INCOMING MESSAGE { id: 100000126, result: { id: '6ef9ddde4a3cfafd' } }
---

--- 2026-04-27T03:55:48.464Z debug
[InspectorProxyWorker] RUNTIME INCOMING MESSAGE { id: 100000127, result: { id: '6ef9ddde4a3cfafd' } }
---

--- 2026-04-27T03:55:48.464Z debug
[InspectorProxyWorker] RUNTIME INCOMING MESSAGE { id: 100000128, result: { id: '6ef9ddde4a3cfafd' } }
---

--- 2026-04-27T03:55:48.464Z debug
[InspectorProxyWorker] SEND TO RUNTIME {"method":"Runtime.getIsolateId","id":100000130}
---

--- 2026-04-27T03:55:48.464Z debug
[InspectorProxyWorker] SEND TO RUNTIME {"method":"Runtime.getIsolateId","id":100000094}
---

--- 2026-04-27T03:55:48.494Z debug
[InspectorProxyWorker] SEND TO RUNTIME {"method":"Runtime.getIsolateId","id":100000134}
---

--- 2026-04-27T03:55:48.494Z debug
[InspectorProxyWorker] SEND TO RUNTIME {"method":"Runtime.getIsolateId","id":100000136}
---

--- 2026-04-27T03:55:48.495Z debug
[InspectorProxyWorker] SEND TO RUNTIME {"method":"Runtime.getIsolateId","id":100000137}
---

--- 2026-04-27T03:55:48.495Z debug
[InspectorProxyWorker] RUNTIME INCOMING MESSAGE { id: 100000138, result: { id: '6ef9ddde4a3cfafd' } }
---

--- 2026-04-27T03:55:48.495Z debug
[InspectorProxyWorker] SEND TO RUNTIME {"method":"Runtime.getIsolateId","id":100000139}
---

--- 2026-04-27T03:55:48.496Z debug
[InspectorProxyWorker] SEND TO RUNTIME {"method":"Runtime.getIsolateId","id":100000140}
---

--- 2026-04-27T03:55:48.496Z debug
[InspectorProxyWorker] SEND TO RUNTIME {"method":"Runtime.getIsolateId","id":100000142}
---

--- 2026-04-27T03:55:48.496Z debug
[InspectorProxyWorker] SEND TO RUNTIME {"method":"Runtime.getIsolateId","id":100000131}
---

--- 2026-04-27T03:55:48.496Z debug
[InspectorProxyWorker] SEND TO RUNTIME {"method":"Runtime.getIsolateId","id":100000132}
---

--- 2026-04-27T03:55:48.497Z debug
[InspectorProxyWorker] RUNTIME INCOMING MESSAGE { id: 100000129, result: { id: '6ef9ddde4a3cfafd' } }
---

--- 2026-04-27T03:55:48.497Z debug
[InspectorProxyWorker] RUNTIME INCOMING MESSAGE { id: 100000130, result: { id: '6ef9ddde4a3cfafd' } }
---

--- 2026-04-27T03:55:48.497Z debug
[InspectorProxyWorker] RUNTIME INCOMING MESSAGE { id: 100000131, result: { id: '6ef9ddde4a3cfafd' } }
---

--- 2026-04-27T03:55:48.497Z debug
[InspectorProxyWorker] SEND TO RUNTIME {"method":"Runtime.getIsolateId","id":100000133}
---

--- 2026-04-27T03:55:48.498Z debug
[InspectorProxyWorker] RUNTIME INCOMING MESSAGE { id: 100000132, result: { id: '6ef9ddde4a3cfafd' } }
---

--- 2026-04-27T03:55:48.498Z debug
[InspectorProxyWorker] SEND TO RUNTIME {"method":"Runtime.getIsolateId","id":100000135}
---

--- 2026-04-27T03:55:48.499Z debug
[InspectorProxyWorker] RUNTIME INCOMING MESSAGE { id: 100000133, result: { id: '6ef9ddde4a3cfafd' } }
---

--- 2026-04-27T03:55:48.499Z debug
[InspectorProxyWorker] RUNTIME INCOMING MESSAGE { id: 100000134, result: { id: '6ef9ddde4a3cfafd' } }
---

--- 2026-04-27T03:55:48.499Z debug
[InspectorProxyWorker] RUNTIME INCOMING MESSAGE { id: 100000135, result: { id: '6ef9ddde4a3cfafd' } }
---

--- 2026-04-27T03:55:48.503Z debug
[InspectorProxyWorker] SEND TO RUNTIME {"method":"Runtime.getIsolateId","id":100000138}
---

--- 2026-04-27T03:55:48.503Z debug
[InspectorProxyWorker] RUNTIME INCOMING MESSAGE { id: 100000136, result: { id: '6ef9ddde4a3cfafd' } }
---

--- 2026-04-27T03:55:48.504Z debug
[InspectorProxyWorker] RUNTIME INCOMING MESSAGE { id: 100000137, result: { id: '6ef9ddde4a3cfafd' } }
---

--- 2026-04-27T03:55:48.505Z debug
[InspectorProxyWorker] RUNTIME INCOMING MESSAGE { id: 100000139, result: { id: '6ef9ddde4a3cfafd' } }
---

--- 2026-04-27T03:55:48.505Z debug
[InspectorProxyWorker] SEND TO RUNTIME {"method":"Runtime.getIsolateId","id":100000141}
---

--- 2026-04-27T03:55:48.506Z debug
[InspectorProxyWorker] RUNTIME INCOMING MESSAGE { id: 100000140, result: { id: '6ef9ddde4a3cfafd' } }
---

--- 2026-04-27T03:55:48.506Z debug
[InspectorProxyWorker] RUNTIME INCOMING MESSAGE { id: 100000141, result: { id: '6ef9ddde4a3cfafd' } }
---

--- 2026-04-27T03:55:48.507Z debug
[InspectorProxyWorker] RUNTIME INCOMING MESSAGE { id: 100000093, result: { id: '6ef9ddde4a3cfafd' } }
---

--- 2026-04-27T03:55:48.507Z debug
[InspectorProxyWorker] RUNTIME INCOMING MESSAGE { id: 100000226, result: { id: '6ef9ddde4a3cfafd' } }
---

--- 2026-04-27T03:55:48.508Z debug
[InspectorProxyWorker] SEND TO RUNTIME {"method":"Runtime.getIsolateId","id":100000227}
---

--- 2026-04-27T03:55:48.508Z debug
[InspectorProxyWorker] SEND TO RUNTIME {"method":"Runtime.getIsolateId","id":100000228}
---

--- 2026-04-27T03:55:48.509Z debug
[InspectorProxyWorker] RUNTIME INCOMING MESSAGE { id: 100000228, result: { id: '6ef9ddde4a3cfafd' } }
---

--- 2026-04-27T03:55:48.509Z debug
[InspectorProxyWorker] SEND TO RUNTIME {"method":"Runtime.getIsolateId","id":100000229}
---

--- 2026-04-27T03:55:48.510Z debug
[InspectorProxyWorker] RUNTIME INCOMING MESSAGE { id: 100000229, result: { id: '6ef9ddde4a3cfafd' } }
---

--- 2026-04-27T03:55:48.510Z debug
[InspectorProxyWorker] SEND TO RUNTIME {"method":"Runtime.getIsolateId","id":100000230}
---

--- 2026-04-27T03:55:48.510Z debug
[InspectorProxyWorker] RUNTIME INCOMING MESSAGE { id: 100000230, result: { id: '6ef9ddde4a3cfafd' } }
---

--- 2026-04-27T03:55:48.511Z debug
[InspectorProxyWorker] SEND TO RUNTIME {"method":"Runtime.getIsolateId","id":100000231}
---

--- 2026-04-27T03:55:48.511Z debug
[InspectorProxyWorker] SEND TO RUNTIME {"method":"Runtime.getIsolateId","id":100000232}
---

--- 2026-04-27T03:55:48.512Z debug
[InspectorProxyWorker] RUNTIME INCOMING MESSAGE { id: 100000232, result: { id: '6ef9ddde4a3cfafd' } }
---

--- 2026-04-27T03:55:48.512Z debug
[InspectorProxyWorker] SEND TO RUNTIME {"method":"Runtime.getIsolateId","id":100000233}
---

--- 2026-04-27T03:55:48.512Z debug
[InspectorProxyWorker] RUNTIME INCOMING MESSAGE { id: 100000233, result: { id: '6ef9ddde4a3cfafd' } }
---

--- 2026-04-27T03:55:48.513Z debug
[InspectorProxyWorker] SEND TO RUNTIME {"method":"Runtime.getIsolateId","id":100000234}
---

--- 2026-04-27T03:55:48.513Z debug
[InspectorProxyWorker] SEND TO RUNTIME {"method":"Runtime.getIsolateId","id":100000236}
---

--- 2026-04-27T03:55:48.514Z debug
[InspectorProxyWorker] RUNTIME INCOMING MESSAGE { id: 100000234, result: { id: '6ef9ddde4a3cfafd' } }
---

--- 2026-04-27T03:55:48.514Z debug
[InspectorProxyWorker] SEND TO RUNTIME {"method":"Runtime.getIsolateId","id":100000235}
---

--- 2026-04-27T03:55:48.515Z debug
[InspectorProxyWorker] SEND TO RUNTIME {"method":"Runtime.getIsolateId","id":100000143}
---

--- 2026-04-27T03:55:48.515Z debug
[InspectorProxyWorker] RUNTIME INCOMING MESSAGE { id: 100000142, result: { id: '6ef9ddde4a3cfafd' } }
---

--- 2026-04-27T03:55:48.515Z debug
[InspectorProxyWorker] SEND TO RUNTIME {"method":"Runtime.getIsolateId","id":100000144}
---

--- 2026-04-27T03:55:48.516Z debug
[InspectorProxyWorker] SEND TO RUNTIME {"method":"Runtime.getIsolateId","id":100000145}
---

--- 2026-04-27T03:55:48.516Z debug
[InspectorProxyWorker] RUNTIME INCOMING MESSAGE { id: 100000143, result: { id: '6ef9ddde4a3cfafd' } }
---

--- 2026-04-27T03:55:48.517Z debug
[InspectorProxyWorker] SEND TO RUNTIME {"method":"Runtime.getIsolateId","id":100000146}
---

--- 2026-04-27T03:55:48.517Z debug
[InspectorProxyWorker] RUNTIME INCOMING MESSAGE { id: 100000144, result: { id: '6ef9ddde4a3cfafd' } }
---

--- 2026-04-27T03:55:48.517Z debug
[InspectorProxyWorker] SEND TO RUNTIME {"method":"Runtime.getIsolateId","id":100000147}
---

--- 2026-04-27T03:55:48.518Z debug
[InspectorProxyWorker] SEND TO RUNTIME {"method":"Runtime.getIsolateId","id":100000148}
---

--- 2026-04-27T03:55:48.518Z debug
[InspectorProxyWorker] RUNTIME INCOMING MESSAGE { id: 100000145, result: { id: '6ef9ddde4a3cfafd' } }
---

--- 2026-04-27T03:55:48.519Z debug
[InspectorProxyWorker] RUNTIME INCOMING MESSAGE { id: 100000146, result: { id: '6ef9ddde4a3cfafd' } }
---

--- 2026-04-27T03:55:48.519Z debug
[InspectorProxyWorker] RUNTIME INCOMING MESSAGE { id: 100000147, result: { id: '6ef9ddde4a3cfafd' } }
---

--- 2026-04-27T03:55:48.522Z debug
[InspectorProxyWorker] SEND TO RUNTIME {"method":"Runtime.getIsolateId","id":100000149}
---

--- 2026-04-27T03:55:48.523Z debug
[InspectorProxyWorker] RUNTIME INCOMING MESSAGE { id: 100000148, result: { id: '6ef9ddde4a3cfafd' } }
---

--- 2026-04-27T03:55:48.523Z debug
[InspectorProxyWorker] SEND TO RUNTIME {"method":"Runtime.getIsolateId","id":100000150}
---

--- 2026-04-27T03:55:48.524Z debug
[InspectorProxyWorker] SEND TO RUNTIME {"method":"Runtime.getIsolateId","id":100000151}
---

--- 2026-04-27T03:55:48.524Z debug
[InspectorProxyWorker] SEND TO RUNTIME {"method":"Runtime.getIsolateId","id":100000152}
---

--- 2026-04-27T03:55:48.525Z debug
[InspectorProxyWorker] RUNTIME INCOMING MESSAGE { id: 100000149, result: { id: '6ef9ddde4a3cfafd' } }
---

--- 2026-04-27T03:55:48.525Z debug
[InspectorProxyWorker] SEND TO RUNTIME {"method":"Runtime.getIsolateId","id":100000153}
---

--- 2026-04-27T03:55:48.525Z debug
[InspectorProxyWorker] RUNTIME INCOMING MESSAGE { id: 100000150, result: { id: '6ef9ddde4a3cfafd' } }
---

--- 2026-04-27T03:55:48.525Z debug
[InspectorProxyWorker] RUNTIME INCOMING MESSAGE { id: 100000151, result: { id: '6ef9ddde4a3cfafd' } }
---

--- 2026-04-27T03:55:48.526Z debug
[InspectorProxyWorker] SEND TO RUNTIME {"method":"Runtime.getIsolateId","id":100000154}
---

--- 2026-04-27T03:55:48.526Z debug
[InspectorProxyWorker] RUNTIME INCOMING MESSAGE { id: 100000152, result: { id: '6ef9ddde4a3cfafd' } }
---

--- 2026-04-27T03:55:48.526Z debug
[InspectorProxyWorker] SEND TO RUNTIME {"method":"Runtime.getIsolateId","id":100000155}
---

--- 2026-04-27T03:55:48.526Z debug
[InspectorProxyWorker] RUNTIME INCOMING MESSAGE { id: 100000153, result: { id: '6ef9ddde4a3cfafd' } }
---

--- 2026-04-27T03:55:48.526Z debug
[InspectorProxyWorker] RUNTIME INCOMING MESSAGE { id: 100000154, result: { id: '6ef9ddde4a3cfafd' } }
---

--- 2026-04-27T03:55:48.527Z debug
[InspectorProxyWorker] SEND TO RUNTIME {"method":"Runtime.getIsolateId","id":100000156}
---

--- 2026-04-27T03:55:48.527Z debug
[InspectorProxyWorker] RUNTIME INCOMING MESSAGE { id: 100000155, result: { id: '6ef9ddde4a3cfafd' } }
---

--- 2026-04-27T03:55:48.527Z debug
[InspectorProxyWorker] SEND TO RUNTIME {"method":"Runtime.getIsolateId","id":100000157}
---

--- 2026-04-27T03:55:48.527Z debug
[InspectorProxyWorker] RUNTIME INCOMING MESSAGE { id: 100000156, result: { id: '6ef9ddde4a3cfafd' } }
---

--- 2026-04-27T03:55:48.528Z debug
[InspectorProxyWorker] SEND TO RUNTIME {"method":"Runtime.getIsolateId","id":100000158}
---

--- 2026-04-27T03:55:48.528Z debug
[InspectorProxyWorker] SEND TO RUNTIME {"method":"Runtime.getIsolateId","id":100000159}
---

--- 2026-04-27T03:55:48.528Z debug
[InspectorProxyWorker] RUNTIME INCOMING MESSAGE { id: 100000157, result: { id: '6ef9ddde4a3cfafd' } }
---

--- 2026-04-27T03:55:48.528Z debug
[InspectorProxyWorker] RUNTIME INCOMING MESSAGE { id: 100000158, result: { id: '6ef9ddde4a3cfafd' } }
---

--- 2026-04-27T03:55:48.529Z debug
[InspectorProxyWorker] SEND TO RUNTIME {"method":"Runtime.getIsolateId","id":100000160}
---

--- 2026-04-27T03:55:48.529Z debug
[InspectorProxyWorker] RUNTIME INCOMING MESSAGE { id: 100000159, result: { id: '6ef9ddde4a3cfafd' } }
---

--- 2026-04-27T03:55:48.529Z debug
[InspectorProxyWorker] SEND TO RUNTIME {"method":"Runtime.getIsolateId","id":100000161}
---

--- 2026-04-27T03:55:48.529Z debug
[InspectorProxyWorker] SEND TO RUNTIME {"method":"Runtime.getIsolateId","id":100000162}
---

--- 2026-04-27T03:55:48.530Z debug
[InspectorProxyWorker] RUNTIME INCOMING MESSAGE { id: 100000160, result: { id: '6ef9ddde4a3cfafd' } }
---

--- 2026-04-27T03:55:48.530Z debug
[InspectorProxyWorker] SEND TO RUNTIME {"method":"Runtime.getIsolateId","id":100000163}
---

--- 2026-04-27T03:55:48.530Z debug
[InspectorProxyWorker] RUNTIME INCOMING MESSAGE { id: 100000161, result: { id: '6ef9ddde4a3cfafd' } }
---

--- 2026-04-27T03:55:48.531Z debug
[InspectorProxyWorker] RUNTIME INCOMING MESSAGE { id: 100000162, result: { id: '6ef9ddde4a3cfafd' } }
---

--- 2026-04-27T03:55:48.531Z debug
[InspectorProxyWorker] SEND TO RUNTIME {"method":"Runtime.getIsolateId","id":100000164}
---

--- 2026-04-27T03:55:48.532Z debug
[InspectorProxyWorker] RUNTIME INCOMING MESSAGE { id: 100000163, result: { id: '6ef9ddde4a3cfafd' } }
---

--- 2026-04-27T03:55:48.532Z debug
[InspectorProxyWorker] SEND TO RUNTIME {"method":"Runtime.getIsolateId","id":100000165}
---

--- 2026-04-27T03:55:48.533Z debug
[InspectorProxyWorker] SEND TO RUNTIME {"method":"Runtime.getIsolateId","id":100000166}
---

--- 2026-04-27T03:55:48.533Z debug
[InspectorProxyWorker] RUNTIME INCOMING MESSAGE { id: 100000164, result: { id: '6ef9ddde4a3cfafd' } }
---

--- 2026-04-27T03:55:48.533Z debug
[InspectorProxyWorker] SEND TO RUNTIME {"method":"Runtime.getIsolateId","id":100000095}
---

--- 2026-04-27T03:55:48.534Z debug
[InspectorProxyWorker] RUNTIME INCOMING MESSAGE { id: 100000251, result: { id: '6ef9ddde4a3cfafd' } }
---

--- 2026-04-27T03:55:48.535Z debug
[InspectorProxyWorker] RUNTIME INCOMING MESSAGE { id: 100000250, result: { id: '6ef9ddde4a3cfafd' } }
---

--- 2026-04-27T03:55:48.535Z debug
[InspectorProxyWorker] RUNTIME INCOMING MESSAGE { id: 100000238, result: { id: '6ef9ddde4a3cfafd' } }
---

--- 2026-04-27T03:55:48.536Z debug
[InspectorProxyWorker] SEND TO RUNTIME {"method":"Runtime.getIsolateId","id":100000239}
---

--- 2026-04-27T03:55:48.536Z debug
[InspectorProxyWorker] RUNTIME INCOMING MESSAGE { id: 100000249, result: { id: '6ef9ddde4a3cfafd' } }
---

--- 2026-04-27T03:55:48.537Z debug
[InspectorProxyWorker] RUNTIME INCOMING MESSAGE { id: 100000248, result: { id: '6ef9ddde4a3cfafd' } }
---

--- 2026-04-27T03:55:48.537Z debug
[InspectorProxyWorker] SEND TO RUNTIME {"method":"Runtime.getIsolateId","id":100000251}
---

--- 2026-04-27T03:55:48.538Z debug
[InspectorProxyWorker] RUNTIME INCOMING MESSAGE { id: 100000247, result: { id: '6ef9ddde4a3cfafd' } }
---

--- 2026-04-27T03:55:48.538Z debug
[InspectorProxyWorker] SEND TO RUNTIME {"method":"Runtime.getIsolateId","id":100000250}
---

--- 2026-04-27T03:55:48.539Z debug
[InspectorProxyWorker] SEND TO RUNTIME {"method":"Runtime.getIsolateId","id":100000249}
---

--- 2026-04-27T03:55:48.539Z debug
[InspectorProxyWorker] SEND TO RUNTIME {"method":"Runtime.getIsolateId","id":100000248}
---

--- 2026-04-27T03:55:48.539Z debug
[InspectorProxyWorker] RUNTIME INCOMING MESSAGE { id: 100000246, result: { id: '6ef9ddde4a3cfafd' } }
---

--- 2026-04-27T03:55:48.539Z debug
[InspectorProxyWorker] SEND TO RUNTIME {"method":"Runtime.getIsolateId","id":100000247}
---

--- 2026-04-27T03:55:48.540Z debug
[InspectorProxyWorker] RUNTIME INCOMING MESSAGE { id: 100000245, result: { id: '6ef9ddde4a3cfafd' } }
---

--- 2026-04-27T03:55:48.540Z debug
[InspectorProxyWorker] SEND TO RUNTIME {"method":"Runtime.getIsolateId","id":100000246}
---

--- 2026-04-27T03:55:48.540Z debug
[InspectorProxyWorker] RUNTIME INCOMING MESSAGE { id: 100000244, result: { id: '6ef9ddde4a3cfafd' } }
---

--- 2026-04-27T03:55:48.541Z debug
[InspectorProxyWorker] RUNTIME INCOMING MESSAGE { id: 100000243, result: { id: '6ef9ddde4a3cfafd' } }
---

--- 2026-04-27T03:55:48.541Z debug
[InspectorProxyWorker] SEND TO RUNTIME {"method":"Runtime.getIsolateId","id":100000245}
---

--- 2026-04-27T03:55:48.541Z debug
[InspectorProxyWorker] RUNTIME INCOMING MESSAGE { id: 100000242, result: { id: '6ef9ddde4a3cfafd' } }
---

--- 2026-04-27T03:55:48.542Z debug
[InspectorProxyWorker] SEND TO RUNTIME {"method":"Runtime.getIsolateId","id":100000240}
---

--- 2026-04-27T03:55:48.542Z debug
[InspectorProxyWorker] SEND TO RUNTIME {"method":"Runtime.getIsolateId","id":100000244}
---

--- 2026-04-27T03:55:48.542Z debug
[InspectorProxyWorker] SEND TO RUNTIME {"method":"Runtime.getIsolateId","id":100000243}
---

--- 2026-04-27T03:55:48.543Z debug
[InspectorProxyWorker] RUNTIME INCOMING MESSAGE { id: 100000241, result: { id: '6ef9ddde4a3cfafd' } }
---

--- 2026-04-27T03:55:48.543Z debug
[InspectorProxyWorker] RUNTIME INCOMING MESSAGE { id: 100000240, result: { id: '6ef9ddde4a3cfafd' } }
---

--- 2026-04-27T03:55:48.543Z debug
[InspectorProxyWorker] RUNTIME INCOMING MESSAGE { id: 100000239, result: { id: '6ef9ddde4a3cfafd' } }
---

--- 2026-04-27T03:55:48.544Z debug
[InspectorProxyWorker] SEND TO RUNTIME {"method":"Runtime.getIsolateId","id":100000241}
---

--- 2026-04-27T03:55:48.544Z debug
[InspectorProxyWorker] SEND TO RUNTIME {"method":"Runtime.getIsolateId","id":100000242}
---

--- 2026-04-27T03:55:48.544Z debug
[InspectorProxyWorker] SEND TO RUNTIME {"method":"Runtime.getIsolateId","id":100000252}
---

--- 2026-04-27T03:55:48.545Z debug
[InspectorProxyWorker] RUNTIME INCOMING MESSAGE { id: 100000252, result: { id: '6ef9ddde4a3cfafd' } }
---

--- 2026-04-27T03:55:48.545Z debug
[InspectorProxyWorker] SEND TO RUNTIME {"method":"Runtime.getIsolateId","id":100000253}
---

--- 2026-04-27T03:55:48.545Z debug
[InspectorProxyWorker] RUNTIME INCOMING MESSAGE { id: 100000253, result: { id: '6ef9ddde4a3cfafd' } }
---

--- 2026-04-27T03:55:48.545Z debug
[InspectorProxyWorker] SEND TO RUNTIME {"method":"Runtime.getIsolateId","id":100000254}
---

--- 2026-04-27T03:55:48.546Z debug
[InspectorProxyWorker] RUNTIME INCOMING MESSAGE { id: 100000254, result: { id: '6ef9ddde4a3cfafd' } }
---

--- 2026-04-27T03:55:48.546Z debug
[InspectorProxyWorker] SEND TO RUNTIME {"method":"Runtime.getIsolateId","id":100000255}
---

--- 2026-04-27T03:55:48.546Z debug
[InspectorProxyWorker] RUNTIME INCOMING MESSAGE { id: 100000255, result: { id: '6ef9ddde4a3cfafd' } }
---

--- 2026-04-27T03:55:48.547Z debug
[InspectorProxyWorker] SEND TO RUNTIME {"method":"Runtime.getIsolateId","id":100000256}
---

--- 2026-04-27T03:55:48.547Z debug
[InspectorProxyWorker] RUNTIME INCOMING MESSAGE { id: 100000256, result: { id: '6ef9ddde4a3cfafd' } }
---

--- 2026-04-27T03:55:48.547Z debug
[InspectorProxyWorker] SEND TO RUNTIME {"method":"Runtime.getIsolateId","id":100000257}
---

--- 2026-04-27T03:55:48.548Z debug
[InspectorProxyWorker] RUNTIME INCOMING MESSAGE { id: 100000257, result: { id: '6ef9ddde4a3cfafd' } }
---

--- 2026-04-27T03:55:48.548Z debug
[InspectorProxyWorker] SEND TO RUNTIME {"method":"Runtime.getIsolateId","id":100000258}
---

--- 2026-04-27T03:55:48.548Z debug
[InspectorProxyWorker] RUNTIME INCOMING MESSAGE { id: 100000094, result: { id: '6ef9ddde4a3cfafd' } }
---

--- 2026-04-27T03:55:48.550Z debug
[InspectorProxyWorker] SEND TO RUNTIME {"method":"Runtime.getIsolateId","id":100000263}
---

--- 2026-04-27T03:55:48.550Z debug
[InspectorProxyWorker] SEND TO RUNTIME {"method":"Runtime.getIsolateId","id":100000265}
---

--- 2026-04-27T03:55:48.551Z debug
[InspectorProxyWorker] SEND TO RUNTIME {"method":"Runtime.getIsolateId","id":100000266}
---

--- 2026-04-27T03:55:48.551Z debug
[InspectorProxyWorker] SEND TO RUNTIME {"method":"Runtime.getIsolateId","id":100000267}
---

--- 2026-04-27T03:55:48.551Z debug
[InspectorProxyWorker] SEND TO RUNTIME {"method":"Runtime.getIsolateId","id":100000268}
---

--- 2026-04-27T03:55:48.551Z debug
[InspectorProxyWorker] SEND TO RUNTIME {"method":"Runtime.getIsolateId","id":100000269}
---

--- 2026-04-27T03:55:48.552Z debug
[InspectorProxyWorker] SEND TO RUNTIME {"method":"Runtime.getIsolateId","id":100000270}
---

--- 2026-04-27T03:55:48.552Z debug
[InspectorProxyWorker] SEND TO RUNTIME {"method":"Runtime.getIsolateId","id":100000271}
---

--- 2026-04-27T03:55:48.552Z debug
[InspectorProxyWorker] RUNTIME INCOMING MESSAGE { id: 100000271, result: { id: '6ef9ddde4a3cfafd' } }
---

--- 2026-04-27T03:55:48.553Z debug
[InspectorProxyWorker] SEND TO RUNTIME {"method":"Runtime.getIsolateId","id":100000259}
---

--- 2026-04-27T03:55:48.553Z debug
[InspectorProxyWorker] RUNTIME INCOMING MESSAGE { id: 100000258, result: { id: '6ef9ddde4a3cfafd' } }
---

--- 2026-04-27T03:55:48.553Z debug
[InspectorProxyWorker] SEND TO RUNTIME {"method":"Runtime.getIsolateId","id":100000260}
---

--- 2026-04-27T03:55:48.553Z debug
[InspectorProxyWorker] SEND TO RUNTIME {"method":"Runtime.getIsolateId","id":100000261}
---

--- 2026-04-27T03:55:48.554Z debug
[InspectorProxyWorker] RUNTIME INCOMING MESSAGE { id: 100000259, result: { id: '6ef9ddde4a3cfafd' } }
---

--- 2026-04-27T03:55:48.554Z debug
[InspectorProxyWorker] RUNTIME INCOMING MESSAGE { id: 100000260, result: { id: '6ef9ddde4a3cfafd' } }
---

--- 2026-04-27T03:55:48.554Z debug
[InspectorProxyWorker] SEND TO RUNTIME {"method":"Runtime.getIsolateId","id":100000262}
---

--- 2026-04-27T03:55:48.554Z debug
[InspectorProxyWorker] RUNTIME INCOMING MESSAGE { id: 100000261, result: { id: '6ef9ddde4a3cfafd' } }
---

--- 2026-04-27T03:55:48.555Z debug
[InspectorProxyWorker] SEND TO RUNTIME {"method":"Runtime.getIsolateId","id":100000264}
---

--- 2026-04-27T03:55:48.555Z debug
[InspectorProxyWorker] RUNTIME INCOMING MESSAGE { id: 100000262, result: { id: '6ef9ddde4a3cfafd' } }
---

--- 2026-04-27T03:55:48.555Z debug
[InspectorProxyWorker] RUNTIME INCOMING MESSAGE { id: 100000263, result: { id: '6ef9ddde4a3cfafd' } }
---

--- 2026-04-27T03:55:48.555Z debug
[InspectorProxyWorker] RUNTIME INCOMING MESSAGE { id: 100000264, result: { id: '6ef9ddde4a3cfafd' } }
---

--- 2026-04-27T03:55:48.556Z debug
[InspectorProxyWorker] RUNTIME INCOMING MESSAGE { id: 100000265, result: { id: '6ef9ddde4a3cfafd' } }
---

--- 2026-04-27T03:55:48.556Z debug
[InspectorProxyWorker] RUNTIME INCOMING MESSAGE { id: 100000266, result: { id: '6ef9ddde4a3cfafd' } }
---

--- 2026-04-27T03:55:48.556Z debug
[InspectorProxyWorker] RUNTIME INCOMING MESSAGE { id: 100000267, result: { id: '6ef9ddde4a3cfafd' } }
---

--- 2026-04-27T03:55:48.556Z debug
[InspectorProxyWorker] RUNTIME INCOMING MESSAGE { id: 100000268, result: { id: '6ef9ddde4a3cfafd' } }
---

--- 2026-04-27T03:55:48.557Z debug
[InspectorProxyWorker] RUNTIME INCOMING MESSAGE { id: 100000269, result: { id: '6ef9ddde4a3cfafd' } }
---

--- 2026-04-27T03:55:48.557Z debug
[InspectorProxyWorker] RUNTIME INCOMING MESSAGE { id: 100000270, result: { id: '6ef9ddde4a3cfafd' } }
---

--- 2026-04-27T03:55:48.557Z debug
[InspectorProxyWorker] SEND TO RUNTIME {"method":"Runtime.getIsolateId","id":100000272}
---

--- 2026-04-27T03:55:48.557Z debug
[InspectorProxyWorker] RUNTIME INCOMING MESSAGE { id: 100000272, result: { id: '6ef9ddde4a3cfafd' } }
---

--- 2026-04-27T03:55:48.557Z debug
[InspectorProxyWorker] RUNTIME INCOMING MESSAGE { id: 100000095, result: { id: '6ef9ddde4a3cfafd' } }
---

--- 2026-04-27T03:55:48.558Z debug
[InspectorProxyWorker] SEND TO RUNTIME {"method":"Runtime.getIsolateId","id":100000097}
---

--- 2026-04-27T03:55:48.558Z debug
[InspectorProxyWorker] RUNTIME INCOMING MESSAGE { id: 100000096, result: { id: '6ef9ddde4a3cfafd' } }
---

--- 2026-04-27T03:55:48.559Z debug
[InspectorProxyWorker] SEND TO RUNTIME {"method":"Runtime.getIsolateId","id":100000098}
---

--- 2026-04-27T03:55:48.560Z debug
[InspectorProxyWorker] RUNTIME INCOMING MESSAGE { id: 100000097, result: { id: '6ef9ddde4a3cfafd' } }
---

--- 2026-04-27T03:55:48.560Z debug
[InspectorProxyWorker] RUNTIME INCOMING MESSAGE { id: 100000098, result: { id: '6ef9ddde4a3cfafd' } }
---

--- 2026-04-27T03:55:48.561Z debug
[InspectorProxyWorker] SEND TO RUNTIME {"method":"Runtime.getIsolateId","id":100000100}
---

--- 2026-04-27T03:55:48.562Z debug
[InspectorProxyWorker] RUNTIME INCOMING MESSAGE { id: 100000099, result: { id: '6ef9ddde4a3cfafd' } }
---

--- 2026-04-27T03:55:48.562Z debug
[InspectorProxyWorker] SEND TO RUNTIME {"method":"Runtime.getIsolateId","id":100000102}
---

--- 2026-04-27T03:55:48.563Z debug
[InspectorProxyWorker] RUNTIME INCOMING MESSAGE { id: 100000100, result: { id: '6ef9ddde4a3cfafd' } }
---

--- 2026-04-27T03:55:48.564Z debug
[InspectorProxyWorker] RUNTIME INCOMING MESSAGE { id: 100000101, result: { id: '6ef9ddde4a3cfafd' } }
---

--- 2026-04-27T03:55:48.565Z debug
[InspectorProxyWorker] RUNTIME INCOMING MESSAGE { id: 100000102, result: { id: '6ef9ddde4a3cfafd' } }
---

--- 2026-04-27T03:55:48.565Z debug
[InspectorProxyWorker] SEND TO RUNTIME {"method":"Runtime.getIsolateId","id":100000104}
---

--- 2026-04-27T03:55:48.566Z debug
[InspectorProxyWorker] RUNTIME INCOMING MESSAGE { id: 100000103, result: { id: '6ef9ddde4a3cfafd' } }
---

--- 2026-04-27T03:55:48.566Z debug
[InspectorProxyWorker] SEND TO RUNTIME {"method":"Runtime.getIsolateId","id":100000105}
---

--- 2026-04-27T03:55:48.567Z debug
[InspectorProxyWorker] RUNTIME INCOMING MESSAGE { id: 100000104, result: { id: '6ef9ddde4a3cfafd' } }
---

--- 2026-04-27T03:55:48.567Z debug
[InspectorProxyWorker] RUNTIME INCOMING MESSAGE { id: 100000105, result: { id: '6ef9ddde4a3cfafd' } }
---

--- 2026-04-27T03:55:48.568Z debug
[InspectorProxyWorker] RUNTIME INCOMING MESSAGE { id: 100000106, result: { id: '6ef9ddde4a3cfafd' } }
---

--- 2026-04-27T03:55:48.568Z debug
[InspectorProxyWorker] SEND TO RUNTIME {"method":"Runtime.getIsolateId","id":100000108}
---

--- 2026-04-27T03:55:48.569Z debug
[InspectorProxyWorker] RUNTIME INCOMING MESSAGE { id: 100000107, result: { id: '6ef9ddde4a3cfafd' } }
---

--- 2026-04-27T03:55:48.570Z debug
[InspectorProxyWorker] RUNTIME INCOMING MESSAGE { id: 100000108, result: { id: '6ef9ddde4a3cfafd' } }
---

--- 2026-04-27T03:55:48.570Z debug
[InspectorProxyWorker] RUNTIME INCOMING MESSAGE { id: 100000109, result: { id: '6ef9ddde4a3cfafd' } }
---

--- 2026-04-27T03:55:48.571Z debug
[InspectorProxyWorker] SEND TO RUNTIME {"method":"Runtime.getIsolateId","id":100000111}
---

--- 2026-04-27T03:55:48.572Z debug
[InspectorProxyWorker] RUNTIME INCOMING MESSAGE { id: 100000110, result: { id: '6ef9ddde4a3cfafd' } }
---

--- 2026-04-27T03:55:48.572Z debug
[InspectorProxyWorker] RUNTIME INCOMING MESSAGE { id: 100000111, result: { id: '6ef9ddde4a3cfafd' } }
---

--- 2026-04-27T03:55:48.573Z debug
[InspectorProxyWorker] RUNTIME INCOMING MESSAGE { id: 100000112, result: { id: '6ef9ddde4a3cfafd' } }
---

--- 2026-04-27T03:55:48.575Z debug
[InspectorProxyWorker] SEND TO RUNTIME {"method":"Runtime.getIsolateId","id":100000114}
---

--- 2026-04-27T03:55:48.576Z debug
[InspectorProxyWorker] RUNTIME INCOMING MESSAGE { id: 100000113, result: { id: '6ef9ddde4a3cfafd' } }
---

--- 2026-04-27T03:55:48.576Z debug
[InspectorProxyWorker] RUNTIME INCOMING MESSAGE { id: 100000114, result: { id: '6ef9ddde4a3cfafd' } }
---

--- 2026-04-27T03:55:48.577Z debug
[InspectorProxyWorker] RUNTIME INCOMING MESSAGE { id: 100000115, result: { id: '6ef9ddde4a3cfafd' } }
---

--- 2026-04-27T03:55:48.577Z debug
[InspectorProxyWorker] RUNTIME INCOMING MESSAGE { id: 100000116, result: { id: '6ef9ddde4a3cfafd' } }
---

--- 2026-04-27T03:55:48.577Z debug
[InspectorProxyWorker] RUNTIME INCOMING MESSAGE { id: 100000117, result: { id: '6ef9ddde4a3cfafd' } }
---

--- 2026-04-27T03:55:48.578Z debug
[InspectorProxyWorker] RUNTIME INCOMING MESSAGE { id: 100000118, result: { id: '6ef9ddde4a3cfafd' } }
---

--- 2026-04-27T03:55:48.579Z debug
[InspectorProxyWorker] SEND TO RUNTIME {"method":"Runtime.getIsolateId","id":100000120}
---

--- 2026-04-27T03:55:48.579Z debug
[InspectorProxyWorker] RUNTIME INCOMING MESSAGE { id: 100000119, result: { id: '6ef9ddde4a3cfafd' } }
---

--- 2026-04-27T03:55:48.580Z debug
[InspectorProxyWorker] RUNTIME INCOMING MESSAGE { id: 100000120, result: { id: '6ef9ddde4a3cfafd' } }
---

--- 2026-04-27T03:55:48.580Z debug
[InspectorProxyWorker] RUNTIME INCOMING MESSAGE { id: 100000121, result: { id: '6ef9ddde4a3cfafd' } }
---

--- 2026-04-27T03:55:48.581Z debug
[InspectorProxyWorker] SEND TO RUNTIME {"method":"Runtime.getIsolateId","id":100000123}
---

--- 2026-04-27T03:55:48.581Z debug
[InspectorProxyWorker] RUNTIME INCOMING MESSAGE { id: 100000122, result: { id: '6ef9ddde4a3cfafd' } }
---

--- 2026-04-27T03:55:48.581Z debug
[InspectorProxyWorker] SEND TO RUNTIME {"method":"Runtime.getIsolateId","id":100000167}
---

--- 2026-04-27T03:55:48.582Z debug
[InspectorProxyWorker] RUNTIME INCOMING MESSAGE { id: 100000165, result: { id: '6ef9ddde4a3cfafd' } }
---

--- 2026-04-27T03:55:48.582Z debug
[InspectorProxyWorker] RUNTIME INCOMING MESSAGE { id: 100000166, result: { id: '6ef9ddde4a3cfafd' } }
---

--- 2026-04-27T03:55:48.582Z debug
[InspectorProxyWorker] SEND TO RUNTIME {"method":"Runtime.getIsolateId","id":100000168}
---

--- 2026-04-27T03:55:48.583Z debug
[InspectorProxyWorker] RUNTIME INCOMING MESSAGE { id: 100000167, result: { id: '6ef9ddde4a3cfafd' } }
---

--- 2026-04-27T03:55:48.583Z debug
[InspectorProxyWorker] SEND TO RUNTIME {"method":"Runtime.getIsolateId","id":100000169}
---

--- 2026-04-27T03:55:48.583Z debug
[InspectorProxyWorker] RUNTIME INCOMING MESSAGE { id: 100000168, result: { id: '6ef9ddde4a3cfafd' } }
---

--- 2026-04-27T03:55:48.584Z debug
[InspectorProxyWorker] SEND TO RUNTIME {"method":"Runtime.getIsolateId","id":100000170}
---

--- 2026-04-27T03:55:48.584Z debug
[InspectorProxyWorker] RUNTIME INCOMING MESSAGE { id: 100000169, result: { id: '6ef9ddde4a3cfafd' } }
---

--- 2026-04-27T03:55:48.585Z debug
[InspectorProxyWorker] SEND TO RUNTIME {"method":"Runtime.getIsolateId","id":100000171}
---

--- 2026-04-27T03:55:48.585Z debug
[InspectorProxyWorker] RUNTIME INCOMING MESSAGE { id: 100000170, result: { id: '6ef9ddde4a3cfafd' } }
---

--- 2026-04-27T03:55:48.585Z debug
[InspectorProxyWorker] SEND TO RUNTIME {"method":"Runtime.getIsolateId","id":100000172}
---

--- 2026-04-27T03:55:48.586Z debug
[InspectorProxyWorker] RUNTIME INCOMING MESSAGE { id: 100000171, result: { id: '6ef9ddde4a3cfafd' } }
---

--- 2026-04-27T03:55:48.586Z debug
[InspectorProxyWorker] SEND TO RUNTIME {"method":"Runtime.getIsolateId","id":100000173}
---

--- 2026-04-27T03:55:48.587Z debug
[InspectorProxyWorker] RUNTIME INCOMING MESSAGE { id: 100000172, result: { id: '6ef9ddde4a3cfafd' } }
---

--- 2026-04-27T03:55:48.587Z debug
[InspectorProxyWorker] SEND TO RUNTIME {"method":"Runtime.getIsolateId","id":100000174}
---

--- 2026-04-27T03:55:48.587Z debug
[InspectorProxyWorker] RUNTIME INCOMING MESSAGE { id: 100000173, result: { id: '6ef9ddde4a3cfafd' } }
---

--- 2026-04-27T03:55:48.587Z debug
[InspectorProxyWorker] SEND TO RUNTIME {"method":"Runtime.getIsolateId","id":100000175}
---

--- 2026-04-27T03:55:48.588Z debug
[InspectorProxyWorker] RUNTIME INCOMING MESSAGE { id: 100000174, result: { id: '6ef9ddde4a3cfafd' } }
---

--- 2026-04-27T03:55:48.588Z debug
[InspectorProxyWorker] SEND TO RUNTIME {"method":"Runtime.getIsolateId","id":100000176}
---

--- 2026-04-27T03:55:48.588Z debug
[InspectorProxyWorker] RUNTIME INCOMING MESSAGE { id: 100000175, result: { id: '6ef9ddde4a3cfafd' } }
---

--- 2026-04-27T03:55:48.589Z debug
[InspectorProxyWorker] SEND TO RUNTIME {"method":"Runtime.getIsolateId","id":100000177}
---

--- 2026-04-27T03:55:48.589Z debug
[InspectorProxyWorker] RUNTIME INCOMING MESSAGE { id: 100000176, result: { id: '6ef9ddde4a3cfafd' } }
---

--- 2026-04-27T03:55:48.589Z debug
[InspectorProxyWorker] SEND TO RUNTIME {"method":"Runtime.getIsolateId","id":100000178}
---

--- 2026-04-27T03:55:48.590Z debug
[InspectorProxyWorker] SEND TO RUNTIME {"method":"Runtime.getIsolateId","id":100000179}
---

--- 2026-04-27T03:55:48.590Z debug
[InspectorProxyWorker] SEND TO RUNTIME {"method":"Runtime.getIsolateId","id":100000180}
---

--- 2026-04-27T03:55:48.590Z debug
[InspectorProxyWorker] RUNTIME INCOMING MESSAGE { id: 100000177, result: { id: '6ef9ddde4a3cfafd' } }
---

--- 2026-04-27T03:55:48.591Z debug
[InspectorProxyWorker] RUNTIME INCOMING MESSAGE { id: 100000178, result: { id: '6ef9ddde4a3cfafd' } }
---

--- 2026-04-27T03:55:48.591Z debug
[InspectorProxyWorker] RUNTIME INCOMING MESSAGE { id: 100000179, result: { id: '6ef9ddde4a3cfafd' } }
---

--- 2026-04-27T03:55:48.591Z debug
[InspectorProxyWorker] SEND TO RUNTIME {"method":"Runtime.getIsolateId","id":100000181}
---

--- 2026-04-27T03:55:48.592Z debug
[InspectorProxyWorker] RUNTIME INCOMING MESSAGE { id: 100000180, result: { id: '6ef9ddde4a3cfafd' } }
---

--- 2026-04-27T03:55:48.592Z debug
[InspectorProxyWorker] SEND TO RUNTIME {"method":"Runtime.getIsolateId","id":100000182}
---

--- 2026-04-27T03:55:48.592Z debug
[InspectorProxyWorker] RUNTIME INCOMING MESSAGE { id: 100000181, result: { id: '6ef9ddde4a3cfafd' } }
---

--- 2026-04-27T03:55:48.593Z debug
[InspectorProxyWorker] SEND TO RUNTIME {"method":"Runtime.getIsolateId","id":100000183}
---

--- 2026-04-27T03:55:48.593Z debug
[InspectorProxyWorker] RUNTIME INCOMING MESSAGE { id: 100000182, result: { id: '6ef9ddde4a3cfafd' } }
---

--- 2026-04-27T03:55:48.594Z debug
[InspectorProxyWorker] SEND TO RUNTIME {"method":"Runtime.getIsolateId","id":100000184}
---

--- 2026-04-27T03:55:48.594Z debug
[InspectorProxyWorker] RUNTIME INCOMING MESSAGE { id: 100000183, result: { id: '6ef9ddde4a3cfafd' } }
---

--- 2026-04-27T03:55:48.594Z debug
[InspectorProxyWorker] SEND TO RUNTIME {"method":"Runtime.getIsolateId","id":100000185}
---

--- 2026-04-27T03:55:48.595Z debug
[InspectorProxyWorker] RUNTIME INCOMING MESSAGE { id: 100000184, result: { id: '6ef9ddde4a3cfafd' } }
---

--- 2026-04-27T03:55:48.595Z debug
[InspectorProxyWorker] SEND TO RUNTIME {"method":"Runtime.getIsolateId","id":100000186}
---

--- 2026-04-27T03:55:48.597Z debug
[InspectorProxyWorker] RUNTIME INCOMING MESSAGE { id: 100000185, result: { id: '6ef9ddde4a3cfafd' } }
---

--- 2026-04-27T03:55:48.597Z debug
[InspectorProxyWorker] SEND TO RUNTIME {"method":"Runtime.getIsolateId","id":100000187}
---

--- 2026-04-27T03:55:48.598Z debug
[InspectorProxyWorker] RUNTIME INCOMING MESSAGE { id: 100000186, result: { id: '6ef9ddde4a3cfafd' } }
---

--- 2026-04-27T03:55:48.598Z debug
[InspectorProxyWorker] SEND TO RUNTIME {"method":"Runtime.getIsolateId","id":100000188}
---

--- 2026-04-27T03:55:48.598Z debug
[InspectorProxyWorker] RUNTIME INCOMING MESSAGE { id: 100000187, result: { id: '6ef9ddde4a3cfafd' } }
---

--- 2026-04-27T03:55:48.599Z debug
[InspectorProxyWorker] SEND TO RUNTIME {"method":"Runtime.getIsolateId","id":100000189}
---

--- 2026-04-27T03:55:48.599Z debug
[InspectorProxyWorker] RUNTIME INCOMING MESSAGE { id: 100000188, result: { id: '6ef9ddde4a3cfafd' } }
---

--- 2026-04-27T03:55:48.599Z debug
[InspectorProxyWorker] SEND TO RUNTIME {"method":"Runtime.getIsolateId","id":100000190}
---

--- 2026-04-27T03:55:48.600Z debug
[InspectorProxyWorker] RUNTIME INCOMING MESSAGE { id: 100000189, result: { id: '6ef9ddde4a3cfafd' } }
---

--- 2026-04-27T03:55:48.600Z debug
[InspectorProxyWorker] SEND TO RUNTIME {"method":"Runtime.getIsolateId","id":100000191}
---

--- 2026-04-27T03:55:48.600Z debug
[InspectorProxyWorker] RUNTIME INCOMING MESSAGE { id: 100000190, result: { id: '6ef9ddde4a3cfafd' } }
---

--- 2026-04-27T03:55:48.601Z debug
[InspectorProxyWorker] SEND TO RUNTIME {"method":"Runtime.getIsolateId","id":100000192}
---

--- 2026-04-27T03:55:48.601Z debug
[InspectorProxyWorker] RUNTIME INCOMING MESSAGE { id: 100000191, result: { id: '6ef9ddde4a3cfafd' } }
---

--- 2026-04-27T03:55:48.601Z debug
[InspectorProxyWorker] SEND TO RUNTIME {"method":"Runtime.getIsolateId","id":100000193}
---

--- 2026-04-27T03:55:48.602Z debug
[InspectorProxyWorker] RUNTIME INCOMING MESSAGE { id: 100000192, result: { id: '6ef9ddde4a3cfafd' } }
---

--- 2026-04-27T03:55:48.602Z debug
[InspectorProxyWorker] SEND TO RUNTIME {"method":"Runtime.getIsolateId","id":100000194}
---

--- 2026-04-27T03:55:48.602Z debug
[InspectorProxyWorker] RUNTIME INCOMING MESSAGE { id: 100000193, result: { id: '6ef9ddde4a3cfafd' } }
---

--- 2026-04-27T03:55:48.603Z debug
[InspectorProxyWorker] SEND TO RUNTIME {"method":"Runtime.getIsolateId","id":100000195}
---

--- 2026-04-27T03:55:48.603Z debug
[InspectorProxyWorker] RUNTIME INCOMING MESSAGE { id: 100000194, result: { id: '6ef9ddde4a3cfafd' } }
---

--- 2026-04-27T03:55:48.603Z debug
[InspectorProxyWorker] SEND TO RUNTIME {"method":"Runtime.getIsolateId","id":100000196}
---

--- 2026-04-27T03:55:48.604Z debug
[InspectorProxyWorker] RUNTIME INCOMING MESSAGE { id: 100000195, result: { id: '6ef9ddde4a3cfafd' } }
---

--- 2026-04-27T03:55:48.604Z debug
[InspectorProxyWorker] SEND TO RUNTIME {"method":"Runtime.getIsolateId","id":100000197}
---

--- 2026-04-27T03:55:48.604Z debug
[InspectorProxyWorker] RUNTIME INCOMING MESSAGE { id: 100000196, result: { id: '6ef9ddde4a3cfafd' } }
---

--- 2026-04-27T03:55:48.605Z debug
[InspectorProxyWorker] SEND TO RUNTIME {"method":"Runtime.getIsolateId","id":100000198}
---

--- 2026-04-27T03:55:48.605Z debug
[InspectorProxyWorker] RUNTIME INCOMING MESSAGE { id: 100000197, result: { id: '6ef9ddde4a3cfafd' } }
---

--- 2026-04-27T03:55:48.605Z debug
[InspectorProxyWorker] SEND TO RUNTIME {"method":"Runtime.getIsolateId","id":100000199}
---

--- 2026-04-27T03:55:48.606Z debug
[InspectorProxyWorker] RUNTIME INCOMING MESSAGE { id: 100000198, result: { id: '6ef9ddde4a3cfafd' } }
---

--- 2026-04-27T03:55:48.606Z debug
[InspectorProxyWorker] SEND TO RUNTIME {"method":"Runtime.getIsolateId","id":100000200}
---

--- 2026-04-27T03:55:48.606Z debug
[InspectorProxyWorker] RUNTIME INCOMING MESSAGE { id: 100000199, result: { id: '6ef9ddde4a3cfafd' } }
---

--- 2026-04-27T03:55:48.607Z debug
[InspectorProxyWorker] SEND TO RUNTIME {"method":"Runtime.getIsolateId","id":100000201}
---

--- 2026-04-27T03:55:48.607Z debug
[InspectorProxyWorker] RUNTIME INCOMING MESSAGE { id: 100000200, result: { id: '6ef9ddde4a3cfafd' } }
---

--- 2026-04-27T03:55:48.607Z debug
[InspectorProxyWorker] SEND TO RUNTIME {"method":"Runtime.getIsolateId","id":100000202}
---

--- 2026-04-27T03:55:48.608Z debug
[InspectorProxyWorker] RUNTIME INCOMING MESSAGE { id: 100000201, result: { id: '6ef9ddde4a3cfafd' } }
---

--- 2026-04-27T03:55:48.608Z debug
[InspectorProxyWorker] SEND TO RUNTIME {"method":"Runtime.getIsolateId","id":100000203}
---

--- 2026-04-27T03:55:48.608Z debug
[InspectorProxyWorker] RUNTIME INCOMING MESSAGE { id: 100000202, result: { id: '6ef9ddde4a3cfafd' } }
---

--- 2026-04-27T03:55:48.608Z debug
[InspectorProxyWorker] SEND TO RUNTIME {"method":"Runtime.getIsolateId","id":100000204}
---

--- 2026-04-27T03:55:48.609Z debug
[InspectorProxyWorker] RUNTIME INCOMING MESSAGE { id: 100000203, result: { id: '6ef9ddde4a3cfafd' } }
---

--- 2026-04-27T03:55:48.609Z debug
[InspectorProxyWorker] SEND TO RUNTIME {"method":"Runtime.getIsolateId","id":100000205}
---

--- 2026-04-27T03:55:48.610Z debug
[InspectorProxyWorker] RUNTIME INCOMING MESSAGE { id: 100000204, result: { id: '6ef9ddde4a3cfafd' } }
---

--- 2026-04-27T03:55:48.610Z debug
[InspectorProxyWorker] SEND TO RUNTIME {"method":"Runtime.getIsolateId","id":100000206}
---

--- 2026-04-27T03:55:48.611Z debug
[InspectorProxyWorker] RUNTIME INCOMING MESSAGE { id: 100000205, result: { id: '6ef9ddde4a3cfafd' } }
---

--- 2026-04-27T03:55:48.611Z debug
[InspectorProxyWorker] SEND TO RUNTIME {"method":"Runtime.getIsolateId","id":100000207}
---

--- 2026-04-27T03:55:48.612Z debug
[InspectorProxyWorker] RUNTIME INCOMING MESSAGE { id: 100000206, result: { id: '6ef9ddde4a3cfafd' } }
---

--- 2026-04-27T03:55:48.612Z debug
[InspectorProxyWorker] SEND TO RUNTIME {"method":"Runtime.getIsolateId","id":100000208}
---

--- 2026-04-27T03:55:48.613Z debug
[InspectorProxyWorker] RUNTIME INCOMING MESSAGE { id: 100000207, result: { id: '6ef9ddde4a3cfafd' } }
---

--- 2026-04-27T03:55:48.638Z debug
[InspectorProxyWorker] SEND TO RUNTIME {"method":"Runtime.getIsolateId","id":100000209}
---

--- 2026-04-27T03:55:48.638Z debug
[InspectorProxyWorker] SEND TO RUNTIME {"method":"Runtime.getIsolateId","id":100000210}
---

--- 2026-04-27T03:55:48.639Z debug
[InspectorProxyWorker] RUNTIME INCOMING MESSAGE { id: 100000208, result: { id: '6ef9ddde4a3cfafd' } }
---

--- 2026-04-27T03:55:48.639Z debug
[InspectorProxyWorker] RUNTIME INCOMING MESSAGE { id: 100000209, result: { id: '6ef9ddde4a3cfafd' } }
---

--- 2026-04-27T03:55:48.640Z debug
[InspectorProxyWorker] SEND TO RUNTIME {"method":"Runtime.getIsolateId","id":100000211}
---

--- 2026-04-27T03:55:48.640Z debug
[InspectorProxyWorker] RUNTIME INCOMING MESSAGE { id: 100000210, result: { id: '6ef9ddde4a3cfafd' } }
---

--- 2026-04-27T03:55:48.642Z debug
[InspectorProxyWorker] SEND TO RUNTIME {"method":"Runtime.getIsolateId","id":100000212}
---

--- 2026-04-27T03:55:48.643Z debug
[InspectorProxyWorker] SEND TO RUNTIME {"method":"Runtime.getIsolateId","id":100000213}
---

--- 2026-04-27T03:55:48.644Z debug
[InspectorProxyWorker] RUNTIME INCOMING MESSAGE { id: 100000211, result: { id: '6ef9ddde4a3cfafd' } }
---

--- 2026-04-27T03:55:48.644Z debug
[InspectorProxyWorker] RUNTIME INCOMING MESSAGE { id: 100000212, result: { id: '6ef9ddde4a3cfafd' } }
---

--- 2026-04-27T03:55:48.645Z debug
[InspectorProxyWorker] SEND TO RUNTIME {"method":"Runtime.getIsolateId","id":100000214}
---

--- 2026-04-27T03:55:48.645Z debug
[InspectorProxyWorker] RUNTIME INCOMING MESSAGE { id: 100000213, result: { id: '6ef9ddde4a3cfafd' } }
---

--- 2026-04-27T03:55:48.646Z debug
[InspectorProxyWorker] SEND TO RUNTIME {"method":"Runtime.getIsolateId","id":100000215}
---

--- 2026-04-27T03:55:48.646Z debug
[InspectorProxyWorker] RUNTIME INCOMING MESSAGE { id: 100000214, result: { id: '6ef9ddde4a3cfafd' } }
---

--- 2026-04-27T03:55:48.647Z debug
[InspectorProxyWorker] SEND TO RUNTIME {"method":"Runtime.getIsolateId","id":100000216}
---

--- 2026-04-27T03:55:48.647Z debug
[InspectorProxyWorker] RUNTIME INCOMING MESSAGE { id: 100000215, result: { id: '6ef9ddde4a3cfafd' } }
---

--- 2026-04-27T03:55:48.648Z debug
[InspectorProxyWorker] SEND TO RUNTIME {"method":"Runtime.getIsolateId","id":100000217}
---

--- 2026-04-27T03:55:48.649Z debug
[InspectorProxyWorker] RUNTIME INCOMING MESSAGE { id: 100000216, result: { id: '6ef9ddde4a3cfafd' } }
---

--- 2026-04-27T03:55:48.649Z debug
[InspectorProxyWorker] SEND TO RUNTIME {"method":"Runtime.getIsolateId","id":100000218}
---

--- 2026-04-27T03:55:48.649Z debug
[InspectorProxyWorker] RUNTIME INCOMING MESSAGE { id: 100000217, result: { id: '6ef9ddde4a3cfafd' } }
---

--- 2026-04-27T03:55:48.650Z debug
[InspectorProxyWorker] SEND TO RUNTIME {"method":"Runtime.getIsolateId","id":100000219}
---

--- 2026-04-27T03:55:48.650Z debug
[InspectorProxyWorker] RUNTIME INCOMING MESSAGE { id: 100000218, result: { id: '6ef9ddde4a3cfafd' } }
---

--- 2026-04-27T03:55:48.651Z debug
[InspectorProxyWorker] SEND TO RUNTIME {"method":"Runtime.getIsolateId","id":100000220}
---

--- 2026-04-27T03:55:48.652Z debug
[InspectorProxyWorker] RUNTIME INCOMING MESSAGE { id: 100000219, result: { id: '6ef9ddde4a3cfafd' } }
---

--- 2026-04-27T03:55:48.653Z debug
[InspectorProxyWorker] SEND TO RUNTIME {"method":"Runtime.getIsolateId","id":100000221}
---

--- 2026-04-27T03:55:48.653Z debug
[InspectorProxyWorker] SEND TO RUNTIME {"method":"Runtime.getIsolateId","id":100000222}
---

--- 2026-04-27T03:55:48.654Z debug
[InspectorProxyWorker] RUNTIME INCOMING MESSAGE { id: 100000220, result: { id: '6ef9ddde4a3cfafd' } }
---

--- 2026-04-27T03:55:48.655Z debug
[InspectorProxyWorker] SEND TO RUNTIME {"method":"Runtime.getIsolateId","id":100000223}
---

--- 2026-04-27T03:55:48.656Z debug
[InspectorProxyWorker] RUNTIME INCOMING MESSAGE { id: 100000221, result: { id: '6ef9ddde4a3cfafd' } }
---

--- 2026-04-27T03:55:48.656Z debug
[InspectorProxyWorker] RUNTIME INCOMING MESSAGE { id: 100000222, result: { id: '6ef9ddde4a3cfafd' } }
---

--- 2026-04-27T03:55:48.657Z debug
[InspectorProxyWorker] SEND TO RUNTIME {"method":"Runtime.getIsolateId","id":100000224}
---

--- 2026-04-27T03:55:48.657Z debug
[InspectorProxyWorker] RUNTIME INCOMING MESSAGE { id: 100000223, result: { id: '6ef9ddde4a3cfafd' } }
---

--- 2026-04-27T03:55:48.658Z debug
[InspectorProxyWorker] SEND TO RUNTIME {"method":"Runtime.getIsolateId","id":100000225}
---

--- 2026-04-27T03:55:48.658Z debug
[InspectorProxyWorker] RUNTIME INCOMING MESSAGE { id: 100000224, result: { id: '6ef9ddde4a3cfafd' } }
---

--- 2026-04-27T03:55:48.658Z debug
[InspectorProxyWorker] SEND TO RUNTIME {"method":"Runtime.getIsolateId","id":100000226}
---

--- 2026-04-27T03:55:48.659Z debug
[InspectorProxyWorker] RUNTIME INCOMING MESSAGE { id: 100000225, result: { id: '6ef9ddde4a3cfafd' } }
---

--- 2026-04-27T03:55:48.659Z debug
[InspectorProxyWorker] RUNTIME INCOMING MESSAGE { id: 100000227, result: { id: '6ef9ddde4a3cfafd' } }
---

--- 2026-04-27T03:55:48.660Z debug
[InspectorProxyWorker] RUNTIME INCOMING MESSAGE { id: 100000231, result: { id: '6ef9ddde4a3cfafd' } }
---

--- 2026-04-27T03:55:48.660Z debug
[InspectorProxyWorker] RUNTIME INCOMING MESSAGE { id: 100000235, result: { id: '6ef9ddde4a3cfafd' } }
---

--- 2026-04-27T03:55:48.661Z debug
[InspectorProxyWorker] SEND TO RUNTIME {"method":"Runtime.getIsolateId","id":100000237}
---

--- 2026-04-27T03:55:48.661Z debug
[InspectorProxyWorker] RUNTIME INCOMING MESSAGE { id: 100000236, result: { id: '6ef9ddde4a3cfafd' } }
---

--- 2026-04-27T03:55:48.662Z debug
[InspectorProxyWorker] SEND TO RUNTIME {"method":"Runtime.getIsolateId","id":100000238}
---

--- 2026-04-27T03:55:48.667Z debug
[InspectorProxyWorker] RUNTIME INCOMING MESSAGE { id: 100000237, result: { id: '6ef9ddde4a3cfafd' } }
---

--- 2026-04-27T03:55:53.145Z debug
[InspectorProxyWorker] SEND TO RUNTIME {"method":"Runtime.getIsolateId","id":100000273}
---

--- 2026-04-27T03:55:53.146Z debug
[InspectorProxyWorker] RUNTIME INCOMING MESSAGE { id: 100000273, result: { id: '6ef9ddde4a3cfafd' } }
---

--- 2026-04-27T03:56:03.145Z debug
[InspectorProxyWorker] SEND TO RUNTIME {"method":"Runtime.getIsolateId","id":100000274}
---

--- 2026-04-27T03:56:03.146Z debug
[InspectorProxyWorker] RUNTIME INCOMING MESSAGE { id: 100000274, result: { id: '6ef9ddde4a3cfafd' } }
---

--- 2026-04-27T03:56:13.143Z debug
[InspectorProxyWorker] SEND TO RUNTIME {"method":"Runtime.getIsolateId","id":100000275}
---

--- 2026-04-27T03:56:13.143Z debug
[InspectorProxyWorker] RUNTIME INCOMING MESSAGE { id: 100000275, result: { id: '6ef9ddde4a3cfafd' } }
---

--- 2026-04-27T03:56:25.521Z debug
[InspectorProxyWorker] SEND TO RUNTIME {"method":"Runtime.getIsolateId","id":100000276}
---

--- 2026-04-27T03:56:25.521Z debug
[InspectorProxyWorker] RUNTIME INCOMING MESSAGE { id: 100000276, result: { id: '6ef9ddde4a3cfafd' } }
---

--- 2026-04-27T03:56:33.141Z debug
[InspectorProxyWorker] SEND TO RUNTIME {"method":"Runtime.getIsolateId","id":100000277}
---

--- 2026-04-27T03:56:33.141Z debug
[InspectorProxyWorker] RUNTIME INCOMING MESSAGE { id: 100000277, result: { id: '6ef9ddde4a3cfafd' } }
---

--- 2026-04-27T03:56:43.143Z debug
[InspectorProxyWorker] SEND TO RUNTIME {"method":"Runtime.getIsolateId","id":100000278}
---

--- 2026-04-27T03:56:43.144Z debug
[InspectorProxyWorker] RUNTIME INCOMING MESSAGE { id: 100000278, result: { id: '6ef9ddde4a3cfafd' } }
---

--- 2026-04-27T03:56:53.144Z debug
[InspectorProxyWorker] SEND TO RUNTIME {"method":"Runtime.getIsolateId","id":100000279}
---

--- 2026-04-27T03:56:53.145Z debug
[InspectorProxyWorker] RUNTIME INCOMING MESSAGE { id: 100000279, result: { id: '6ef9ddde4a3cfafd' } }
---

--- 2026-04-27T03:57:05.538Z debug
[InspectorProxyWorker] SEND TO RUNTIME {"method":"Runtime.getIsolateId","id":100000280}
---

--- 2026-04-27T03:57:05.539Z debug
[InspectorProxyWorker] RUNTIME INCOMING MESSAGE { id: 100000280, result: { id: '6ef9ddde4a3cfafd' } }
---

--- 2026-04-27T03:57:06.721Z debug
DevEnv teardown beginning...
---

--- 2026-04-27T03:57:06.721Z debug
ConfigController teardown beginning...
---

--- 2026-04-27T03:57:06.721Z debug
BundlerController teardown beginning...
---

--- 2026-04-27T03:57:06.724Z debug
LocalRuntimeController teardown beginning...
---

--- 2026-04-27T03:57:06.724Z log
⎔ Shutting down local server...
---

--- 2026-04-27T03:57:06.725Z debug
RemoteRuntimeController teardown beginning...
---

--- 2026-04-27T03:57:06.725Z debug
RemoteRuntimeController teardown complete
---

--- 2026-04-27T03:57:06.725Z debug
ProxyController teardown beginning...
---
