
--- 2026-04-27T09:49:15.886Z debug
🪵  Writing logs to "/home/sora81dev/.config/.wrangler/logs/wrangler-2026-04-27_09-49-15_783.log"
---

--- 2026-04-27T09:49:15.886Z debug
.env file not found at "/home/sora81dev/kosen/test-notice/test-notice-web/.env". Continuing... For more details, refer to https://developers.cloudflare.com/workers/wrangler/system-environment-variables/
---

--- 2026-04-27T09:49:15.887Z debug
.env file not found at "/home/sora81dev/kosen/test-notice/test-notice-web/.env.local". Continuing... For more details, refer to https://developers.cloudflare.com/workers/wrangler/system-environment-variables/
---

--- 2026-04-27T09:49:15.892Z log

 ⛅️ wrangler 4.61.1 (update available 4.85.0)
─────────────────────────────────────────────
---

--- 2026-04-27T09:49:15.894Z debug
Metrics dispatcher: Posting data {"deviceId":"20b5732c-5bd8-49f2-9822-765f219bb4d8","event":"wrangler command started","timestamp":1777283355894,"properties":{"amplitude_session_id":1777283355893,"amplitude_event_id":0,"wranglerVersion":"4.61.1","wranglerMajorVersion":4,"wranglerMinorVersion":61,"wranglerPatchVersion":1,"osPlatform":"Linux","osVersion":"#1 SMP PREEMPT_DYNAMIC Thu Jun  5 18:30:46 UTC 2025","nodeVersion":24,"packageManager":"npm","isFirstUsage":false,"configFileType":"none","isCI":false,"isPagesCI":false,"isWorkersCI":false,"isInteractive":true,"hasAssets":false,"argsUsed":[],"argsCombination":"","agent":null,"sanitizedCommand":"pages dev","sanitizedArgs":{}}}
---

--- 2026-04-27T09:49:15.936Z warn
▲ [WARNING] Specifying a `-- <command>` or `--proxy` is deprecated and will be removed in a future version of Wrangler.

  Build your application to a directory and run the `wrangler pages dev <directory>`
  instead.
  This results in a more faithful emulation of production behavior.


---

--- 2026-04-27T09:49:15.936Z log
Running npm run vite-dev...
---

--- 2026-04-27T09:49:15.939Z log
Sleeping 5 seconds to allow proxy process to start before attempting to automatically determine port...
---

--- 2026-04-27T09:49:15.939Z log
To skip, specify the proxy port with --proxy.
---

--- 2026-04-27T09:49:16.005Z log
[proxy]: 
> test-notice-web@0.0.0 vite-dev
> vite


---

--- 2026-04-27T09:49:16.226Z log
[proxy]: 
  VITE v7.3.1  ready in 199 ms


---

--- 2026-04-27T09:49:16.227Z log
[proxy]:   ➜  Local:   http://localhost:5173/
  ➜  Network: use --host to expose

---

--- 2026-04-27T09:49:21.026Z log
Automatically determined the proxy port to be 5173.
---

--- 2026-04-27T09:49:21.027Z debug
Compiling worker to "/home/sora81dev/kosen/test-notice/test-notice-web/.wrangler/tmp/pages-2rorvk/functionsWorker-0.7710523637821495.mjs"...
---

--- 2026-04-27T09:49:21.051Z log
✨ Compiled Worker successfully
---

--- 2026-04-27T09:49:21.052Z debug
Metrics dispatcher: Posting data {"deviceId":"20b5732c-5bd8-49f2-9822-765f219bb4d8","event":"build pages functions","timestamp":1777283361052,"properties":{"category":"Workers","wranglerVersion":"4.61.1","wranglerMajorVersion":4,"wranglerMinorVersion":61,"wranglerPatchVersion":1,"os":"linux:x64","agent":null}}
---

--- 2026-04-27T09:49:21.054Z debug
setting config
---

--- 2026-04-27T09:49:21.054Z debug
Updating config... undefined undefined
---

--- 2026-04-27T09:49:21.058Z debug
local dev variables file not found at ".dev.vars". Continuing... For more details, refer to https://developers.cloudflare.com/workers/wrangler/system-environment-variables/
---

--- 2026-04-27T09:49:21.058Z debug
.env file not found at "/home/sora81dev/kosen/test-notice/test-notice-web/.env". Continuing... For more details, refer to https://developers.cloudflare.com/workers/wrangler/system-environment-variables/
---

--- 2026-04-27T09:49:21.058Z debug
.env file not found at "/home/sora81dev/kosen/test-notice/test-notice-web/.env.local". Continuing... For more details, refer to https://developers.cloudflare.com/workers/wrangler/system-environment-variables/
---

--- 2026-04-27T09:49:21.067Z debug
Metrics dispatcher: Posting data {"deviceId":"20b5732c-5bd8-49f2-9822-765f219bb4d8","event":"run pages dev","timestamp":1777283361067,"properties":{"category":"Workers","wranglerVersion":"4.61.1","wranglerMajorVersion":4,"wranglerMinorVersion":61,"wranglerPatchVersion":1,"os":"linux:x64","agent":null}}
---

--- 2026-04-27T09:49:21.112Z debug
RemoteRuntimeController teardown beginning...
---

--- 2026-04-27T09:49:21.112Z debug
RemoteRuntimeController teardown complete
---

--- 2026-04-27T09:49:21.116Z log
⎔ Starting local server...
---

--- 2026-04-27T09:49:21.155Z debug
[InspectorProxyWorker] handleProxyControllerIncomingMessage {"type":"reloadStart"}
---

--- 2026-04-27T09:49:21.356Z debug
[InspectorProxyWorker] handleProxyControllerIncomingMessage {"type":"reloadComplete","proxyData":{"userWorkerUrl":{"protocol":"http:","hostname":"127.0.0.1","port":"36605"},"userWorkerInspectorUrl":{"protocol":"ws:","hostname":"127.0.0.1","port":"46501","pathname":"/core:user:test-notice-web"},"userWorkerInnerUrlOverrides":{"protocol":"http:"},"headers":{"MF-Proxy-Shared-Secret":"b97acca3-c156-4a1e-8aa0-61691bb7d5a0"},"liveReload":false,"proxyLogsToController":false}}
---

--- 2026-04-27T09:49:21.357Z debug
[InspectorProxyWorker] reconnectRuntimeWebSocket
---

--- 2026-04-27T09:49:21.357Z debug
[InspectorProxyWorker] NEW RUNTIME WEBSOCKET http://127.0.0.1:46501/core:user:test-notice-web
---

--- 2026-04-27T09:49:21.357Z debug
[InspectorProxyWorker] SEND TO DEVTOOLS {"method":"Runtime.executionContextsCleared"}
---

--- 2026-04-27T09:49:21.358Z debug
[InspectorProxyWorker] RUNTIME WEBSOCKET OPENED
---

--- 2026-04-27T09:49:21.359Z debug
[InspectorProxyWorker] RUNTIME INCOMING MESSAGE {
  method: 'Runtime.executionContextCreated',
  params: {
    context: {
      id: 426139745,
      origin: '',
      name: 'Worker',
      uniqueId: '-149805867975996105.4733082163665123808'
    }
  }
}
---

--- 2026-04-27T09:49:21.360Z debug
[InspectorProxyWorker] RUNTIME INCOMING MESSAGE { id: 100000001, result: {} }
---

--- 2026-04-27T09:49:21.360Z debug
[InspectorProxyWorker] RUNTIME INCOMING MESSAGE {
  method: 'Debugger.scriptParsed',
  params: {
    scriptId: '3',
    url: 'file:///home/sora81dev/kosen/test-notice/test-notice-web/.wrangler/tmp/dev-5RSG9x/functionsWorker-0.7710523637821495.js',
    startLine: 0,
    startColumn: 0,
    endLine: 929,
    endColumn: 133,
    executionContextId: 426139745,
    hash: 'e13f8a0559d51ff5c4110cfd33423d662699e7b983651a17b04a84e3c764c056',
    buildId: '',
    isLiveEdit: false,
    sourceMapURL: 'functionsWorker-0.7710523637821495.js.map',
    hasSourceURL: true,
    isModule: true,
    length: 30349,
    scriptLanguage: 'JavaScript',
    embedderName: 'functionsWorker-0.7710523637821495.js'
  }
}
---

--- 2026-04-27T09:49:21.360Z debug
[InspectorProxyWorker] RUNTIME INCOMING MESSAGE {
  id: 100000002,
  result: { debuggerId: '-3410777384154561365.1182747221943275955' }
}
---

--- 2026-04-27T09:49:21.360Z debug
[InspectorProxyWorker] SEND TO RUNTIME {"method":"Runtime.enable","id":100000001}
---

--- 2026-04-27T09:49:21.361Z debug
[InspectorProxyWorker] SEND TO RUNTIME {"method":"Debugger.enable","id":100000002}
---

--- 2026-04-27T09:49:21.361Z debug
[InspectorProxyWorker] SEND TO RUNTIME {"method":"Network.enable","id":100000003}
---

--- 2026-04-27T09:49:21.362Z debug
[InspectorProxyWorker] RUNTIME INCOMING MESSAGE { id: 100000003, method: 'Network.enable', result: {} }
---

--- 2026-04-27T09:49:34.301Z debug
[InspectorProxyWorker] SEND TO RUNTIME {"method":"Runtime.getIsolateId","id":100000004}
---

--- 2026-04-27T09:49:34.302Z debug
[InspectorProxyWorker] RUNTIME INCOMING MESSAGE { id: 100000004, result: { id: '695f180ea8dfe557' } }
---

--- 2026-04-27T09:49:41.360Z debug
[InspectorProxyWorker] SEND TO RUNTIME {"method":"Runtime.getIsolateId","id":100000005}
---

--- 2026-04-27T09:49:41.361Z debug
[InspectorProxyWorker] RUNTIME INCOMING MESSAGE { id: 100000005, result: { id: '695f180ea8dfe557' } }
---

--- 2026-04-27T09:49:50.327Z debug
DevEnv teardown beginning...
---

--- 2026-04-27T09:49:50.328Z debug
ConfigController teardown beginning...
---

--- 2026-04-27T09:49:50.328Z debug
BundlerController teardown beginning...
---

--- 2026-04-27T09:49:50.329Z debug
LocalRuntimeController teardown beginning...
---

--- 2026-04-27T09:49:50.329Z log
⎔ Shutting down local server...
---

--- 2026-04-27T09:49:50.329Z debug
RemoteRuntimeController teardown beginning...
---

--- 2026-04-27T09:49:50.329Z debug
RemoteRuntimeController teardown complete
---

--- 2026-04-27T09:49:50.329Z debug
ProxyController teardown beginning...
---

--- 2026-04-27T09:49:50.329Z debug
ConfigController teardown complete
---

--- 2026-04-27T09:49:50.338Z debug
ProxyController teardown complete
---

--- 2026-04-27T09:49:50.340Z debug
LocalRuntimeController teardown complete
---
