
--- 2026-04-27T07:03:45.367Z debug
🪵  Writing logs to "/home/sora81dev/.config/.wrangler/logs/wrangler-2026-04-27_07-03-45_197.log"
---

--- 2026-04-27T07:03:45.367Z debug
.env file not found at "/home/sora81dev/kosen/test-notice/test-notice-web/.env". Continuing... For more details, refer to https://developers.cloudflare.com/workers/wrangler/system-environment-variables/
---

--- 2026-04-27T07:03:45.368Z debug
.env file not found at "/home/sora81dev/kosen/test-notice/test-notice-web/.env.local". Continuing... For more details, refer to https://developers.cloudflare.com/workers/wrangler/system-environment-variables/
---

--- 2026-04-27T07:03:46.098Z log

 ⛅️ wrangler 4.61.1 (update available 4.85.0)
─────────────────────────────────────────────
---

--- 2026-04-27T07:03:46.104Z debug
Metrics dispatcher: Posting data {"deviceId":"20b5732c-5bd8-49f2-9822-765f219bb4d8","event":"wrangler command started","timestamp":1777273426104,"properties":{"amplitude_session_id":1777273426100,"amplitude_event_id":0,"wranglerVersion":"4.61.1","wranglerMajorVersion":4,"wranglerMinorVersion":61,"wranglerPatchVersion":1,"osPlatform":"Linux","osVersion":"#1 SMP PREEMPT_DYNAMIC Thu Jun  5 18:30:46 UTC 2025","nodeVersion":24,"packageManager":"npm","isFirstUsage":false,"configFileType":"none","isCI":false,"isPagesCI":false,"isWorkersCI":false,"isInteractive":true,"hasAssets":false,"argsUsed":[],"argsCombination":"","agent":null,"sanitizedCommand":"pages dev","sanitizedArgs":{}}}
---

--- 2026-04-27T07:03:46.209Z warn
▲ [WARNING] Specifying a `-- <command>` or `--proxy` is deprecated and will be removed in a future version of Wrangler.

  Build your application to a directory and run the `wrangler pages dev <directory>`
  instead.
  This results in a more faithful emulation of production behavior.


---

--- 2026-04-27T07:03:46.210Z log
Running npm run vite-dev...
---

--- 2026-04-27T07:03:46.213Z log
Sleeping 5 seconds to allow proxy process to start before attempting to automatically determine port...
---

--- 2026-04-27T07:03:46.213Z log
To skip, specify the proxy port with --proxy.
---

--- 2026-04-27T07:03:46.308Z log
[proxy]: 
> test-notice-web@0.0.0 vite-dev
> vite


---

--- 2026-04-27T07:03:46.655Z log
[proxy]: 
  VITE v7.3.1  ready in 314 ms


---

--- 2026-04-27T07:03:46.655Z log
[proxy]:   ➜  Local:   http://localhost:5173/

---

--- 2026-04-27T07:03:46.655Z log
[proxy]:   ➜  Network: use --host to expose

---

--- 2026-04-27T07:03:51.315Z log
Automatically determined the proxy port to be 5173.
---

--- 2026-04-27T07:03:51.316Z debug
Compiling worker to "/home/sora81dev/kosen/test-notice/test-notice-web/.wrangler/tmp/pages-hE1Al4/functionsWorker-0.282971766472758.mjs"...
---

--- 2026-04-27T07:03:51.357Z log
✨ Compiled Worker successfully
---

--- 2026-04-27T07:03:51.358Z debug
Metrics dispatcher: Posting data {"deviceId":"20b5732c-5bd8-49f2-9822-765f219bb4d8","event":"build pages functions","timestamp":1777273431358,"properties":{"category":"Workers","wranglerVersion":"4.61.1","wranglerMajorVersion":4,"wranglerMinorVersion":61,"wranglerPatchVersion":1,"os":"linux:x64","agent":null}}
---

--- 2026-04-27T07:03:51.361Z debug
setting config
---

--- 2026-04-27T07:03:51.361Z debug
Updating config... undefined undefined
---

--- 2026-04-27T07:03:51.366Z debug
local dev variables file not found at ".dev.vars". Continuing... For more details, refer to https://developers.cloudflare.com/workers/wrangler/system-environment-variables/
---

--- 2026-04-27T07:03:51.366Z debug
.env file not found at "/home/sora81dev/kosen/test-notice/test-notice-web/.env". Continuing... For more details, refer to https://developers.cloudflare.com/workers/wrangler/system-environment-variables/
---

--- 2026-04-27T07:03:51.366Z debug
.env file not found at "/home/sora81dev/kosen/test-notice/test-notice-web/.env.local". Continuing... For more details, refer to https://developers.cloudflare.com/workers/wrangler/system-environment-variables/
---

--- 2026-04-27T07:03:51.387Z debug
Metrics dispatcher: Posting data {"deviceId":"20b5732c-5bd8-49f2-9822-765f219bb4d8","event":"run pages dev","timestamp":1777273431387,"properties":{"category":"Workers","wranglerVersion":"4.61.1","wranglerMajorVersion":4,"wranglerMinorVersion":61,"wranglerPatchVersion":1,"os":"linux:x64","agent":null}}
---

--- 2026-04-27T07:03:51.425Z debug
RemoteRuntimeController teardown beginning...
---

--- 2026-04-27T07:03:51.425Z debug
RemoteRuntimeController teardown complete
---

--- 2026-04-27T07:03:51.432Z log
⎔ Starting local server...
---

--- 2026-04-27T07:03:51.560Z debug
[InspectorProxyWorker] handleProxyControllerIncomingMessage {"type":"reloadStart"}
---

--- 2026-04-27T07:03:51.738Z debug
[InspectorProxyWorker] handleProxyControllerIncomingMessage {"type":"reloadComplete","proxyData":{"userWorkerUrl":{"protocol":"http:","hostname":"127.0.0.1","port":"36757"},"userWorkerInspectorUrl":{"protocol":"ws:","hostname":"127.0.0.1","port":"39107","pathname":"/core:user:test-notice-web"},"userWorkerInnerUrlOverrides":{"protocol":"http:"},"headers":{"MF-Proxy-Shared-Secret":"4ea580f5-d891-484c-a2d5-c0861a986ed6"},"liveReload":false,"proxyLogsToController":false}}
---

--- 2026-04-27T07:03:51.739Z debug
[InspectorProxyWorker] reconnectRuntimeWebSocket
---

--- 2026-04-27T07:03:51.739Z debug
[InspectorProxyWorker] NEW RUNTIME WEBSOCKET http://127.0.0.1:39107/core:user:test-notice-web
---

--- 2026-04-27T07:03:51.740Z debug
[InspectorProxyWorker] SEND TO DEVTOOLS {"method":"Runtime.executionContextsCleared"}
---

--- 2026-04-27T07:03:51.741Z debug
[InspectorProxyWorker] RUNTIME WEBSOCKET OPENED
---

--- 2026-04-27T07:03:51.742Z debug
[InspectorProxyWorker] RUNTIME INCOMING MESSAGE {
  method: 'Runtime.executionContextCreated',
  params: {
    context: {
      id: 77086913,
      origin: '',
      name: 'Worker',
      uniqueId: '3606348803174690968.-1313229141929482174'
    }
  }
}
---

--- 2026-04-27T07:03:51.745Z debug
[InspectorProxyWorker] RUNTIME INCOMING MESSAGE { id: 100000001, result: {} }
---

--- 2026-04-27T07:03:51.746Z debug
[InspectorProxyWorker] RUNTIME INCOMING MESSAGE {
  method: 'Debugger.scriptParsed',
  params: {
    scriptId: '3',
    url: 'file:///home/sora81dev/kosen/test-notice/test-notice-web/.wrangler/tmp/dev-DbcmSE/functionsWorker-0.282971766472758.js',
    startLine: 0,
    startColumn: 0,
    endLine: 929,
    endColumn: 132,
    executionContextId: 77086913,
    hash: '56a30b911d941e32b43f95f3327fbde7efd4cad7612c2574091d3ca8d6fa59c1',
    buildId: '',
    isLiveEdit: false,
    sourceMapURL: 'functionsWorker-0.282971766472758.js.map',
    hasSourceURL: true,
    isModule: true,
    length: 30346,
    scriptLanguage: 'JavaScript',
    embedderName: 'functionsWorker-0.282971766472758.js'
  }
}
---

--- 2026-04-27T07:03:51.746Z debug
[InspectorProxyWorker] RUNTIME INCOMING MESSAGE {
  id: 100000002,
  result: { debuggerId: '-1959588965239842329.736306204113326781' }
}
---

--- 2026-04-27T07:03:51.746Z debug
[InspectorProxyWorker] SEND TO RUNTIME {"method":"Runtime.enable","id":100000001}
---

--- 2026-04-27T07:03:51.747Z debug
[InspectorProxyWorker] SEND TO RUNTIME {"method":"Debugger.enable","id":100000002}
---

--- 2026-04-27T07:03:51.747Z debug
[InspectorProxyWorker] SEND TO RUNTIME {"method":"Network.enable","id":100000003}
---

--- 2026-04-27T07:03:51.748Z debug
[InspectorProxyWorker] RUNTIME INCOMING MESSAGE { id: 100000003, method: 'Network.enable', result: {} }
---

--- 2026-04-27T07:04:01.748Z debug
[InspectorProxyWorker] SEND TO RUNTIME {"method":"Runtime.getIsolateId","id":100000004}
---

--- 2026-04-27T07:04:01.749Z debug
[InspectorProxyWorker] RUNTIME INCOMING MESSAGE { id: 100000004, result: { id: '694fd8a5987a2d9d' } }
---

--- 2026-04-27T07:04:13.749Z debug
[InspectorProxyWorker] SEND TO RUNTIME {"method":"Runtime.getIsolateId","id":100000005}
---

--- 2026-04-27T07:04:13.751Z debug
[InspectorProxyWorker] RUNTIME INCOMING MESSAGE { id: 100000005, result: { id: '694fd8a5987a2d9d' } }
---

--- 2026-04-27T07:04:21.745Z debug
[InspectorProxyWorker] SEND TO RUNTIME {"method":"Runtime.getIsolateId","id":100000006}
---

--- 2026-04-27T07:04:21.746Z debug
[InspectorProxyWorker] RUNTIME INCOMING MESSAGE { id: 100000006, result: { id: '694fd8a5987a2d9d' } }
---

--- 2026-04-27T07:04:31.745Z debug
[InspectorProxyWorker] SEND TO RUNTIME {"method":"Runtime.getIsolateId","id":100000007}
---

--- 2026-04-27T07:04:31.747Z debug
[InspectorProxyWorker] RUNTIME INCOMING MESSAGE { id: 100000007, result: { id: '694fd8a5987a2d9d' } }
---

--- 2026-04-27T07:04:41.747Z debug
[InspectorProxyWorker] SEND TO RUNTIME {"method":"Runtime.getIsolateId","id":100000008}
---

--- 2026-04-27T07:04:41.749Z debug
[InspectorProxyWorker] RUNTIME INCOMING MESSAGE { id: 100000008, result: { id: '694fd8a5987a2d9d' } }
---

--- 2026-04-27T07:04:53.892Z debug
[InspectorProxyWorker] SEND TO RUNTIME {"method":"Runtime.getIsolateId","id":100000009}
---

--- 2026-04-27T07:04:53.894Z debug
[InspectorProxyWorker] RUNTIME INCOMING MESSAGE { id: 100000009, result: { id: '694fd8a5987a2d9d' } }
---

--- 2026-04-27T07:05:01.743Z debug
[InspectorProxyWorker] SEND TO RUNTIME {"method":"Runtime.getIsolateId","id":100000010}
---

--- 2026-04-27T07:05:01.744Z debug
[InspectorProxyWorker] RUNTIME INCOMING MESSAGE { id: 100000010, result: { id: '694fd8a5987a2d9d' } }
---

--- 2026-04-27T07:05:11.745Z debug
[InspectorProxyWorker] SEND TO RUNTIME {"method":"Runtime.getIsolateId","id":100000011}
---

--- 2026-04-27T07:05:11.746Z debug
[InspectorProxyWorker] RUNTIME INCOMING MESSAGE { id: 100000011, result: { id: '694fd8a5987a2d9d' } }
---

--- 2026-04-27T07:05:23.945Z debug
[InspectorProxyWorker] SEND TO RUNTIME {"method":"Runtime.getIsolateId","id":100000012}
---

--- 2026-04-27T07:05:23.946Z debug
[InspectorProxyWorker] RUNTIME INCOMING MESSAGE { id: 100000012, result: { id: '694fd8a5987a2d9d' } }
---

--- 2026-04-27T07:05:31.745Z debug
[InspectorProxyWorker] SEND TO RUNTIME {"method":"Runtime.getIsolateId","id":100000013}
---

--- 2026-04-27T07:05:31.747Z debug
[InspectorProxyWorker] RUNTIME INCOMING MESSAGE { id: 100000013, result: { id: '694fd8a5987a2d9d' } }
---

--- 2026-04-27T07:05:41.743Z debug
[InspectorProxyWorker] SEND TO RUNTIME {"method":"Runtime.getIsolateId","id":100000014}
---

--- 2026-04-27T07:05:41.744Z debug
[InspectorProxyWorker] RUNTIME INCOMING MESSAGE { id: 100000014, result: { id: '694fd8a5987a2d9d' } }
---

--- 2026-04-27T07:05:51.745Z debug
[InspectorProxyWorker] SEND TO RUNTIME {"method":"Runtime.getIsolateId","id":100000015}
---

--- 2026-04-27T07:05:51.746Z debug
[InspectorProxyWorker] RUNTIME INCOMING MESSAGE { id: 100000015, result: { id: '694fd8a5987a2d9d' } }
---

--- 2026-04-27T07:06:03.934Z debug
[InspectorProxyWorker] SEND TO RUNTIME {"method":"Runtime.getIsolateId","id":100000016}
---

--- 2026-04-27T07:06:03.935Z debug
[InspectorProxyWorker] RUNTIME INCOMING MESSAGE { id: 100000016, result: { id: '694fd8a5987a2d9d' } }
---

--- 2026-04-27T07:06:11.743Z debug
[InspectorProxyWorker] SEND TO RUNTIME {"method":"Runtime.getIsolateId","id":100000017}
---

--- 2026-04-27T07:06:11.744Z debug
[InspectorProxyWorker] RUNTIME INCOMING MESSAGE { id: 100000017, result: { id: '694fd8a5987a2d9d' } }
---

--- 2026-04-27T07:06:21.748Z debug
[InspectorProxyWorker] SEND TO RUNTIME {"method":"Runtime.getIsolateId","id":100000018}
---

--- 2026-04-27T07:06:21.749Z debug
[InspectorProxyWorker] RUNTIME INCOMING MESSAGE { id: 100000018, result: { id: '694fd8a5987a2d9d' } }
---

--- 2026-04-27T07:06:33.969Z debug
[InspectorProxyWorker] SEND TO RUNTIME {"method":"Runtime.getIsolateId","id":100000019}
---

--- 2026-04-27T07:06:33.971Z debug
[InspectorProxyWorker] RUNTIME INCOMING MESSAGE { id: 100000019, result: { id: '694fd8a5987a2d9d' } }
---

--- 2026-04-27T07:06:41.744Z debug
[InspectorProxyWorker] SEND TO RUNTIME {"method":"Runtime.getIsolateId","id":100000020}
---

--- 2026-04-27T07:06:41.745Z debug
[InspectorProxyWorker] RUNTIME INCOMING MESSAGE { id: 100000020, result: { id: '694fd8a5987a2d9d' } }
---

--- 2026-04-27T07:06:51.746Z debug
[InspectorProxyWorker] SEND TO RUNTIME {"method":"Runtime.getIsolateId","id":100000021}
---

--- 2026-04-27T07:06:51.747Z debug
[InspectorProxyWorker] RUNTIME INCOMING MESSAGE { id: 100000021, result: { id: '694fd8a5987a2d9d' } }
---

--- 2026-04-27T07:07:01.746Z debug
[InspectorProxyWorker] SEND TO RUNTIME {"method":"Runtime.getIsolateId","id":100000022}
---

--- 2026-04-27T07:07:01.747Z debug
[InspectorProxyWorker] RUNTIME INCOMING MESSAGE { id: 100000022, result: { id: '694fd8a5987a2d9d' } }
---

--- 2026-04-27T07:07:13.934Z debug
[InspectorProxyWorker] SEND TO RUNTIME {"method":"Runtime.getIsolateId","id":100000023}
---

--- 2026-04-27T07:07:13.935Z debug
[InspectorProxyWorker] RUNTIME INCOMING MESSAGE { id: 100000023, result: { id: '694fd8a5987a2d9d' } }
---

--- 2026-04-27T07:07:21.743Z debug
[InspectorProxyWorker] SEND TO RUNTIME {"method":"Runtime.getIsolateId","id":100000024}
---

--- 2026-04-27T07:07:21.744Z debug
[InspectorProxyWorker] RUNTIME INCOMING MESSAGE { id: 100000024, result: { id: '694fd8a5987a2d9d' } }
---

--- 2026-04-27T07:07:31.745Z debug
[InspectorProxyWorker] SEND TO RUNTIME {"method":"Runtime.getIsolateId","id":100000025}
---

--- 2026-04-27T07:07:31.746Z debug
[InspectorProxyWorker] RUNTIME INCOMING MESSAGE { id: 100000025, result: { id: '694fd8a5987a2d9d' } }
---

--- 2026-04-27T07:07:43.936Z debug
[InspectorProxyWorker] SEND TO RUNTIME {"method":"Runtime.getIsolateId","id":100000026}
---

--- 2026-04-27T07:07:43.937Z debug
[InspectorProxyWorker] RUNTIME INCOMING MESSAGE { id: 100000026, result: { id: '694fd8a5987a2d9d' } }
---

--- 2026-04-27T07:07:51.745Z debug
[InspectorProxyWorker] SEND TO RUNTIME {"method":"Runtime.getIsolateId","id":100000027}
---

--- 2026-04-27T07:07:51.746Z debug
[InspectorProxyWorker] RUNTIME INCOMING MESSAGE { id: 100000027, result: { id: '694fd8a5987a2d9d' } }
---

--- 2026-04-27T07:08:01.744Z debug
[InspectorProxyWorker] SEND TO RUNTIME {"method":"Runtime.getIsolateId","id":100000028}
---

--- 2026-04-27T07:08:01.744Z debug
[InspectorProxyWorker] RUNTIME INCOMING MESSAGE { id: 100000028, result: { id: '694fd8a5987a2d9d' } }
---

--- 2026-04-27T07:08:14.010Z debug
[InspectorProxyWorker] SEND TO RUNTIME {"method":"Runtime.getIsolateId","id":100000029}
---

--- 2026-04-27T07:08:14.010Z debug
[InspectorProxyWorker] RUNTIME INCOMING MESSAGE { id: 100000029, result: { id: '694fd8a5987a2d9d' } }
---

--- 2026-04-27T07:08:21.742Z debug
[InspectorProxyWorker] SEND TO RUNTIME {"method":"Runtime.getIsolateId","id":100000030}
---

--- 2026-04-27T07:08:21.743Z debug
[InspectorProxyWorker] RUNTIME INCOMING MESSAGE { id: 100000030, result: { id: '694fd8a5987a2d9d' } }
---

--- 2026-04-27T07:08:31.746Z debug
[InspectorProxyWorker] SEND TO RUNTIME {"method":"Runtime.getIsolateId","id":100000031}
---

--- 2026-04-27T07:08:31.747Z debug
[InspectorProxyWorker] RUNTIME INCOMING MESSAGE { id: 100000031, result: { id: '694fd8a5987a2d9d' } }
---

--- 2026-04-27T07:08:41.743Z debug
[InspectorProxyWorker] SEND TO RUNTIME {"method":"Runtime.getIsolateId","id":100000032}
---

--- 2026-04-27T07:08:41.744Z debug
[InspectorProxyWorker] RUNTIME INCOMING MESSAGE { id: 100000032, result: { id: '694fd8a5987a2d9d' } }
---

--- 2026-04-27T07:08:53.905Z debug
[InspectorProxyWorker] SEND TO RUNTIME {"method":"Runtime.getIsolateId","id":100000033}
---

--- 2026-04-27T07:08:53.906Z debug
[InspectorProxyWorker] RUNTIME INCOMING MESSAGE { id: 100000033, result: { id: '694fd8a5987a2d9d' } }
---

--- 2026-04-27T07:09:01.743Z debug
[InspectorProxyWorker] SEND TO RUNTIME {"method":"Runtime.getIsolateId","id":100000034}
---

--- 2026-04-27T07:09:01.744Z debug
[InspectorProxyWorker] RUNTIME INCOMING MESSAGE { id: 100000034, result: { id: '694fd8a5987a2d9d' } }
---

--- 2026-04-27T07:09:11.746Z debug
[InspectorProxyWorker] SEND TO RUNTIME {"method":"Runtime.getIsolateId","id":100000035}
---

--- 2026-04-27T07:09:11.748Z debug
[InspectorProxyWorker] RUNTIME INCOMING MESSAGE { id: 100000035, result: { id: '694fd8a5987a2d9d' } }
---

--- 2026-04-27T07:09:23.967Z debug
[InspectorProxyWorker] SEND TO RUNTIME {"method":"Runtime.getIsolateId","id":100000036}
---

--- 2026-04-27T07:09:23.967Z debug
[InspectorProxyWorker] RUNTIME INCOMING MESSAGE { id: 100000036, result: { id: '694fd8a5987a2d9d' } }
---

--- 2026-04-27T07:09:31.743Z debug
[InspectorProxyWorker] SEND TO RUNTIME {"method":"Runtime.getIsolateId","id":100000037}
---

--- 2026-04-27T07:09:31.744Z debug
[InspectorProxyWorker] RUNTIME INCOMING MESSAGE { id: 100000037, result: { id: '694fd8a5987a2d9d' } }
---

--- 2026-04-27T07:09:41.746Z debug
[InspectorProxyWorker] SEND TO RUNTIME {"method":"Runtime.getIsolateId","id":100000038}
---

--- 2026-04-27T07:09:41.747Z debug
[InspectorProxyWorker] RUNTIME INCOMING MESSAGE { id: 100000038, result: { id: '694fd8a5987a2d9d' } }
---

--- 2026-04-27T07:09:51.745Z debug
[InspectorProxyWorker] SEND TO RUNTIME {"method":"Runtime.getIsolateId","id":100000039}
---

--- 2026-04-27T07:09:51.746Z debug
[InspectorProxyWorker] RUNTIME INCOMING MESSAGE { id: 100000039, result: { id: '694fd8a5987a2d9d' } }
---

--- 2026-04-27T07:10:04.018Z debug
[InspectorProxyWorker] SEND TO RUNTIME {"method":"Runtime.getIsolateId","id":100000040}
---

--- 2026-04-27T07:10:04.020Z debug
[InspectorProxyWorker] RUNTIME INCOMING MESSAGE { id: 100000040, result: { id: '694fd8a5987a2d9d' } }
---

--- 2026-04-27T07:10:11.745Z debug
[InspectorProxyWorker] SEND TO RUNTIME {"method":"Runtime.getIsolateId","id":100000041}
---

--- 2026-04-27T07:10:11.746Z debug
[InspectorProxyWorker] RUNTIME INCOMING MESSAGE { id: 100000041, result: { id: '694fd8a5987a2d9d' } }
---

--- 2026-04-27T07:10:21.745Z debug
[InspectorProxyWorker] SEND TO RUNTIME {"method":"Runtime.getIsolateId","id":100000042}
---

--- 2026-04-27T07:10:21.746Z debug
[InspectorProxyWorker] RUNTIME INCOMING MESSAGE { id: 100000042, result: { id: '694fd8a5987a2d9d' } }
---

--- 2026-04-27T07:10:34.004Z debug
[InspectorProxyWorker] SEND TO RUNTIME {"method":"Runtime.getIsolateId","id":100000043}
---

--- 2026-04-27T07:10:34.005Z debug
[InspectorProxyWorker] RUNTIME INCOMING MESSAGE { id: 100000043, result: { id: '694fd8a5987a2d9d' } }
---

--- 2026-04-27T07:10:41.743Z debug
[InspectorProxyWorker] SEND TO RUNTIME {"method":"Runtime.getIsolateId","id":100000044}
---

--- 2026-04-27T07:10:41.744Z debug
[InspectorProxyWorker] RUNTIME INCOMING MESSAGE { id: 100000044, result: { id: '694fd8a5987a2d9d' } }
---

--- 2026-04-27T07:10:51.743Z debug
[InspectorProxyWorker] SEND TO RUNTIME {"method":"Runtime.getIsolateId","id":100000045}
---

--- 2026-04-27T07:10:51.744Z debug
[InspectorProxyWorker] RUNTIME INCOMING MESSAGE { id: 100000045, result: { id: '694fd8a5987a2d9d' } }
---

--- 2026-04-27T07:11:01.747Z debug
[InspectorProxyWorker] SEND TO RUNTIME {"method":"Runtime.getIsolateId","id":100000046}
---

--- 2026-04-27T07:11:01.748Z debug
[InspectorProxyWorker] RUNTIME INCOMING MESSAGE { id: 100000046, result: { id: '694fd8a5987a2d9d' } }
---

--- 2026-04-27T07:11:13.977Z debug
[InspectorProxyWorker] SEND TO RUNTIME {"method":"Runtime.getIsolateId","id":100000047}
---

--- 2026-04-27T07:11:13.979Z debug
[InspectorProxyWorker] RUNTIME INCOMING MESSAGE { id: 100000047, result: { id: '694fd8a5987a2d9d' } }
---

--- 2026-04-27T07:11:21.743Z debug
[InspectorProxyWorker] SEND TO RUNTIME {"method":"Runtime.getIsolateId","id":100000048}
---

--- 2026-04-27T07:11:21.744Z debug
[InspectorProxyWorker] RUNTIME INCOMING MESSAGE { id: 100000048, result: { id: '694fd8a5987a2d9d' } }
---

--- 2026-04-27T07:11:31.745Z debug
[InspectorProxyWorker] SEND TO RUNTIME {"method":"Runtime.getIsolateId","id":100000049}
---

--- 2026-04-27T07:11:31.745Z debug
[InspectorProxyWorker] RUNTIME INCOMING MESSAGE { id: 100000049, result: { id: '694fd8a5987a2d9d' } }
---

--- 2026-04-27T07:11:44.510Z debug
[InspectorProxyWorker] SEND TO RUNTIME {"method":"Runtime.getIsolateId","id":100000050}
---

--- 2026-04-27T07:11:44.510Z debug
[InspectorProxyWorker] RUNTIME INCOMING MESSAGE { id: 100000050, result: { id: '694fd8a5987a2d9d' } }
---

--- 2026-04-27T07:11:51.743Z debug
[InspectorProxyWorker] SEND TO RUNTIME {"method":"Runtime.getIsolateId","id":100000051}
---

--- 2026-04-27T07:11:51.743Z debug
[InspectorProxyWorker] RUNTIME INCOMING MESSAGE { id: 100000051, result: { id: '694fd8a5987a2d9d' } }
---

--- 2026-04-27T07:12:01.746Z debug
[InspectorProxyWorker] SEND TO RUNTIME {"method":"Runtime.getIsolateId","id":100000052}
---

--- 2026-04-27T07:12:01.748Z debug
[InspectorProxyWorker] RUNTIME INCOMING MESSAGE { id: 100000052, result: { id: '694fd8a5987a2d9d' } }
---

--- 2026-04-27T07:12:11.745Z debug
[InspectorProxyWorker] SEND TO RUNTIME {"method":"Runtime.getIsolateId","id":100000053}
---

--- 2026-04-27T07:12:11.746Z debug
[InspectorProxyWorker] RUNTIME INCOMING MESSAGE { id: 100000053, result: { id: '694fd8a5987a2d9d' } }
---

--- 2026-04-27T07:12:25.316Z debug
[InspectorProxyWorker] SEND TO RUNTIME {"method":"Runtime.getIsolateId","id":100000054}
---

--- 2026-04-27T07:12:25.316Z debug
[InspectorProxyWorker] RUNTIME INCOMING MESSAGE { id: 100000054, result: { id: '694fd8a5987a2d9d' } }
---

--- 2026-04-27T07:12:31.743Z debug
[InspectorProxyWorker] SEND TO RUNTIME {"method":"Runtime.getIsolateId","id":100000055}
---

--- 2026-04-27T07:12:31.744Z debug
[InspectorProxyWorker] RUNTIME INCOMING MESSAGE { id: 100000055, result: { id: '694fd8a5987a2d9d' } }
---

--- 2026-04-27T07:12:41.741Z debug
[InspectorProxyWorker] SEND TO RUNTIME {"method":"Runtime.getIsolateId","id":100000056}
---

--- 2026-04-27T07:12:41.742Z debug
[InspectorProxyWorker] RUNTIME INCOMING MESSAGE { id: 100000056, result: { id: '694fd8a5987a2d9d' } }
---

--- 2026-04-27T07:12:54.147Z debug
[InspectorProxyWorker] SEND TO RUNTIME {"method":"Runtime.getIsolateId","id":100000057}
---

--- 2026-04-27T07:12:54.148Z debug
[InspectorProxyWorker] RUNTIME INCOMING MESSAGE { id: 100000057, result: { id: '694fd8a5987a2d9d' } }
---

--- 2026-04-27T07:13:01.744Z debug
[InspectorProxyWorker] SEND TO RUNTIME {"method":"Runtime.getIsolateId","id":100000058}
---

--- 2026-04-27T07:13:01.746Z debug
[InspectorProxyWorker] RUNTIME INCOMING MESSAGE { id: 100000058, result: { id: '694fd8a5987a2d9d' } }
---

--- 2026-04-27T07:13:08.891Z log
[proxy]: 4:13:08 PM [vite] (client) hmr update /src/pages/Home.tsx, /src/index.css

---

--- 2026-04-27T07:13:11.745Z debug
[InspectorProxyWorker] SEND TO RUNTIME {"method":"Runtime.getIsolateId","id":100000059}
---

--- 2026-04-27T07:13:11.745Z debug
[InspectorProxyWorker] RUNTIME INCOMING MESSAGE { id: 100000059, result: { id: '694fd8a5987a2d9d' } }
---

--- 2026-04-27T07:13:21.742Z debug
[InspectorProxyWorker] SEND TO RUNTIME {"method":"Runtime.getIsolateId","id":100000060}
---

--- 2026-04-27T07:13:21.743Z debug
[InspectorProxyWorker] RUNTIME INCOMING MESSAGE { id: 100000060, result: { id: '694fd8a5987a2d9d' } }
---

--- 2026-04-27T07:13:35.255Z debug
[InspectorProxyWorker] SEND TO RUNTIME {"method":"Runtime.getIsolateId","id":100000061}
---

--- 2026-04-27T07:13:35.256Z debug
[InspectorProxyWorker] RUNTIME INCOMING MESSAGE { id: 100000061, result: { id: '694fd8a5987a2d9d' } }
---

--- 2026-04-27T07:13:41.741Z debug
[InspectorProxyWorker] SEND TO RUNTIME {"method":"Runtime.getIsolateId","id":100000062}
---

--- 2026-04-27T07:13:41.742Z debug
[InspectorProxyWorker] RUNTIME INCOMING MESSAGE { id: 100000062, result: { id: '694fd8a5987a2d9d' } }
---

--- 2026-04-27T07:13:51.746Z debug
[InspectorProxyWorker] SEND TO RUNTIME {"method":"Runtime.getIsolateId","id":100000063}
---

--- 2026-04-27T07:13:51.747Z debug
[InspectorProxyWorker] RUNTIME INCOMING MESSAGE { id: 100000063, result: { id: '694fd8a5987a2d9d' } }
---

--- 2026-04-27T07:14:04.279Z debug
[InspectorProxyWorker] SEND TO RUNTIME {"method":"Runtime.getIsolateId","id":100000064}
---

--- 2026-04-27T07:14:04.280Z debug
[InspectorProxyWorker] RUNTIME INCOMING MESSAGE { id: 100000064, result: { id: '694fd8a5987a2d9d' } }
---

--- 2026-04-27T07:14:11.742Z debug
[InspectorProxyWorker] SEND TO RUNTIME {"method":"Runtime.getIsolateId","id":100000065}
---

--- 2026-04-27T07:14:11.743Z debug
[InspectorProxyWorker] RUNTIME INCOMING MESSAGE { id: 100000065, result: { id: '694fd8a5987a2d9d' } }
---

--- 2026-04-27T07:14:21.746Z debug
[InspectorProxyWorker] SEND TO RUNTIME {"method":"Runtime.getIsolateId","id":100000066}
---

--- 2026-04-27T07:14:21.747Z debug
[InspectorProxyWorker] RUNTIME INCOMING MESSAGE { id: 100000066, result: { id: '694fd8a5987a2d9d' } }
---

--- 2026-04-27T07:14:31.745Z debug
[InspectorProxyWorker] SEND TO RUNTIME {"method":"Runtime.getIsolateId","id":100000067}
---

--- 2026-04-27T07:14:31.746Z debug
[InspectorProxyWorker] RUNTIME INCOMING MESSAGE { id: 100000067, result: { id: '694fd8a5987a2d9d' } }
---

--- 2026-04-27T07:14:45.213Z debug
[InspectorProxyWorker] SEND TO RUNTIME {"method":"Runtime.getIsolateId","id":100000068}
---

--- 2026-04-27T07:14:45.213Z debug
[InspectorProxyWorker] RUNTIME INCOMING MESSAGE { id: 100000068, result: { id: '694fd8a5987a2d9d' } }
---

--- 2026-04-27T07:14:51.742Z debug
[InspectorProxyWorker] SEND TO RUNTIME {"method":"Runtime.getIsolateId","id":100000069}
---

--- 2026-04-27T07:14:51.743Z debug
[InspectorProxyWorker] RUNTIME INCOMING MESSAGE { id: 100000069, result: { id: '694fd8a5987a2d9d' } }
---

--- 2026-04-27T07:15:01.746Z debug
[InspectorProxyWorker] SEND TO RUNTIME {"method":"Runtime.getIsolateId","id":100000070}
---

--- 2026-04-27T07:15:01.747Z debug
[InspectorProxyWorker] RUNTIME INCOMING MESSAGE { id: 100000070, result: { id: '694fd8a5987a2d9d' } }
---

--- 2026-04-27T07:15:11.745Z debug
[InspectorProxyWorker] SEND TO RUNTIME {"method":"Runtime.getIsolateId","id":100000071}
---

--- 2026-04-27T07:15:11.746Z debug
[InspectorProxyWorker] RUNTIME INCOMING MESSAGE { id: 100000071, result: { id: '694fd8a5987a2d9d' } }
---

--- 2026-04-27T07:15:24.022Z debug
[InspectorProxyWorker] SEND TO RUNTIME {"method":"Runtime.getIsolateId","id":100000072}
---

--- 2026-04-27T07:15:24.023Z debug
[InspectorProxyWorker] RUNTIME INCOMING MESSAGE { id: 100000072, result: { id: '694fd8a5987a2d9d' } }
---

--- 2026-04-27T07:15:31.743Z debug
[InspectorProxyWorker] SEND TO RUNTIME {"method":"Runtime.getIsolateId","id":100000073}
---

--- 2026-04-27T07:15:31.744Z debug
[InspectorProxyWorker] RUNTIME INCOMING MESSAGE { id: 100000073, result: { id: '694fd8a5987a2d9d' } }
---

--- 2026-04-27T07:15:41.743Z debug
[InspectorProxyWorker] SEND TO RUNTIME {"method":"Runtime.getIsolateId","id":100000074}
---

--- 2026-04-27T07:15:41.745Z debug
[InspectorProxyWorker] RUNTIME INCOMING MESSAGE { id: 100000074, result: { id: '694fd8a5987a2d9d' } }
---

--- 2026-04-27T07:15:54.529Z log
[proxy]: 4:15:54 PM [vite] (client) hmr update /src/pages/Home.tsx, /src/index.css

---

--- 2026-04-27T07:15:55.034Z debug
[InspectorProxyWorker] SEND TO RUNTIME {"method":"Runtime.getIsolateId","id":100000075}
---

--- 2026-04-27T07:15:55.034Z debug
[InspectorProxyWorker] RUNTIME INCOMING MESSAGE { id: 100000075, result: { id: '694fd8a5987a2d9d' } }
---

--- 2026-04-27T07:16:01.743Z debug
[InspectorProxyWorker] SEND TO RUNTIME {"method":"Runtime.getIsolateId","id":100000076}
---

--- 2026-04-27T07:16:01.745Z debug
[InspectorProxyWorker] RUNTIME INCOMING MESSAGE { id: 100000076, result: { id: '694fd8a5987a2d9d' } }
---

--- 2026-04-27T07:16:11.746Z debug
[InspectorProxyWorker] SEND TO RUNTIME {"method":"Runtime.getIsolateId","id":100000077}
---

--- 2026-04-27T07:16:11.748Z debug
[InspectorProxyWorker] RUNTIME INCOMING MESSAGE { id: 100000077, result: { id: '694fd8a5987a2d9d' } }
---

--- 2026-04-27T07:16:21.745Z debug
[InspectorProxyWorker] SEND TO RUNTIME {"method":"Runtime.getIsolateId","id":100000078}
---

--- 2026-04-27T07:16:21.747Z debug
[InspectorProxyWorker] RUNTIME INCOMING MESSAGE { id: 100000078, result: { id: '694fd8a5987a2d9d' } }
---

--- 2026-04-27T07:16:34.648Z debug
[InspectorProxyWorker] SEND TO RUNTIME {"method":"Runtime.getIsolateId","id":100000079}
---

--- 2026-04-27T07:16:34.649Z debug
[InspectorProxyWorker] RUNTIME INCOMING MESSAGE { id: 100000079, result: { id: '694fd8a5987a2d9d' } }
---

--- 2026-04-27T07:16:41.743Z debug
[InspectorProxyWorker] SEND TO RUNTIME {"method":"Runtime.getIsolateId","id":100000080}
---

--- 2026-04-27T07:16:41.744Z debug
[InspectorProxyWorker] RUNTIME INCOMING MESSAGE { id: 100000080, result: { id: '694fd8a5987a2d9d' } }
---

--- 2026-04-27T07:16:51.745Z debug
[InspectorProxyWorker] SEND TO RUNTIME {"method":"Runtime.getIsolateId","id":100000081}
---

--- 2026-04-27T07:16:51.745Z debug
[InspectorProxyWorker] RUNTIME INCOMING MESSAGE { id: 100000081, result: { id: '694fd8a5987a2d9d' } }
---

--- 2026-04-27T07:17:04.917Z debug
[InspectorProxyWorker] SEND TO RUNTIME {"method":"Runtime.getIsolateId","id":100000082}
---

--- 2026-04-27T07:17:04.919Z debug
[InspectorProxyWorker] RUNTIME INCOMING MESSAGE { id: 100000082, result: { id: '694fd8a5987a2d9d' } }
---

--- 2026-04-27T07:17:07.678Z log
[proxy]: 4:17:07 PM [vite] (client) hmr update /src/pages/Home.tsx, /src/index.css

---

--- 2026-04-27T07:17:11.742Z debug
[InspectorProxyWorker] SEND TO RUNTIME {"method":"Runtime.getIsolateId","id":100000083}
---

--- 2026-04-27T07:17:11.743Z debug
[InspectorProxyWorker] RUNTIME INCOMING MESSAGE { id: 100000083, result: { id: '694fd8a5987a2d9d' } }
---

--- 2026-04-27T07:17:19.866Z log
[proxy]: 4:17:19 PM [vite] (client) hmr update /src/pages/Home.tsx, /src/index.css

---

--- 2026-04-27T07:17:21.744Z debug
[InspectorProxyWorker] SEND TO RUNTIME {"method":"Runtime.getIsolateId","id":100000084}
---

--- 2026-04-27T07:17:21.744Z debug
[InspectorProxyWorker] RUNTIME INCOMING MESSAGE { id: 100000084, result: { id: '694fd8a5987a2d9d' } }
---

--- 2026-04-27T07:17:31.745Z debug
[InspectorProxyWorker] SEND TO RUNTIME {"method":"Runtime.getIsolateId","id":100000085}
---

--- 2026-04-27T07:17:31.747Z debug
[InspectorProxyWorker] RUNTIME INCOMING MESSAGE { id: 100000085, result: { id: '694fd8a5987a2d9d' } }
---

--- 2026-04-27T07:17:44.982Z debug
[InspectorProxyWorker] SEND TO RUNTIME {"method":"Runtime.getIsolateId","id":100000086}
---

--- 2026-04-27T07:17:44.983Z debug
[InspectorProxyWorker] RUNTIME INCOMING MESSAGE { id: 100000086, result: { id: '694fd8a5987a2d9d' } }
---

--- 2026-04-27T07:17:51.742Z debug
[InspectorProxyWorker] SEND TO RUNTIME {"method":"Runtime.getIsolateId","id":100000087}
---

--- 2026-04-27T07:17:51.743Z debug
[InspectorProxyWorker] RUNTIME INCOMING MESSAGE { id: 100000087, result: { id: '694fd8a5987a2d9d' } }
---

--- 2026-04-27T07:17:54.911Z log
[proxy]: 4:17:54 PM [vite] (client) hmr update /src/pages/Home.tsx, /src/index.css

---

--- 2026-04-27T07:18:01.742Z debug
[InspectorProxyWorker] SEND TO RUNTIME {"method":"Runtime.getIsolateId","id":100000088}
---

--- 2026-04-27T07:18:01.744Z debug
[InspectorProxyWorker] RUNTIME INCOMING MESSAGE { id: 100000088, result: { id: '694fd8a5987a2d9d' } }
---

--- 2026-04-27T07:18:15.076Z debug
[InspectorProxyWorker] SEND TO RUNTIME {"method":"Runtime.getIsolateId","id":100000089}
---

--- 2026-04-27T07:18:15.078Z debug
[InspectorProxyWorker] RUNTIME INCOMING MESSAGE { id: 100000089, result: { id: '694fd8a5987a2d9d' } }
---

--- 2026-04-27T07:18:21.741Z debug
[InspectorProxyWorker] SEND TO RUNTIME {"method":"Runtime.getIsolateId","id":100000090}
---

--- 2026-04-27T07:18:21.742Z debug
[InspectorProxyWorker] RUNTIME INCOMING MESSAGE { id: 100000090, result: { id: '694fd8a5987a2d9d' } }
---

--- 2026-04-27T07:18:31.745Z debug
[InspectorProxyWorker] SEND TO RUNTIME {"method":"Runtime.getIsolateId","id":100000091}
---

--- 2026-04-27T07:18:31.746Z debug
[InspectorProxyWorker] RUNTIME INCOMING MESSAGE { id: 100000091, result: { id: '694fd8a5987a2d9d' } }
---

--- 2026-04-27T07:18:35.568Z log
[proxy]: 4:18:35 PM [vite] (client) hmr update /src/pages/Home.tsx, /src/index.css

---

--- 2026-04-27T07:18:37.811Z log
[proxy]: 4:18:37 PM [vite] (client) hmr update /src/pages/Home.tsx, /src/index.css

---

--- 2026-04-27T07:18:41.407Z log
[proxy]: 4:18:41 PM [vite] (client) hmr update /src/pages/Home.tsx, /src/index.css

---

--- 2026-04-27T07:18:41.744Z debug
[InspectorProxyWorker] SEND TO RUNTIME {"method":"Runtime.getIsolateId","id":100000092}
---

--- 2026-04-27T07:18:41.744Z debug
[InspectorProxyWorker] RUNTIME INCOMING MESSAGE { id: 100000092, result: { id: '694fd8a5987a2d9d' } }
---

--- 2026-04-27T07:18:55.266Z debug
[InspectorProxyWorker] SEND TO RUNTIME {"method":"Runtime.getIsolateId","id":100000093}
---

--- 2026-04-27T07:18:55.267Z debug
[InspectorProxyWorker] RUNTIME INCOMING MESSAGE { id: 100000093, result: { id: '694fd8a5987a2d9d' } }
---

--- 2026-04-27T07:19:01.743Z debug
[InspectorProxyWorker] SEND TO RUNTIME {"method":"Runtime.getIsolateId","id":100000094}
---

--- 2026-04-27T07:19:01.745Z debug
[InspectorProxyWorker] RUNTIME INCOMING MESSAGE { id: 100000094, result: { id: '694fd8a5987a2d9d' } }
---

--- 2026-04-27T07:19:08.370Z log
[proxy]: 4:19:08 PM [vite] (client) hmr update /src/pages/Home.tsx, /src/index.css

---

--- 2026-04-27T07:19:11.744Z debug
[InspectorProxyWorker] SEND TO RUNTIME {"method":"Runtime.getIsolateId","id":100000095}
---

--- 2026-04-27T07:19:11.745Z debug
[InspectorProxyWorker] RUNTIME INCOMING MESSAGE { id: 100000095, result: { id: '694fd8a5987a2d9d' } }
---

--- 2026-04-27T07:19:25.245Z debug
[InspectorProxyWorker] SEND TO RUNTIME {"method":"Runtime.getIsolateId","id":100000096}
---

--- 2026-04-27T07:19:25.246Z debug
[InspectorProxyWorker] RUNTIME INCOMING MESSAGE { id: 100000096, result: { id: '694fd8a5987a2d9d' } }
---

--- 2026-04-27T07:19:31.742Z debug
[InspectorProxyWorker] SEND TO RUNTIME {"method":"Runtime.getIsolateId","id":100000097}
---

--- 2026-04-27T07:19:31.743Z debug
[InspectorProxyWorker] RUNTIME INCOMING MESSAGE { id: 100000097, result: { id: '694fd8a5987a2d9d' } }
---

--- 2026-04-27T07:19:41.744Z debug
[InspectorProxyWorker] SEND TO RUNTIME {"method":"Runtime.getIsolateId","id":100000098}
---

--- 2026-04-27T07:19:41.744Z debug
[InspectorProxyWorker] RUNTIME INCOMING MESSAGE { id: 100000098, result: { id: '694fd8a5987a2d9d' } }
---

--- 2026-04-27T07:19:45.876Z debug
[InspectorProxyWorker] RUNTIME INCOMING MESSAGE {
  method: 'Network.requestWillBeSent',
  params: {
    requestId: '0',
    loaderId: '',
    request: {
      url: 'http://localhost:8788/installHook.js.map',
      method: 'GET',
      headers: [Object],
      mixedContentType: 'blockable',
      initialPriority: 'VeryLow',
      referrerPolicy: 'unsafe-url',
      isLinkPreload: false
    },
    timestamp: 3439.127,
    wallTime: 1777274385.874,
    initiator: { type: 'script', stack: [Object], lineNumber: 0 },
    type: 'Fetch'
  }
}
---

--- 2026-04-27T07:19:45.891Z debug
[InspectorProxyWorker] RUNTIME INCOMING MESSAGE {
  method: 'Network.responseReceived',
  params: {
    requestId: '0',
    timestamp: 3439.142,
    type: 'Document',
    response: {
      status: 200,
      statusText: 'OK',
      headers: [Object],
      mimeType: 'text/html',
      connectionReused: false,
      connectionId: 0,
      remotePort: 0,
      fromDiskCache: false,
      fromServiceWorker: false,
      encodedDataLength: 0,
      protocol: 'http/1.1',
      securityState: 'unknown'
    }
  }
}
---

--- 2026-04-27T07:19:45.892Z debug
[InspectorProxyWorker] RUNTIME INCOMING MESSAGE {
  method: 'Network.dataReceived',
  params: {
    requestId: '0',
    timestamp: 3439.142,
    dataLength: 635,
    encodedDataLength: 635
  }
}
---

--- 2026-04-27T07:19:45.892Z debug
[InspectorProxyWorker] RUNTIME INCOMING MESSAGE {
  method: 'Network.loadingFinished',
  params: {
    requestId: '0',
    timestamp: 3439.144,
    encodedDataLength: 635,
    cfResponse: {
      body: 'PCFkb2N0eXBlIGh0bWw+CjxodG1sIGxhbmc9ImVuIj4KICA8aGVhZD4KICAgIDxzY3JpcHQgdHlwZT0ibW9kdWxlIj5pbXBvcnQgeyBpbmplY3RJbnRvR2xvYmFsSG9vayB9IGZyb20gIi9AcmVhY3QtcmVmcmVzaCI7CmluamVjdEludG9HbG9iYWxIb29rKHdpbmRvdyk7CndpbmRvdy4kUmVmcmVzaFJlZyQgPSAoKSA9PiB7fTsKd2luZG93LiRSZWZyZXNoU2lnJCA9ICgpID0+ICh0eXBlKSA9PiB0eXBlOzwvc2NyaXB0PgoKICAgIDxzY3JpcHQgdHlwZT0ibW9kdWxlIiBzcmM9Ii9Adml0ZS9jbGllbnQiPjwvc2NyaXB0PgoKICAgIDxtZXRhIGNoYXJzZXQ9IlVURi04IiAvPgogICAgPGxpbmsgcmVsPSJpY29uIiB0eXBlPSJpbWFnZS9zdmcreG1sIiBocmVmPSIvdml0ZS5zdmciIC8+CiAgICA8bWV0YSBuYW1lPSJ2aWV3cG9ydCIgY29udGVudD0id2lkdGg9ZGV2aWNlLXdpZHRoLCBpbml0aWFsLXNjYWxlPTEuMCIgLz4KICAgIDx0aXRsZT50ZXN0LW5vdGljZS13ZWI8L3RpdGxlPgogIDwvaGVhZD4KICA8Ym9keT4KICAgIDxkaXYgaWQ9InJvb3QiPjwvZGl2PgogICAgPHNjcmlwdCB0eXBlPSJtb2R1bGUiIHNyYz0iL3NyYy9tYWluLnRzeD90PTE3NzcyNzQzNDgzNzIiPjwvc2NyaXB0PgogIDwvYm9keT4KPC9odG1sPgo=',
      base64Encoded: true
    }
  }
}
---

--- 2026-04-27T07:19:45.983Z debug
[InspectorProxyWorker] RUNTIME INCOMING MESSAGE {
  method: 'Network.requestWillBeSent',
  params: {
    requestId: '1',
    loaderId: '',
    request: {
      url: 'http://localhost:8788/vite.svg',
      method: 'GET',
      headers: [Object],
      mixedContentType: 'blockable',
      initialPriority: 'VeryLow',
      referrerPolicy: 'unsafe-url',
      isLinkPreload: false
    },
    timestamp: 3439.233,
    wallTime: 1777274385.981,
    initiator: { type: 'script', stack: [Object], lineNumber: 0 },
    type: 'Fetch'
  }
}
---

--- 2026-04-27T07:19:45.989Z debug
[InspectorProxyWorker] RUNTIME INCOMING MESSAGE {
  method: 'Network.responseReceived',
  params: {
    requestId: '1',
    timestamp: 3439.241,
    type: 'Document',
    response: {
      status: 200,
      statusText: 'OK',
      headers: [Object],
      mimeType: 'text/html',
      connectionReused: false,
      connectionId: 0,
      remotePort: 0,
      fromDiskCache: false,
      fromServiceWorker: false,
      encodedDataLength: 0,
      protocol: 'http/1.1',
      securityState: 'unknown'
    }
  }
}
---

--- 2026-04-27T07:19:45.990Z debug
[InspectorProxyWorker] RUNTIME INCOMING MESSAGE {
  method: 'Network.dataReceived',
  params: {
    requestId: '1',
    timestamp: 3439.241,
    dataLength: 635,
    encodedDataLength: 635
  }
}
---

--- 2026-04-27T07:19:45.990Z debug
[InspectorProxyWorker] RUNTIME INCOMING MESSAGE {
  method: 'Network.loadingFinished',
  params: {
    requestId: '1',
    timestamp: 3439.241,
    encodedDataLength: 635,
    cfResponse: {
      body: 'PCFkb2N0eXBlIGh0bWw+CjxodG1sIGxhbmc9ImVuIj4KICA8aGVhZD4KICAgIDxzY3JpcHQgdHlwZT0ibW9kdWxlIj5pbXBvcnQgeyBpbmplY3RJbnRvR2xvYmFsSG9vayB9IGZyb20gIi9AcmVhY3QtcmVmcmVzaCI7CmluamVjdEludG9HbG9iYWxIb29rKHdpbmRvdyk7CndpbmRvdy4kUmVmcmVzaFJlZyQgPSAoKSA9PiB7fTsKd2luZG93LiRSZWZyZXNoU2lnJCA9ICgpID0+ICh0eXBlKSA9PiB0eXBlOzwvc2NyaXB0PgoKICAgIDxzY3JpcHQgdHlwZT0ibW9kdWxlIiBzcmM9Ii9Adml0ZS9jbGllbnQiPjwvc2NyaXB0PgoKICAgIDxtZXRhIGNoYXJzZXQ9IlVURi04IiAvPgogICAgPGxpbmsgcmVsPSJpY29uIiB0eXBlPSJpbWFnZS9zdmcreG1sIiBocmVmPSIvdml0ZS5zdmciIC8+CiAgICA8bWV0YSBuYW1lPSJ2aWV3cG9ydCIgY29udGVudD0id2lkdGg9ZGV2aWNlLXdpZHRoLCBpbml0aWFsLXNjYWxlPTEuMCIgLz4KICAgIDx0aXRsZT50ZXN0LW5vdGljZS13ZWI8L3RpdGxlPgogIDwvaGVhZD4KICA8Ym9keT4KICAgIDxkaXYgaWQ9InJvb3QiPjwvZGl2PgogICAgPHNjcmlwdCB0eXBlPSJtb2R1bGUiIHNyYz0iL3NyYy9tYWluLnRzeD90PTE3NzcyNzQzNDgzNzIiPjwvc2NyaXB0PgogIDwvYm9keT4KPC9odG1sPgo=',
      base64Encoded: true
    }
  }
}
---

--- 2026-04-27T07:19:51.741Z debug
[InspectorProxyWorker] SEND TO RUNTIME {"method":"Runtime.getIsolateId","id":100000099}
---

--- 2026-04-27T07:19:51.742Z debug
[InspectorProxyWorker] RUNTIME INCOMING MESSAGE { id: 100000099, result: { id: '694fd8a5987a2d9d' } }
---

--- 2026-04-27T07:20:05.088Z debug
[InspectorProxyWorker] SEND TO RUNTIME {"method":"Runtime.getIsolateId","id":100000100}
---

--- 2026-04-27T07:20:05.090Z debug
[InspectorProxyWorker] RUNTIME INCOMING MESSAGE { id: 100000100, result: { id: '694fd8a5987a2d9d' } }
---

--- 2026-04-27T07:20:11.742Z debug
[InspectorProxyWorker] SEND TO RUNTIME {"method":"Runtime.getIsolateId","id":100000101}
---

--- 2026-04-27T07:20:11.743Z debug
[InspectorProxyWorker] RUNTIME INCOMING MESSAGE { id: 100000101, result: { id: '694fd8a5987a2d9d' } }
---

--- 2026-04-27T07:20:21.747Z debug
[InspectorProxyWorker] SEND TO RUNTIME {"method":"Runtime.getIsolateId","id":100000102}
---

--- 2026-04-27T07:20:21.747Z debug
[InspectorProxyWorker] RUNTIME INCOMING MESSAGE { id: 100000102, result: { id: '694fd8a5987a2d9d' } }
---

--- 2026-04-27T07:20:31.746Z debug
[InspectorProxyWorker] SEND TO RUNTIME {"method":"Runtime.getIsolateId","id":100000103}
---

--- 2026-04-27T07:20:31.747Z debug
[InspectorProxyWorker] RUNTIME INCOMING MESSAGE { id: 100000103, result: { id: '694fd8a5987a2d9d' } }
---

--- 2026-04-27T07:20:35.818Z debug
DevEnv teardown beginning...
---

--- 2026-04-27T07:20:35.818Z debug
ConfigController teardown beginning...
---

--- 2026-04-27T07:20:35.818Z debug
BundlerController teardown beginning...
---

--- 2026-04-27T07:20:35.823Z debug
LocalRuntimeController teardown beginning...
---

--- 2026-04-27T07:20:35.823Z log
⎔ Shutting down local server...
---

--- 2026-04-27T07:20:35.823Z debug
RemoteRuntimeController teardown beginning...
---

--- 2026-04-27T07:20:35.823Z debug
RemoteRuntimeController teardown complete
---

--- 2026-04-27T07:20:35.823Z debug
ProxyController teardown beginning...
---

--- 2026-04-27T07:20:35.823Z debug
ConfigController teardown complete
---

--- 2026-04-27T07:20:35.832Z debug
ProxyController teardown complete
---

--- 2026-04-27T07:20:35.835Z debug
LocalRuntimeController teardown complete
---
