
--- 2026-04-27T02:53:20.336Z debug
🪵  Writing logs to "/home/sora81dev/.config/.wrangler/logs/wrangler-2026-04-27_02-53-20_185.log"
---

--- 2026-04-27T02:53:20.336Z debug
.env file not found at "/home/sora81dev/kosen/test-notice/test-notice-web/.env". Continuing... For more details, refer to https://developers.cloudflare.com/workers/wrangler/system-environment-variables/
---

--- 2026-04-27T02:53:20.337Z debug
.env file not found at "/home/sora81dev/kosen/test-notice/test-notice-web/.env.local". Continuing... For more details, refer to https://developers.cloudflare.com/workers/wrangler/system-environment-variables/
---

--- 2026-04-27T02:53:20.959Z log

 ⛅️ wrangler 4.61.1 (update available 4.85.0)
─────────────────────────────────────────────
---

--- 2026-04-27T02:53:20.962Z debug
Metrics dispatcher: Posting data {"deviceId":"20b5732c-5bd8-49f2-9822-765f219bb4d8","event":"wrangler command started","timestamp":1777258400962,"properties":{"amplitude_session_id":1777258400960,"amplitude_event_id":0,"wranglerVersion":"4.61.1","wranglerMajorVersion":4,"wranglerMinorVersion":61,"wranglerPatchVersion":1,"osPlatform":"Linux","osVersion":"#1 SMP PREEMPT_DYNAMIC Thu Jun  5 18:30:46 UTC 2025","nodeVersion":24,"packageManager":"npm","isFirstUsage":true,"configFileType":"none","isCI":false,"isPagesCI":false,"isWorkersCI":false,"isInteractive":true,"hasAssets":false,"argsUsed":[],"argsCombination":"","agent":null,"sanitizedCommand":"pages dev","sanitizedArgs":{}}}
---

--- 2026-04-27T02:53:21.050Z warn
▲ [WARNING] Specifying a `-- <command>` or `--proxy` is deprecated and will be removed in a future version of Wrangler.

  Build your application to a directory and run the `wrangler pages dev <directory>` instead.
  This results in a more faithful emulation of production behavior.


---

--- 2026-04-27T02:53:21.051Z log
Running npm run vite-dev...
---

--- 2026-04-27T02:53:21.056Z log
Sleeping 5 seconds to allow proxy process to start before attempting to automatically determine port...
---

--- 2026-04-27T02:53:21.056Z log
To skip, specify the proxy port with --proxy.
---

--- 2026-04-27T02:53:21.165Z log
[proxy]: 
> test-notice-web@0.0.0 vite-dev
> vite


---

--- 2026-04-27T02:53:21.528Z log
[proxy]: 
  VITE v7.3.1  ready in 327 ms


---

--- 2026-04-27T02:53:21.528Z log
[proxy]:   ➜  Local:   http://localhost:5173/
  ➜  Network: use --host to expose

---

--- 2026-04-27T02:53:26.175Z log
Automatically determined the proxy port to be 5173.
---

--- 2026-04-27T02:53:26.177Z debug
Compiling worker to "/home/sora81dev/kosen/test-notice/test-notice-web/.wrangler/tmp/pages-wgLdbU/functionsWorker-0.565367024006402.mjs"...
---

--- 2026-04-27T02:53:26.228Z log
✨ Compiled Worker successfully
---

--- 2026-04-27T02:53:26.229Z debug
Metrics dispatcher: Posting data {"deviceId":"20b5732c-5bd8-49f2-9822-765f219bb4d8","event":"build pages functions","timestamp":1777258406229,"properties":{"category":"Workers","wranglerVersion":"4.61.1","wranglerMajorVersion":4,"wranglerMinorVersion":61,"wranglerPatchVersion":1,"os":"linux:x64","agent":null}}
---

--- 2026-04-27T02:53:26.233Z debug
setting config
---

--- 2026-04-27T02:53:26.233Z debug
Updating config... undefined undefined
---

--- 2026-04-27T02:53:26.242Z debug
local dev variables file not found at ".dev.vars". Continuing... For more details, refer to https://developers.cloudflare.com/workers/wrangler/system-environment-variables/
---

--- 2026-04-27T02:53:26.242Z debug
.env file not found at "/home/sora81dev/kosen/test-notice/test-notice-web/.env". Continuing... For more details, refer to https://developers.cloudflare.com/workers/wrangler/system-environment-variables/
---

--- 2026-04-27T02:53:26.242Z debug
.env file not found at "/home/sora81dev/kosen/test-notice/test-notice-web/.env.local". Continuing... For more details, refer to https://developers.cloudflare.com/workers/wrangler/system-environment-variables/
---

--- 2026-04-27T02:53:26.243Z debug
Error updating config Error: The directory specified by the "assets.directory" field in your configuration file does not exist:
/home/sora81dev/kosen/test-notice/test-notice-web/dist
    at getAssetsOptions (/home/sora81dev/kosen/test-notice/test-notice-web/node_modules/wrangler/wrangler-dist/cli.js:289934:11)
    at resolveConfig (/home/sora81dev/kosen/test-notice/test-notice-web/node_modules/wrangler/wrangler-dist/cli.js:291673:25)
    at process.processTicksAndRejections (node:internal/process/task_queues:104:5)
    at async #updateConfig (/home/sora81dev/kosen/test-notice/test-notice-web/node_modules/wrangler/wrangler-dist/cli.js:291929:68)
    at async setupDevEnv (/home/sora81dev/kosen/test-notice/test-notice-web/node_modules/wrangler/wrangler-dist/cli.js:297232:3)
    at async startDev (/home/sora81dev/kosen/test-notice/test-notice-web/node_modules/wrangler/wrangler-dist/cli.js:297188:7)
    at async Object.handler (/home/sora81dev/kosen/test-notice/test-notice-web/node_modules/wrangler/wrangler-dist/cli.js:229857:27)
    at async /home/sora81dev/kosen/test-notice/test-notice-web/node_modules/wrangler/wrangler-dist/cli.js:172672:26
    at async Object.handler (/home/sora81dev/kosen/test-notice/test-notice-web/node_modules/wrangler/wrangler-dist/cli.js:172625:7)
---

--- 2026-04-27T02:53:26.243Z debug
DevEnv teardown beginning...
---

--- 2026-04-27T02:53:26.243Z debug
ConfigController teardown beginning...
---

--- 2026-04-27T02:53:26.243Z debug
BundlerController teardown beginning...
---

--- 2026-04-27T02:53:26.244Z debug
LocalRuntimeController teardown beginning...
---

--- 2026-04-27T02:53:26.244Z debug
RemoteRuntimeController teardown beginning...
---

--- 2026-04-27T02:53:26.244Z debug
RemoteRuntimeController teardown complete
---

--- 2026-04-27T02:53:26.244Z debug
ProxyController teardown beginning...
---

--- 2026-04-27T02:53:26.244Z debug
ConfigController teardown complete
---

--- 2026-04-27T02:53:26.244Z debug
BundlerController teardown complete
---

--- 2026-04-27T02:53:26.244Z debug
LocalRuntimeController teardown complete
---

--- 2026-04-27T02:53:26.244Z debug
ProxyController teardown complete
---

--- 2026-04-27T02:53:26.244Z debug
DevEnv teardown complete
---

--- 2026-04-27T02:53:26.244Z debug
Metrics dispatcher: Posting data {"deviceId":"20b5732c-5bd8-49f2-9822-765f219bb4d8","event":"wrangler command errored","timestamp":1777258406244,"properties":{"amplitude_session_id":1777258400960,"amplitude_event_id":1,"wranglerVersion":"4.61.1","wranglerMajorVersion":4,"wranglerMinorVersion":61,"wranglerPatchVersion":1,"osPlatform":"Linux","osVersion":"#1 SMP PREEMPT_DYNAMIC Thu Jun  5 18:30:46 UTC 2025","nodeVersion":24,"packageManager":"npm","isFirstUsage":false,"configFileType":"none","isCI":false,"isPagesCI":false,"isWorkersCI":false,"isInteractive":true,"hasAssets":false,"argsUsed":[],"argsCombination":"","agent":null,"sanitizedCommand":"pages dev","sanitizedArgs":{},"durationMs":5906,"durationSeconds":5.906,"durationMinutes":0.09843333333333333,"errorType":"NonExistentAssetsDirError","errorMessage":"The assets directory specified does not exist"}}
---

--- 2026-04-27T02:53:26.245Z log

---

--- 2026-04-27T02:53:26.246Z error
✘ [ERROR] The directory specified by the "assets.directory" field in your configuration file does not exist:

  /home/sora81dev/kosen/test-notice/test-notice-web/dist


---

--- 2026-04-27T02:53:26.246Z debug
Error: The directory specified by the "assets.directory" field in your configuration file does not exist:
/home/sora81dev/kosen/test-notice/test-notice-web/dist
    at getAssetsOptions (/home/sora81dev/kosen/test-notice/test-notice-web/node_modules/wrangler/wrangler-dist/cli.js:289934:11)
    at resolveConfig (/home/sora81dev/kosen/test-notice/test-notice-web/node_modules/wrangler/wrangler-dist/cli.js:291673:25)
    at process.processTicksAndRejections (node:internal/process/task_queues:104:5)
    at async #updateConfig (/home/sora81dev/kosen/test-notice/test-notice-web/node_modules/wrangler/wrangler-dist/cli.js:291929:68)
    at async setupDevEnv (/home/sora81dev/kosen/test-notice/test-notice-web/node_modules/wrangler/wrangler-dist/cli.js:297232:3)
    at async startDev (/home/sora81dev/kosen/test-notice/test-notice-web/node_modules/wrangler/wrangler-dist/cli.js:297188:7)
    at async Object.handler (/home/sora81dev/kosen/test-notice/test-notice-web/node_modules/wrangler/wrangler-dist/cli.js:229857:27)
    at async /home/sora81dev/kosen/test-notice/test-notice-web/node_modules/wrangler/wrangler-dist/cli.js:172672:26
    at async Object.handler (/home/sora81dev/kosen/test-notice/test-notice-web/node_modules/wrangler/wrangler-dist/cli.js:172625:7)
---
